{"D:\\winter-study\\Frontend-05-Template\\Week 18\\parser\\src\\parser.js":{"path":"D:\\winter-study\\Frontend-05-Template\\Week 18\\parser\\src\\parser.js","statementMap":{"0":{"start":{"line":3,"column":0},"end":{"line":5,"column":3}},"1":{"start":{"line":6,"column":0},"end":{"line":6,"column":30}},"2":{"start":{"line":8,"column":65},"end":{"line":8,"column":623}},"3":{"start":{"line":8,"column":132},"end":{"line":8,"column":463}},"4":{"start":{"line":8,"column":252},"end":{"line":8,"column":267}},"5":{"start":{"line":8,"column":260},"end":{"line":8,"column":267}},"6":{"start":{"line":8,"column":276},"end":{"line":8,"column":277}},"7":{"start":{"line":8,"column":287},"end":{"line":8,"column":302}},"8":{"start":{"line":8,"column":304},"end":{"line":8,"column":461}},"9":{"start":{"line":8,"column":337},"end":{"line":8,"column":378}},"10":{"start":{"line":8,"column":356},"end":{"line":8,"column":378}},"11":{"start":{"line":8,"column":379},"end":{"line":8,"column":417}},"12":{"start":{"line":8,"column":441},"end":{"line":8,"column":450}},"13":{"start":{"line":8,"column":464},"end":{"line":8,"column":621}},"14":{"start":{"line":8,"column":647},"end":{"line":8,"column":651}},"15":{"start":{"line":8,"column":662},"end":{"line":8,"column":667}},"16":{"start":{"line":8,"column":674},"end":{"line":8,"column":995}},"17":{"start":{"line":8,"column":701},"end":{"line":8,"column":727}},"18":{"start":{"line":8,"column":760},"end":{"line":8,"column":769}},"19":{"start":{"line":8,"column":771},"end":{"line":8,"column":800}},"20":{"start":{"line":8,"column":801},"end":{"line":8,"column":813}},"21":{"start":{"line":8,"column":838},"end":{"line":8,"column":852}},"22":{"start":{"line":8,"column":853},"end":{"line":8,"column":863}},"23":{"start":{"line":8,"column":885},"end":{"line":8,"column":990}},"24":{"start":{"line":8,"column":891},"end":{"line":8,"column":953}},"25":{"start":{"line":8,"column":938},"end":{"line":8,"column":953}},"26":{"start":{"line":8,"column":966},"end":{"line":8,"column":988}},"27":{"start":{"line":8,"column":978},"end":{"line":8,"column":988}},"28":{"start":{"line":10,"column":35},"end":{"line":10,"column":151}},"29":{"start":{"line":12,"column":32},"end":{"line":12,"column":188}},"30":{"start":{"line":14,"column":50},"end":{"line":14,"column":65}},"31":{"start":{"line":14,"column":58},"end":{"line":14,"column":65}},"32":{"start":{"line":14,"column":66},"end":{"line":14,"column":129}},"33":{"start":{"line":14,"column":93},"end":{"line":14,"column":129}},"34":{"start":{"line":14,"column":138},"end":{"line":14,"column":184}},"35":{"start":{"line":14,"column":186},"end":{"line":14,"column":246}},"36":{"start":{"line":14,"column":223},"end":{"line":14,"column":246}},"37":{"start":{"line":14,"column":247},"end":{"line":14,"column":300}},"38":{"start":{"line":14,"column":279},"end":{"line":14,"column":300}},"39":{"start":{"line":14,"column":301},"end":{"line":14,"column":414}},"40":{"start":{"line":14,"column":378},"end":{"line":14,"column":414}},"41":{"start":{"line":16,"column":34},"end":{"line":16,"column":128}},"42":{"start":{"line":16,"column":104},"end":{"line":16,"column":128}},"43":{"start":{"line":18,"column":35},"end":{"line":18,"column":89}},"44":{"start":{"line":18,"column":59},"end":{"line":18,"column":89}},"45":{"start":{"line":20,"column":39},"end":{"line":20,"column":93}},"46":{"start":{"line":20,"column":76},"end":{"line":20,"column":93}},"47":{"start":{"line":20,"column":94},"end":{"line":20,"column":168}},"48":{"start":{"line":20,"column":107},"end":{"line":20,"column":108}},"49":{"start":{"line":20,"column":117},"end":{"line":20,"column":131}},"50":{"start":{"line":20,"column":149},"end":{"line":20,"column":166}},"51":{"start":{"line":20,"column":169},"end":{"line":20,"column":181}},"52":{"start":{"line":92,"column":10},"end":{"line":92,"column":24}},"53":{"start":{"line":94,"column":10},"end":{"line":94,"column":23}},"54":{"start":{"line":96,"column":16},"end":{"line":96,"column":29}},"55":{"start":{"line":98,"column":13},"end":{"line":98,"column":32}},"56":{"start":{"line":101,"column":19},"end":{"line":101,"column":23}},"57":{"start":{"line":102,"column":23},"end":{"line":102,"column":27}},"58":{"start":{"line":103,"column":22},"end":{"line":103,"column":26}},"59":{"start":{"line":104,"column":12},"end":{"line":107,"column":2}},"60":{"start":{"line":109,"column":12},"end":{"line":109,"column":14}},"61":{"start":{"line":112,"column":12},"end":{"line":112,"column":30}},"62":{"start":{"line":113,"column":2},"end":{"line":113,"column":61}},"63":{"start":{"line":114,"column":2},"end":{"line":114,"column":68}},"64":{"start":{"line":119,"column":2},"end":{"line":119,"column":52}},"65":{"start":{"line":119,"column":39},"end":{"line":119,"column":52}},"66":{"start":{"line":120,"column":13},"end":{"line":120,"column":17}},"67":{"start":{"line":122,"column":2},"end":{"line":134,"column":3}},"68":{"start":{"line":123,"column":4},"end":{"line":125,"column":10}},"69":{"start":{"line":124,"column":6},"end":{"line":124,"column":32}},"70":{"start":{"line":126,"column":4},"end":{"line":126,"column":70}},"71":{"start":{"line":126,"column":58},"end":{"line":126,"column":70}},"72":{"start":{"line":127,"column":9},"end":{"line":134,"column":3}},"73":{"start":{"line":128,"column":4},"end":{"line":130,"column":10}},"74":{"start":{"line":129,"column":6},"end":{"line":129,"column":35}},"75":{"start":{"line":131,"column":4},"end":{"line":131,"column":70}},"76":{"start":{"line":131,"column":58},"end":{"line":131,"column":70}},"77":{"start":{"line":133,"column":4},"end":{"line":133,"column":50}},"78":{"start":{"line":133,"column":38},"end":{"line":133,"column":50}},"79":{"start":{"line":136,"column":2},"end":{"line":136,"column":15}},"80":{"start":{"line":140,"column":10},"end":{"line":140,"column":26}},"81":{"start":{"line":141,"column":22},"end":{"line":141,"column":41}},"82":{"start":{"line":143,"column":18},"end":{"line":143,"column":59}},"83":{"start":{"line":146,"column":2},"end":{"line":162,"column":3}},"84":{"start":{"line":147,"column":4},"end":{"line":157,"column":5}},"85":{"start":{"line":148,"column":17},"end":{"line":148,"column":28}},"86":{"start":{"line":150,"column":6},"end":{"line":156,"column":7}},"87":{"start":{"line":151,"column":8},"end":{"line":151,"column":18}},"88":{"start":{"line":152,"column":13},"end":{"line":156,"column":7}},"89":{"start":{"line":153,"column":8},"end":{"line":153,"column":18}},"90":{"start":{"line":155,"column":8},"end":{"line":155,"column":18}},"91":{"start":{"line":159,"column":4},"end":{"line":159,"column":21}},"92":{"start":{"line":161,"column":4},"end":{"line":161,"column":18}},"93":{"start":{"line":164,"column":2},"end":{"line":164,"column":11}},"94":{"start":{"line":168,"column":2},"end":{"line":168,"column":46}},"95":{"start":{"line":168,"column":23},"end":{"line":168,"column":46}},"96":{"start":{"line":169,"column":2},"end":{"line":169,"column":46}},"97":{"start":{"line":169,"column":23},"end":{"line":169,"column":46}},"98":{"start":{"line":170,"column":2},"end":{"line":170,"column":46}},"99":{"start":{"line":170,"column":23},"end":{"line":170,"column":46}},"100":{"start":{"line":171,"column":2},"end":{"line":171,"column":25}},"101":{"start":{"line":175,"column":2},"end":{"line":175,"column":24}},"102":{"start":{"line":176,"column":2},"end":{"line":176,"column":51}},"103":{"start":{"line":178,"column":17},"end":{"line":178,"column":40}},"104":{"start":{"line":179,"column":2},"end":{"line":179,"column":57}},"105":{"start":{"line":179,"column":30},"end":{"line":179,"column":57}},"106":{"start":{"line":181,"column":19},"end":{"line":181,"column":52}},"107":{"start":{"line":184,"column":2},"end":{"line":239,"column":3}},"108":{"start":{"line":185,"column":4},"end":{"line":234,"column":5}},"109":{"start":{"line":186,"column":17},"end":{"line":186,"column":29}},"110":{"start":{"line":187,"column":26},"end":{"line":187,"column":64}},"111":{"start":{"line":188,"column":6},"end":{"line":188,"column":54}},"112":{"start":{"line":188,"column":45},"end":{"line":188,"column":54}},"113":{"start":{"line":189,"column":14},"end":{"line":189,"column":15}},"114":{"start":{"line":191,"column":6},"end":{"line":195,"column":7}},"115":{"start":{"line":191,"column":19},"end":{"line":191,"column":20}},"116":{"start":{"line":192,"column":8},"end":{"line":194,"column":9}},"117":{"start":{"line":193,"column":10},"end":{"line":193,"column":14}},"118":{"start":{"line":197,"column":6},"end":{"line":197,"column":52}},"119":{"start":{"line":197,"column":37},"end":{"line":197,"column":52}},"120":{"start":{"line":199,"column":6},"end":{"line":233,"column":7}},"121":{"start":{"line":200,"column":8},"end":{"line":200,"column":63}},"122":{"start":{"line":209,"column":17},"end":{"line":209,"column":47}},"123":{"start":{"line":210,"column":28},"end":{"line":210,"column":49}},"124":{"start":{"line":212,"column":25},"end":{"line":212,"column":70}},"125":{"start":{"line":215,"column":8},"end":{"line":232,"column":9}},"126":{"start":{"line":216,"column":10},"end":{"line":227,"column":11}},"127":{"start":{"line":217,"column":30},"end":{"line":217,"column":42}},"128":{"start":{"line":218,"column":12},"end":{"line":218,"column":95}},"129":{"start":{"line":218,"column":54},"end":{"line":218,"column":95}},"130":{"start":{"line":220,"column":12},"end":{"line":226,"column":13}},"131":{"start":{"line":221,"column":14},"end":{"line":221,"column":76}},"132":{"start":{"line":222,"column":14},"end":{"line":222,"column":67}},"133":{"start":{"line":223,"column":19},"end":{"line":226,"column":13}},"134":{"start":{"line":224,"column":14},"end":{"line":224,"column":76}},"135":{"start":{"line":225,"column":14},"end":{"line":225,"column":67}},"136":{"start":{"line":229,"column":10},"end":{"line":229,"column":28}},"137":{"start":{"line":231,"column":10},"end":{"line":231,"column":25}},"138":{"start":{"line":236,"column":4},"end":{"line":236,"column":22}},"139":{"start":{"line":238,"column":4},"end":{"line":238,"column":19}},"140":{"start":{"line":243,"column":2},"end":{"line":243,"column":22}},"141":{"start":{"line":245,"column":12},"end":{"line":245,"column":35}},"142":{"start":{"line":247,"column":2},"end":{"line":295,"column":3}},"143":{"start":{"line":249,"column":18},"end":{"line":253,"column":5}},"144":{"start":{"line":254,"column":4},"end":{"line":254,"column":36}},"145":{"start":{"line":256,"column":4},"end":{"line":263,"column":5}},"146":{"start":{"line":257,"column":6},"end":{"line":262,"column":7}},"147":{"start":{"line":258,"column":8},"end":{"line":261,"column":11}},"148":{"start":{"line":265,"column":4},"end":{"line":265,"column":24}},"149":{"start":{"line":266,"column":4},"end":{"line":266,"column":31}},"150":{"start":{"line":267,"column":4},"end":{"line":267,"column":25}},"151":{"start":{"line":268,"column":4},"end":{"line":268,"column":50}},"152":{"start":{"line":268,"column":30},"end":{"line":268,"column":50}},"153":{"start":{"line":269,"column":4},"end":{"line":269,"column":27}},"154":{"start":{"line":270,"column":9},"end":{"line":295,"column":3}},"155":{"start":{"line":271,"column":4},"end":{"line":282,"column":5}},"156":{"start":{"line":272,"column":6},"end":{"line":272,"column":53}},"157":{"start":{"line":275,"column":6},"end":{"line":277,"column":7}},"158":{"start":{"line":276,"column":8},"end":{"line":276,"column":45}},"159":{"start":{"line":280,"column":6},"end":{"line":280,"column":18}},"160":{"start":{"line":281,"column":6},"end":{"line":281,"column":18}},"161":{"start":{"line":284,"column":4},"end":{"line":284,"column":27}},"162":{"start":{"line":285,"column":9},"end":{"line":295,"column":3}},"163":{"start":{"line":286,"column":4},"end":{"line":292,"column":5}},"164":{"start":{"line":287,"column":6},"end":{"line":290,"column":8}},"165":{"start":{"line":291,"column":6},"end":{"line":291,"column":41}},"166":{"start":{"line":294,"column":4},"end":{"line":294,"column":45}},"167":{"start":{"line":299,"column":2},"end":{"line":312,"column":3}},"168":{"start":{"line":300,"column":4},"end":{"line":300,"column":19}},"169":{"start":{"line":301,"column":9},"end":{"line":312,"column":3}},"170":{"start":{"line":302,"column":4},"end":{"line":304,"column":7}},"171":{"start":{"line":305,"column":4},"end":{"line":305,"column":11}},"172":{"start":{"line":307,"column":4},"end":{"line":310,"column":7}},"173":{"start":{"line":311,"column":4},"end":{"line":311,"column":16}},"174":{"start":{"line":316,"column":2},"end":{"line":326,"column":3}},"175":{"start":{"line":317,"column":4},"end":{"line":317,"column":22}},"176":{"start":{"line":318,"column":9},"end":{"line":326,"column":3}},"177":{"start":{"line":319,"column":4},"end":{"line":322,"column":6}},"178":{"start":{"line":323,"column":4},"end":{"line":323,"column":22}},"179":{"start":{"line":325,"column":4},"end":{"line":325,"column":11}},"180":{"start":{"line":330,"column":2},"end":{"line":336,"column":57}},"181":{"start":{"line":331,"column":4},"end":{"line":334,"column":6}},"182":{"start":{"line":335,"column":4},"end":{"line":335,"column":22}},"183":{"start":{"line":336,"column":9},"end":{"line":336,"column":57}},"184":{"start":{"line":336,"column":32},"end":{"line":336,"column":57}},"185":{"start":{"line":340,"column":2},"end":{"line":352,"column":3}},"186":{"start":{"line":341,"column":4},"end":{"line":341,"column":31}},"187":{"start":{"line":342,"column":9},"end":{"line":352,"column":3}},"188":{"start":{"line":343,"column":4},"end":{"line":343,"column":31}},"189":{"start":{"line":344,"column":9},"end":{"line":352,"column":3}},"190":{"start":{"line":345,"column":4},"end":{"line":345,"column":30}},"191":{"start":{"line":347,"column":4},"end":{"line":347,"column":19}},"192":{"start":{"line":348,"column":9},"end":{"line":352,"column":3}},"193":{"start":{"line":349,"column":4},"end":{"line":349,"column":16}},"194":{"start":{"line":351,"column":4},"end":{"line":351,"column":19}},"195":{"start":{"line":356,"column":2},"end":{"line":367,"column":3}},"196":{"start":{"line":357,"column":4},"end":{"line":357,"column":31}},"197":{"start":{"line":358,"column":9},"end":{"line":367,"column":3}},"198":{"start":{"line":359,"column":4},"end":{"line":359,"column":30}},"199":{"start":{"line":360,"column":9},"end":{"line":367,"column":3}},"200":{"start":{"line":362,"column":4},"end":{"line":365,"column":6}},"201":{"start":{"line":366,"column":4},"end":{"line":366,"column":28}},"202":{"start":{"line":371,"column":2},"end":{"line":378,"column":3}},"203":{"start":{"line":372,"column":4},"end":{"line":372,"column":33}},"204":{"start":{"line":373,"column":9},"end":{"line":378,"column":3}},"205":{"start":{"line":374,"column":4},"end":{"line":374,"column":32}},"206":{"start":{"line":375,"column":9},"end":{"line":378,"column":3}},"207":{"start":{"line":375,"column":33},"end":{"line":378,"column":3}},"208":{"start":{"line":376,"column":4},"end":{"line":376,"column":31}},"209":{"start":{"line":377,"column":4},"end":{"line":377,"column":25}},"210":{"start":{"line":382,"column":2},"end":{"line":391,"column":3}},"211":{"start":{"line":383,"column":4},"end":{"line":383,"column":32}},"212":{"start":{"line":384,"column":9},"end":{"line":391,"column":3}},"213":{"start":{"line":385,"column":4},"end":{"line":385,"column":38}},"214":{"start":{"line":386,"column":9},"end":{"line":391,"column":3}},"215":{"start":{"line":387,"column":4},"end":{"line":387,"column":38}},"216":{"start":{"line":388,"column":9},"end":{"line":391,"column":3}},"217":{"start":{"line":390,"column":4},"end":{"line":390,"column":37}},"218":{"start":{"line":395,"column":2},"end":{"line":401,"column":3}},"219":{"start":{"line":396,"column":4},"end":{"line":396,"column":65}},"220":{"start":{"line":397,"column":4},"end":{"line":397,"column":37}},"221":{"start":{"line":398,"column":9},"end":{"line":401,"column":3}},"222":{"start":{"line":398,"column":33},"end":{"line":401,"column":3}},"223":{"start":{"line":399,"column":4},"end":{"line":399,"column":32}},"224":{"start":{"line":400,"column":4},"end":{"line":400,"column":38}},"225":{"start":{"line":405,"column":2},"end":{"line":411,"column":3}},"226":{"start":{"line":406,"column":4},"end":{"line":406,"column":65}},"227":{"start":{"line":407,"column":4},"end":{"line":407,"column":37}},"228":{"start":{"line":408,"column":9},"end":{"line":411,"column":3}},"229":{"start":{"line":408,"column":33},"end":{"line":411,"column":3}},"230":{"start":{"line":409,"column":4},"end":{"line":409,"column":32}},"231":{"start":{"line":410,"column":4},"end":{"line":410,"column":38}},"232":{"start":{"line":415,"column":2},"end":{"line":426,"column":3}},"233":{"start":{"line":416,"column":4},"end":{"line":416,"column":31}},"234":{"start":{"line":417,"column":9},"end":{"line":426,"column":3}},"235":{"start":{"line":418,"column":4},"end":{"line":418,"column":31}},"236":{"start":{"line":419,"column":9},"end":{"line":426,"column":3}},"237":{"start":{"line":420,"column":4},"end":{"line":420,"column":65}},"238":{"start":{"line":421,"column":4},"end":{"line":421,"column":23}},"239":{"start":{"line":422,"column":4},"end":{"line":422,"column":16}},"240":{"start":{"line":423,"column":9},"end":{"line":426,"column":3}},"241":{"start":{"line":423,"column":33},"end":{"line":426,"column":3}},"242":{"start":{"line":424,"column":4},"end":{"line":424,"column":32}},"243":{"start":{"line":425,"column":4},"end":{"line":425,"column":34}},"244":{"start":{"line":430,"column":2},"end":{"line":443,"column":3}},"245":{"start":{"line":431,"column":4},"end":{"line":431,"column":65}},"246":{"start":{"line":432,"column":4},"end":{"line":432,"column":31}},"247":{"start":{"line":433,"column":9},"end":{"line":443,"column":3}},"248":{"start":{"line":434,"column":4},"end":{"line":434,"column":65}},"249":{"start":{"line":435,"column":4},"end":{"line":435,"column":31}},"250":{"start":{"line":436,"column":9},"end":{"line":443,"column":3}},"251":{"start":{"line":437,"column":4},"end":{"line":437,"column":65}},"252":{"start":{"line":438,"column":4},"end":{"line":438,"column":23}},"253":{"start":{"line":439,"column":4},"end":{"line":439,"column":16}},"254":{"start":{"line":440,"column":9},"end":{"line":443,"column":3}},"255":{"start":{"line":440,"column":33},"end":{"line":443,"column":3}},"256":{"start":{"line":440,"column":109},"end":{"line":443,"column":3}},"257":{"start":{"line":441,"column":4},"end":{"line":441,"column":32}},"258":{"start":{"line":442,"column":4},"end":{"line":442,"column":34}},"259":{"start":{"line":447,"column":2},"end":{"line":464,"column":3}},"260":{"start":{"line":448,"column":4},"end":{"line":448,"column":30}},"261":{"start":{"line":449,"column":9},"end":{"line":464,"column":3}},"262":{"start":{"line":450,"column":4},"end":{"line":450,"column":31}},"263":{"start":{"line":451,"column":9},"end":{"line":464,"column":3}},"264":{"start":{"line":452,"column":4},"end":{"line":452,"column":32}},"265":{"start":{"line":453,"column":9},"end":{"line":464,"column":3}},"266":{"start":{"line":454,"column":4},"end":{"line":454,"column":65}},"267":{"start":{"line":455,"column":4},"end":{"line":455,"column":23}},"268":{"start":{"line":456,"column":4},"end":{"line":456,"column":16}},"269":{"start":{"line":457,"column":9},"end":{"line":464,"column":3}},"270":{"start":{"line":458,"column":4},"end":{"line":458,"column":65}},"271":{"start":{"line":459,"column":4},"end":{"line":462,"column":6}},"272":{"start":{"line":463,"column":4},"end":{"line":463,"column":28}},"273":{"start":{"line":468,"column":2},"end":{"line":471,"column":36}},"274":{"start":{"line":469,"column":4},"end":{"line":469,"column":38}},"275":{"start":{"line":470,"column":4},"end":{"line":470,"column":16}},"276":{"start":{"line":471,"column":9},"end":{"line":471,"column":36}},"277":{"start":{"line":476,"column":2},"end":{"line":476,"column":21}},"278":{"start":{"line":477,"column":14},"end":{"line":477,"column":18}},"279":{"start":{"line":479,"column":19},"end":{"line":479,"column":51}},"280":{"start":{"line":482,"column":2},"end":{"line":491,"column":3}},"281":{"start":{"line":483,"column":4},"end":{"line":486,"column":5}},"282":{"start":{"line":484,"column":14},"end":{"line":484,"column":26}},"283":{"start":{"line":485,"column":6},"end":{"line":485,"column":23}},"284":{"start":{"line":488,"column":4},"end":{"line":488,"column":22}},"285":{"start":{"line":490,"column":4},"end":{"line":490,"column":19}},"286":{"start":{"line":493,"column":2},"end":{"line":493,"column":21}},"287":{"start":{"line":494,"column":2},"end":{"line":494,"column":15}}},"fnMap":{"0":{"name":"_createForOfIteratorHelper","decl":{"start":{"line":8,"column":9},"end":{"line":8,"column":35}},"loc":{"start":{"line":8,"column":55},"end":{"line":8,"column":997}},"line":8},"1":{"name":"F","decl":{"start":{"line":8,"column":296},"end":{"line":8,"column":297}},"loc":{"start":{"line":8,"column":300},"end":{"line":8,"column":302}},"line":8},"2":{"name":"n","decl":{"start":{"line":8,"column":331},"end":{"line":8,"column":332}},"loc":{"start":{"line":8,"column":335},"end":{"line":8,"column":419}},"line":8},"3":{"name":"e","decl":{"start":{"line":8,"column":433},"end":{"line":8,"column":434}},"loc":{"start":{"line":8,"column":439},"end":{"line":8,"column":452}},"line":8},"4":{"name":"s","decl":{"start":{"line":8,"column":695},"end":{"line":8,"column":696}},"loc":{"start":{"line":8,"column":699},"end":{"line":8,"column":729}},"line":8},"5":{"name":"n","decl":{"start":{"line":8,"column":743},"end":{"line":8,"column":744}},"loc":{"start":{"line":8,"column":747},"end":{"line":8,"column":815}},"line":8},"6":{"name":"e","decl":{"start":{"line":8,"column":829},"end":{"line":8,"column":830}},"loc":{"start":{"line":8,"column":836},"end":{"line":8,"column":865}},"line":8},"7":{"name":"f","decl":{"start":{"line":8,"column":879},"end":{"line":8,"column":880}},"loc":{"start":{"line":8,"column":883},"end":{"line":8,"column":992}},"line":8},"8":{"name":"_toConsumableArray","decl":{"start":{"line":10,"column":9},"end":{"line":10,"column":27}},"loc":{"start":{"line":10,"column":33},"end":{"line":10,"column":153}},"line":10},"9":{"name":"_nonIterableSpread","decl":{"start":{"line":12,"column":9},"end":{"line":12,"column":27}},"loc":{"start":{"line":12,"column":30},"end":{"line":12,"column":190}},"line":12},"10":{"name":"_unsupportedIterableToArray","decl":{"start":{"line":14,"column":9},"end":{"line":14,"column":36}},"loc":{"start":{"line":14,"column":48},"end":{"line":14,"column":416}},"line":14},"11":{"name":"_iterableToArray","decl":{"start":{"line":16,"column":9},"end":{"line":16,"column":25}},"loc":{"start":{"line":16,"column":32},"end":{"line":16,"column":130}},"line":16},"12":{"name":"_arrayWithoutHoles","decl":{"start":{"line":18,"column":9},"end":{"line":18,"column":27}},"loc":{"start":{"line":18,"column":33},"end":{"line":18,"column":91}},"line":18},"13":{"name":"_arrayLikeToArray","decl":{"start":{"line":20,"column":9},"end":{"line":20,"column":26}},"loc":{"start":{"line":20,"column":37},"end":{"line":20,"column":183}},"line":20},"14":{"name":"addCSSRules","decl":{"start":{"line":111,"column":9},"end":{"line":111,"column":20}},"loc":{"start":{"line":111,"column":30},"end":{"line":115,"column":1}},"line":111},"15":{"name":"match","decl":{"start":{"line":117,"column":9},"end":{"line":117,"column":14}},"loc":{"start":{"line":117,"column":34},"end":{"line":137,"column":1}},"line":117},"16":{"name":"(anonymous_16)","decl":{"start":{"line":123,"column":37},"end":{"line":123,"column":38}},"loc":{"start":{"line":123,"column":53},"end":{"line":125,"column":5}},"line":123},"17":{"name":"(anonymous_17)","decl":{"start":{"line":128,"column":37},"end":{"line":128,"column":38}},"loc":{"start":{"line":128,"column":53},"end":{"line":130,"column":5}},"line":128},"18":{"name":"specificity","decl":{"start":{"line":139,"column":9},"end":{"line":139,"column":20}},"loc":{"start":{"line":139,"column":31},"end":{"line":165,"column":1}},"line":139},"19":{"name":"compare","decl":{"start":{"line":167,"column":9},"end":{"line":167,"column":16}},"loc":{"start":{"line":167,"column":27},"end":{"line":172,"column":1}},"line":167},"20":{"name":"computeCSS","decl":{"start":{"line":174,"column":9},"end":{"line":174,"column":19}},"loc":{"start":{"line":174,"column":29},"end":{"line":240,"column":1}},"line":174},"21":{"name":"emit","decl":{"start":{"line":242,"column":9},"end":{"line":242,"column":13}},"loc":{"start":{"line":242,"column":21},"end":{"line":296,"column":1}},"line":242},"22":{"name":"data","decl":{"start":{"line":298,"column":9},"end":{"line":298,"column":13}},"loc":{"start":{"line":298,"column":17},"end":{"line":313,"column":1}},"line":298},"23":{"name":"tagOpen","decl":{"start":{"line":315,"column":9},"end":{"line":315,"column":16}},"loc":{"start":{"line":315,"column":20},"end":{"line":327,"column":1}},"line":315},"24":{"name":"endTagOpen","decl":{"start":{"line":329,"column":9},"end":{"line":329,"column":19}},"loc":{"start":{"line":329,"column":23},"end":{"line":337,"column":1}},"line":329},"25":{"name":"tagName","decl":{"start":{"line":339,"column":9},"end":{"line":339,"column":16}},"loc":{"start":{"line":339,"column":20},"end":{"line":353,"column":1}},"line":339},"26":{"name":"beforeAttributeName","decl":{"start":{"line":355,"column":9},"end":{"line":355,"column":28}},"loc":{"start":{"line":355,"column":32},"end":{"line":368,"column":1}},"line":355},"27":{"name":"attributeName","decl":{"start":{"line":370,"column":9},"end":{"line":370,"column":22}},"loc":{"start":{"line":370,"column":26},"end":{"line":379,"column":1}},"line":370},"28":{"name":"beforeAttributeValue","decl":{"start":{"line":381,"column":9},"end":{"line":381,"column":29}},"loc":{"start":{"line":381,"column":33},"end":{"line":392,"column":1}},"line":381},"29":{"name":"doubleQuotedAttributeValue","decl":{"start":{"line":394,"column":9},"end":{"line":394,"column":35}},"loc":{"start":{"line":394,"column":39},"end":{"line":402,"column":1}},"line":394},"30":{"name":"singleQuotedAttributeValue","decl":{"start":{"line":404,"column":9},"end":{"line":404,"column":35}},"loc":{"start":{"line":404,"column":39},"end":{"line":412,"column":1}},"line":404},"31":{"name":"afterQuotedAttributeValue","decl":{"start":{"line":414,"column":9},"end":{"line":414,"column":34}},"loc":{"start":{"line":414,"column":38},"end":{"line":427,"column":1}},"line":414},"32":{"name":"UnquotedAttributeValue","decl":{"start":{"line":429,"column":9},"end":{"line":429,"column":31}},"loc":{"start":{"line":429,"column":35},"end":{"line":444,"column":1}},"line":429},"33":{"name":"afterAttributeName","decl":{"start":{"line":446,"column":9},"end":{"line":446,"column":27}},"loc":{"start":{"line":446,"column":31},"end":{"line":465,"column":1}},"line":446},"34":{"name":"selfClosingStartTag","decl":{"start":{"line":467,"column":9},"end":{"line":467,"column":28}},"loc":{"start":{"line":467,"column":32},"end":{"line":472,"column":1}},"line":467},"35":{"name":"parseHTML","decl":{"start":{"line":475,"column":9},"end":{"line":475,"column":18}},"loc":{"start":{"line":475,"column":25},"end":{"line":495,"column":1}},"line":475}},"branchMap":{"0":{"loc":{"start":{"line":8,"column":65},"end":{"line":8,"column":623}},"type":"if","locations":[{"start":{"line":8,"column":65},"end":{"line":8,"column":623}},{"start":{"line":8,"column":65},"end":{"line":8,"column":623}}],"line":8},"1":{"loc":{"start":{"line":8,"column":69},"end":{"line":8,"column":128}},"type":"binary-expr","locations":[{"start":{"line":8,"column":69},"end":{"line":8,"column":98}},{"start":{"line":8,"column":102},"end":{"line":8,"column":128}}],"line":8},"2":{"loc":{"start":{"line":8,"column":132},"end":{"line":8,"column":463}},"type":"if","locations":[{"start":{"line":8,"column":132},"end":{"line":8,"column":463}},{"start":{"line":8,"column":132},"end":{"line":8,"column":463}}],"line":8},"3":{"loc":{"start":{"line":8,"column":136},"end":{"line":8,"column":248}},"type":"binary-expr","locations":[{"start":{"line":8,"column":136},"end":{"line":8,"column":152}},{"start":{"line":8,"column":157},"end":{"line":8,"column":192}},{"start":{"line":8,"column":197},"end":{"line":8,"column":211}},{"start":{"line":8,"column":215},"end":{"line":8,"column":216}},{"start":{"line":8,"column":220},"end":{"line":8,"column":248}}],"line":8},"4":{"loc":{"start":{"line":8,"column":252},"end":{"line":8,"column":267}},"type":"if","locations":[{"start":{"line":8,"column":252},"end":{"line":8,"column":267}},{"start":{"line":8,"column":252},"end":{"line":8,"column":267}}],"line":8},"5":{"loc":{"start":{"line":8,"column":337},"end":{"line":8,"column":378}},"type":"if","locations":[{"start":{"line":8,"column":337},"end":{"line":8,"column":378}},{"start":{"line":8,"column":337},"end":{"line":8,"column":378}}],"line":8},"6":{"loc":{"start":{"line":8,"column":891},"end":{"line":8,"column":953}},"type":"if","locations":[{"start":{"line":8,"column":891},"end":{"line":8,"column":953}},{"start":{"line":8,"column":891},"end":{"line":8,"column":953}}],"line":8},"7":{"loc":{"start":{"line":8,"column":895},"end":{"line":8,"column":936}},"type":"binary-expr","locations":[{"start":{"line":8,"column":895},"end":{"line":8,"column":912}},{"start":{"line":8,"column":916},"end":{"line":8,"column":936}}],"line":8},"8":{"loc":{"start":{"line":8,"column":966},"end":{"line":8,"column":988}},"type":"if","locations":[{"start":{"line":8,"column":966},"end":{"line":8,"column":988}},{"start":{"line":8,"column":966},"end":{"line":8,"column":988}}],"line":8},"9":{"loc":{"start":{"line":10,"column":42},"end":{"line":10,"column":150}},"type":"binary-expr","locations":[{"start":{"line":10,"column":42},"end":{"line":10,"column":65}},{"start":{"line":10,"column":69},"end":{"line":10,"column":90}},{"start":{"line":10,"column":94},"end":{"line":10,"column":126}},{"start":{"line":10,"column":130},"end":{"line":10,"column":150}}],"line":10},"10":{"loc":{"start":{"line":14,"column":50},"end":{"line":14,"column":65}},"type":"if","locations":[{"start":{"line":14,"column":50},"end":{"line":14,"column":65}},{"start":{"line":14,"column":50},"end":{"line":14,"column":65}}],"line":14},"11":{"loc":{"start":{"line":14,"column":66},"end":{"line":14,"column":129}},"type":"if","locations":[{"start":{"line":14,"column":66},"end":{"line":14,"column":129}},{"start":{"line":14,"column":66},"end":{"line":14,"column":129}}],"line":14},"12":{"loc":{"start":{"line":14,"column":186},"end":{"line":14,"column":246}},"type":"if","locations":[{"start":{"line":14,"column":186},"end":{"line":14,"column":246}},{"start":{"line":14,"column":186},"end":{"line":14,"column":246}}],"line":14},"13":{"loc":{"start":{"line":14,"column":190},"end":{"line":14,"column":221}},"type":"binary-expr","locations":[{"start":{"line":14,"column":190},"end":{"line":14,"column":204}},{"start":{"line":14,"column":208},"end":{"line":14,"column":221}}],"line":14},"14":{"loc":{"start":{"line":14,"column":247},"end":{"line":14,"column":300}},"type":"if","locations":[{"start":{"line":14,"column":247},"end":{"line":14,"column":300}},{"start":{"line":14,"column":247},"end":{"line":14,"column":300}}],"line":14},"15":{"loc":{"start":{"line":14,"column":251},"end":{"line":14,"column":277}},"type":"binary-expr","locations":[{"start":{"line":14,"column":251},"end":{"line":14,"column":262}},{"start":{"line":14,"column":266},"end":{"line":14,"column":277}}],"line":14},"16":{"loc":{"start":{"line":14,"column":301},"end":{"line":14,"column":414}},"type":"if","locations":[{"start":{"line":14,"column":301},"end":{"line":14,"column":414}},{"start":{"line":14,"column":301},"end":{"line":14,"column":414}}],"line":14},"17":{"loc":{"start":{"line":14,"column":305},"end":{"line":14,"column":376}},"type":"binary-expr","locations":[{"start":{"line":14,"column":305},"end":{"line":14,"column":322}},{"start":{"line":14,"column":326},"end":{"line":14,"column":376}}],"line":14},"18":{"loc":{"start":{"line":16,"column":34},"end":{"line":16,"column":128}},"type":"if","locations":[{"start":{"line":16,"column":34},"end":{"line":16,"column":128}},{"start":{"line":16,"column":34},"end":{"line":16,"column":128}}],"line":16},"19":{"loc":{"start":{"line":16,"column":38},"end":{"line":16,"column":102}},"type":"binary-expr","locations":[{"start":{"line":16,"column":38},"end":{"line":16,"column":67}},{"start":{"line":16,"column":71},"end":{"line":16,"column":102}}],"line":16},"20":{"loc":{"start":{"line":18,"column":35},"end":{"line":18,"column":89}},"type":"if","locations":[{"start":{"line":18,"column":35},"end":{"line":18,"column":89}},{"start":{"line":18,"column":35},"end":{"line":18,"column":89}}],"line":18},"21":{"loc":{"start":{"line":20,"column":39},"end":{"line":20,"column":93}},"type":"if","locations":[{"start":{"line":20,"column":39},"end":{"line":20,"column":93}},{"start":{"line":20,"column":39},"end":{"line":20,"column":93}}],"line":20},"22":{"loc":{"start":{"line":20,"column":43},"end":{"line":20,"column":74}},"type":"binary-expr","locations":[{"start":{"line":20,"column":43},"end":{"line":20,"column":54}},{"start":{"line":20,"column":58},"end":{"line":20,"column":74}}],"line":20},"23":{"loc":{"start":{"line":119,"column":2},"end":{"line":119,"column":52}},"type":"if","locations":[{"start":{"line":119,"column":2},"end":{"line":119,"column":52}},{"start":{"line":119,"column":2},"end":{"line":119,"column":52}}],"line":119},"24":{"loc":{"start":{"line":119,"column":6},"end":{"line":119,"column":37}},"type":"binary-expr","locations":[{"start":{"line":119,"column":6},"end":{"line":119,"column":15}},{"start":{"line":119,"column":19},"end":{"line":119,"column":37}}],"line":119},"25":{"loc":{"start":{"line":122,"column":2},"end":{"line":134,"column":3}},"type":"if","locations":[{"start":{"line":122,"column":2},"end":{"line":134,"column":3}},{"start":{"line":122,"column":2},"end":{"line":134,"column":3}}],"line":122},"26":{"loc":{"start":{"line":126,"column":4},"end":{"line":126,"column":70}},"type":"if","locations":[{"start":{"line":126,"column":4},"end":{"line":126,"column":70}},{"start":{"line":126,"column":4},"end":{"line":126,"column":70}}],"line":126},"27":{"loc":{"start":{"line":126,"column":8},"end":{"line":126,"column":56}},"type":"binary-expr","locations":[{"start":{"line":126,"column":8},"end":{"line":126,"column":12}},{"start":{"line":126,"column":16},"end":{"line":126,"column":56}}],"line":126},"28":{"loc":{"start":{"line":127,"column":9},"end":{"line":134,"column":3}},"type":"if","locations":[{"start":{"line":127,"column":9},"end":{"line":134,"column":3}},{"start":{"line":127,"column":9},"end":{"line":134,"column":3}}],"line":127},"29":{"loc":{"start":{"line":131,"column":4},"end":{"line":131,"column":70}},"type":"if","locations":[{"start":{"line":131,"column":4},"end":{"line":131,"column":70}},{"start":{"line":131,"column":4},"end":{"line":131,"column":70}}],"line":131},"30":{"loc":{"start":{"line":131,"column":8},"end":{"line":131,"column":56}},"type":"binary-expr","locations":[{"start":{"line":131,"column":8},"end":{"line":131,"column":12}},{"start":{"line":131,"column":16},"end":{"line":131,"column":56}}],"line":131},"31":{"loc":{"start":{"line":133,"column":4},"end":{"line":133,"column":50}},"type":"if","locations":[{"start":{"line":133,"column":4},"end":{"line":133,"column":50}},{"start":{"line":133,"column":4},"end":{"line":133,"column":50}}],"line":133},"32":{"loc":{"start":{"line":150,"column":6},"end":{"line":156,"column":7}},"type":"if","locations":[{"start":{"line":150,"column":6},"end":{"line":156,"column":7}},{"start":{"line":150,"column":6},"end":{"line":156,"column":7}}],"line":150},"33":{"loc":{"start":{"line":152,"column":13},"end":{"line":156,"column":7}},"type":"if","locations":[{"start":{"line":152,"column":13},"end":{"line":156,"column":7}},{"start":{"line":152,"column":13},"end":{"line":156,"column":7}}],"line":152},"34":{"loc":{"start":{"line":168,"column":2},"end":{"line":168,"column":46}},"type":"if","locations":[{"start":{"line":168,"column":2},"end":{"line":168,"column":46}},{"start":{"line":168,"column":2},"end":{"line":168,"column":46}}],"line":168},"35":{"loc":{"start":{"line":169,"column":2},"end":{"line":169,"column":46}},"type":"if","locations":[{"start":{"line":169,"column":2},"end":{"line":169,"column":46}},{"start":{"line":169,"column":2},"end":{"line":169,"column":46}}],"line":169},"36":{"loc":{"start":{"line":170,"column":2},"end":{"line":170,"column":46}},"type":"if","locations":[{"start":{"line":170,"column":2},"end":{"line":170,"column":46}},{"start":{"line":170,"column":2},"end":{"line":170,"column":46}}],"line":170},"37":{"loc":{"start":{"line":179,"column":2},"end":{"line":179,"column":57}},"type":"if","locations":[{"start":{"line":179,"column":2},"end":{"line":179,"column":57}},{"start":{"line":179,"column":2},"end":{"line":179,"column":57}}],"line":179},"38":{"loc":{"start":{"line":188,"column":6},"end":{"line":188,"column":54}},"type":"if","locations":[{"start":{"line":188,"column":6},"end":{"line":188,"column":54}},{"start":{"line":188,"column":6},"end":{"line":188,"column":54}}],"line":188},"39":{"loc":{"start":{"line":192,"column":8},"end":{"line":194,"column":9}},"type":"if","locations":[{"start":{"line":192,"column":8},"end":{"line":194,"column":9}},{"start":{"line":192,"column":8},"end":{"line":194,"column":9}}],"line":192},"40":{"loc":{"start":{"line":197,"column":6},"end":{"line":197,"column":52}},"type":"if","locations":[{"start":{"line":197,"column":6},"end":{"line":197,"column":52}},{"start":{"line":197,"column":6},"end":{"line":197,"column":52}}],"line":197},"41":{"loc":{"start":{"line":199,"column":6},"end":{"line":233,"column":7}},"type":"if","locations":[{"start":{"line":199,"column":6},"end":{"line":233,"column":7}},{"start":{"line":199,"column":6},"end":{"line":233,"column":7}}],"line":199},"42":{"loc":{"start":{"line":218,"column":12},"end":{"line":218,"column":95}},"type":"if","locations":[{"start":{"line":218,"column":12},"end":{"line":218,"column":95}},{"start":{"line":218,"column":12},"end":{"line":218,"column":95}}],"line":218},"43":{"loc":{"start":{"line":220,"column":12},"end":{"line":226,"column":13}},"type":"if","locations":[{"start":{"line":220,"column":12},"end":{"line":226,"column":13}},{"start":{"line":220,"column":12},"end":{"line":226,"column":13}}],"line":220},"44":{"loc":{"start":{"line":223,"column":19},"end":{"line":226,"column":13}},"type":"if","locations":[{"start":{"line":223,"column":19},"end":{"line":226,"column":13}},{"start":{"line":223,"column":19},"end":{"line":226,"column":13}}],"line":223},"45":{"loc":{"start":{"line":247,"column":2},"end":{"line":295,"column":3}},"type":"if","locations":[{"start":{"line":247,"column":2},"end":{"line":295,"column":3}},{"start":{"line":247,"column":2},"end":{"line":295,"column":3}}],"line":247},"46":{"loc":{"start":{"line":257,"column":6},"end":{"line":262,"column":7}},"type":"if","locations":[{"start":{"line":257,"column":6},"end":{"line":262,"column":7}},{"start":{"line":257,"column":6},"end":{"line":262,"column":7}}],"line":257},"47":{"loc":{"start":{"line":257,"column":10},"end":{"line":257,"column":41}},"type":"binary-expr","locations":[{"start":{"line":257,"column":10},"end":{"line":257,"column":22}},{"start":{"line":257,"column":26},"end":{"line":257,"column":41}}],"line":257},"48":{"loc":{"start":{"line":268,"column":4},"end":{"line":268,"column":50}},"type":"if","locations":[{"start":{"line":268,"column":4},"end":{"line":268,"column":50}},{"start":{"line":268,"column":4},"end":{"line":268,"column":50}}],"line":268},"49":{"loc":{"start":{"line":270,"column":9},"end":{"line":295,"column":3}},"type":"if","locations":[{"start":{"line":270,"column":9},"end":{"line":295,"column":3}},{"start":{"line":270,"column":9},"end":{"line":295,"column":3}}],"line":270},"50":{"loc":{"start":{"line":271,"column":4},"end":{"line":282,"column":5}},"type":"if","locations":[{"start":{"line":271,"column":4},"end":{"line":282,"column":5}},{"start":{"line":271,"column":4},"end":{"line":282,"column":5}}],"line":271},"51":{"loc":{"start":{"line":275,"column":6},"end":{"line":277,"column":7}},"type":"if","locations":[{"start":{"line":275,"column":6},"end":{"line":277,"column":7}},{"start":{"line":275,"column":6},"end":{"line":277,"column":7}}],"line":275},"52":{"loc":{"start":{"line":285,"column":9},"end":{"line":295,"column":3}},"type":"if","locations":[{"start":{"line":285,"column":9},"end":{"line":295,"column":3}},{"start":{"line":285,"column":9},"end":{"line":295,"column":3}}],"line":285},"53":{"loc":{"start":{"line":286,"column":4},"end":{"line":292,"column":5}},"type":"if","locations":[{"start":{"line":286,"column":4},"end":{"line":292,"column":5}},{"start":{"line":286,"column":4},"end":{"line":292,"column":5}}],"line":286},"54":{"loc":{"start":{"line":299,"column":2},"end":{"line":312,"column":3}},"type":"if","locations":[{"start":{"line":299,"column":2},"end":{"line":312,"column":3}},{"start":{"line":299,"column":2},"end":{"line":312,"column":3}}],"line":299},"55":{"loc":{"start":{"line":301,"column":9},"end":{"line":312,"column":3}},"type":"if","locations":[{"start":{"line":301,"column":9},"end":{"line":312,"column":3}},{"start":{"line":301,"column":9},"end":{"line":312,"column":3}}],"line":301},"56":{"loc":{"start":{"line":316,"column":2},"end":{"line":326,"column":3}},"type":"if","locations":[{"start":{"line":316,"column":2},"end":{"line":326,"column":3}},{"start":{"line":316,"column":2},"end":{"line":326,"column":3}}],"line":316},"57":{"loc":{"start":{"line":318,"column":9},"end":{"line":326,"column":3}},"type":"if","locations":[{"start":{"line":318,"column":9},"end":{"line":326,"column":3}},{"start":{"line":318,"column":9},"end":{"line":326,"column":3}}],"line":318},"58":{"loc":{"start":{"line":330,"column":2},"end":{"line":336,"column":57}},"type":"if","locations":[{"start":{"line":330,"column":2},"end":{"line":336,"column":57}},{"start":{"line":330,"column":2},"end":{"line":336,"column":57}}],"line":330},"59":{"loc":{"start":{"line":336,"column":9},"end":{"line":336,"column":57}},"type":"if","locations":[{"start":{"line":336,"column":9},"end":{"line":336,"column":57}},{"start":{"line":336,"column":9},"end":{"line":336,"column":57}}],"line":336},"60":{"loc":{"start":{"line":336,"column":32},"end":{"line":336,"column":57}},"type":"if","locations":[{"start":{"line":336,"column":32},"end":{"line":336,"column":57}},{"start":{"line":336,"column":32},"end":{"line":336,"column":57}}],"line":336},"61":{"loc":{"start":{"line":340,"column":2},"end":{"line":352,"column":3}},"type":"if","locations":[{"start":{"line":340,"column":2},"end":{"line":352,"column":3}},{"start":{"line":340,"column":2},"end":{"line":352,"column":3}}],"line":340},"62":{"loc":{"start":{"line":342,"column":9},"end":{"line":352,"column":3}},"type":"if","locations":[{"start":{"line":342,"column":9},"end":{"line":352,"column":3}},{"start":{"line":342,"column":9},"end":{"line":352,"column":3}}],"line":342},"63":{"loc":{"start":{"line":344,"column":9},"end":{"line":352,"column":3}},"type":"if","locations":[{"start":{"line":344,"column":9},"end":{"line":352,"column":3}},{"start":{"line":344,"column":9},"end":{"line":352,"column":3}}],"line":344},"64":{"loc":{"start":{"line":348,"column":9},"end":{"line":352,"column":3}},"type":"if","locations":[{"start":{"line":348,"column":9},"end":{"line":352,"column":3}},{"start":{"line":348,"column":9},"end":{"line":352,"column":3}}],"line":348},"65":{"loc":{"start":{"line":356,"column":2},"end":{"line":367,"column":3}},"type":"if","locations":[{"start":{"line":356,"column":2},"end":{"line":367,"column":3}},{"start":{"line":356,"column":2},"end":{"line":367,"column":3}}],"line":356},"66":{"loc":{"start":{"line":358,"column":9},"end":{"line":367,"column":3}},"type":"if","locations":[{"start":{"line":358,"column":9},"end":{"line":367,"column":3}},{"start":{"line":358,"column":9},"end":{"line":367,"column":3}}],"line":358},"67":{"loc":{"start":{"line":358,"column":13},"end":{"line":358,"column":48}},"type":"binary-expr","locations":[{"start":{"line":358,"column":13},"end":{"line":358,"column":22}},{"start":{"line":358,"column":26},"end":{"line":358,"column":35}},{"start":{"line":358,"column":39},"end":{"line":358,"column":48}}],"line":358},"68":{"loc":{"start":{"line":360,"column":9},"end":{"line":367,"column":3}},"type":"if","locations":[{"start":{"line":360,"column":9},"end":{"line":367,"column":3}},{"start":{"line":360,"column":9},"end":{"line":367,"column":3}}],"line":360},"69":{"loc":{"start":{"line":371,"column":2},"end":{"line":378,"column":3}},"type":"if","locations":[{"start":{"line":371,"column":2},"end":{"line":378,"column":3}},{"start":{"line":371,"column":2},"end":{"line":378,"column":3}}],"line":371},"70":{"loc":{"start":{"line":371,"column":6},"end":{"line":371,"column":63}},"type":"binary-expr","locations":[{"start":{"line":371,"column":6},"end":{"line":371,"column":24}},{"start":{"line":371,"column":28},"end":{"line":371,"column":37}},{"start":{"line":371,"column":41},"end":{"line":371,"column":50}},{"start":{"line":371,"column":54},"end":{"line":371,"column":63}}],"line":371},"71":{"loc":{"start":{"line":373,"column":9},"end":{"line":378,"column":3}},"type":"if","locations":[{"start":{"line":373,"column":9},"end":{"line":378,"column":3}},{"start":{"line":373,"column":9},"end":{"line":378,"column":3}}],"line":373},"72":{"loc":{"start":{"line":375,"column":9},"end":{"line":378,"column":3}},"type":"if","locations":[{"start":{"line":375,"column":9},"end":{"line":378,"column":3}},{"start":{"line":375,"column":9},"end":{"line":378,"column":3}}],"line":375},"73":{"loc":{"start":{"line":375,"column":33},"end":{"line":378,"column":3}},"type":"if","locations":[{"start":{"line":375,"column":33},"end":{"line":378,"column":3}},{"start":{"line":375,"column":33},"end":{"line":378,"column":3}}],"line":375},"74":{"loc":{"start":{"line":375,"column":37},"end":{"line":375,"column":73}},"type":"binary-expr","locations":[{"start":{"line":375,"column":37},"end":{"line":375,"column":47}},{"start":{"line":375,"column":51},"end":{"line":375,"column":60}},{"start":{"line":375,"column":64},"end":{"line":375,"column":73}}],"line":375},"75":{"loc":{"start":{"line":382,"column":2},"end":{"line":391,"column":3}},"type":"if","locations":[{"start":{"line":382,"column":2},"end":{"line":391,"column":3}},{"start":{"line":382,"column":2},"end":{"line":391,"column":3}}],"line":382},"76":{"loc":{"start":{"line":382,"column":6},"end":{"line":382,"column":63}},"type":"binary-expr","locations":[{"start":{"line":382,"column":6},"end":{"line":382,"column":24}},{"start":{"line":382,"column":28},"end":{"line":382,"column":37}},{"start":{"line":382,"column":41},"end":{"line":382,"column":50}},{"start":{"line":382,"column":54},"end":{"line":382,"column":63}}],"line":382},"77":{"loc":{"start":{"line":384,"column":9},"end":{"line":391,"column":3}},"type":"if","locations":[{"start":{"line":384,"column":9},"end":{"line":391,"column":3}},{"start":{"line":384,"column":9},"end":{"line":391,"column":3}}],"line":384},"78":{"loc":{"start":{"line":386,"column":9},"end":{"line":391,"column":3}},"type":"if","locations":[{"start":{"line":386,"column":9},"end":{"line":391,"column":3}},{"start":{"line":386,"column":9},"end":{"line":391,"column":3}}],"line":386},"79":{"loc":{"start":{"line":388,"column":9},"end":{"line":391,"column":3}},"type":"if","locations":[{"start":{"line":388,"column":9},"end":{"line":391,"column":3}},{"start":{"line":388,"column":9},"end":{"line":391,"column":3}}],"line":388},"80":{"loc":{"start":{"line":395,"column":2},"end":{"line":401,"column":3}},"type":"if","locations":[{"start":{"line":395,"column":2},"end":{"line":401,"column":3}},{"start":{"line":395,"column":2},"end":{"line":401,"column":3}}],"line":395},"81":{"loc":{"start":{"line":398,"column":9},"end":{"line":401,"column":3}},"type":"if","locations":[{"start":{"line":398,"column":9},"end":{"line":401,"column":3}},{"start":{"line":398,"column":9},"end":{"line":401,"column":3}}],"line":398},"82":{"loc":{"start":{"line":398,"column":33},"end":{"line":401,"column":3}},"type":"if","locations":[{"start":{"line":398,"column":33},"end":{"line":401,"column":3}},{"start":{"line":398,"column":33},"end":{"line":401,"column":3}}],"line":398},"83":{"loc":{"start":{"line":405,"column":2},"end":{"line":411,"column":3}},"type":"if","locations":[{"start":{"line":405,"column":2},"end":{"line":411,"column":3}},{"start":{"line":405,"column":2},"end":{"line":411,"column":3}}],"line":405},"84":{"loc":{"start":{"line":408,"column":9},"end":{"line":411,"column":3}},"type":"if","locations":[{"start":{"line":408,"column":9},"end":{"line":411,"column":3}},{"start":{"line":408,"column":9},"end":{"line":411,"column":3}}],"line":408},"85":{"loc":{"start":{"line":408,"column":33},"end":{"line":411,"column":3}},"type":"if","locations":[{"start":{"line":408,"column":33},"end":{"line":411,"column":3}},{"start":{"line":408,"column":33},"end":{"line":411,"column":3}}],"line":408},"86":{"loc":{"start":{"line":415,"column":2},"end":{"line":426,"column":3}},"type":"if","locations":[{"start":{"line":415,"column":2},"end":{"line":426,"column":3}},{"start":{"line":415,"column":2},"end":{"line":426,"column":3}}],"line":415},"87":{"loc":{"start":{"line":417,"column":9},"end":{"line":426,"column":3}},"type":"if","locations":[{"start":{"line":417,"column":9},"end":{"line":426,"column":3}},{"start":{"line":417,"column":9},"end":{"line":426,"column":3}}],"line":417},"88":{"loc":{"start":{"line":419,"column":9},"end":{"line":426,"column":3}},"type":"if","locations":[{"start":{"line":419,"column":9},"end":{"line":426,"column":3}},{"start":{"line":419,"column":9},"end":{"line":426,"column":3}}],"line":419},"89":{"loc":{"start":{"line":423,"column":9},"end":{"line":426,"column":3}},"type":"if","locations":[{"start":{"line":423,"column":9},"end":{"line":426,"column":3}},{"start":{"line":423,"column":9},"end":{"line":426,"column":3}}],"line":423},"90":{"loc":{"start":{"line":423,"column":33},"end":{"line":426,"column":3}},"type":"if","locations":[{"start":{"line":423,"column":33},"end":{"line":426,"column":3}},{"start":{"line":423,"column":33},"end":{"line":426,"column":3}}],"line":423},"91":{"loc":{"start":{"line":430,"column":2},"end":{"line":443,"column":3}},"type":"if","locations":[{"start":{"line":430,"column":2},"end":{"line":443,"column":3}},{"start":{"line":430,"column":2},"end":{"line":443,"column":3}}],"line":430},"92":{"loc":{"start":{"line":433,"column":9},"end":{"line":443,"column":3}},"type":"if","locations":[{"start":{"line":433,"column":9},"end":{"line":443,"column":3}},{"start":{"line":433,"column":9},"end":{"line":443,"column":3}}],"line":433},"93":{"loc":{"start":{"line":436,"column":9},"end":{"line":443,"column":3}},"type":"if","locations":[{"start":{"line":436,"column":9},"end":{"line":443,"column":3}},{"start":{"line":436,"column":9},"end":{"line":443,"column":3}}],"line":436},"94":{"loc":{"start":{"line":440,"column":9},"end":{"line":443,"column":3}},"type":"if","locations":[{"start":{"line":440,"column":9},"end":{"line":443,"column":3}},{"start":{"line":440,"column":9},"end":{"line":443,"column":3}}],"line":440},"95":{"loc":{"start":{"line":440,"column":33},"end":{"line":443,"column":3}},"type":"if","locations":[{"start":{"line":440,"column":33},"end":{"line":443,"column":3}},{"start":{"line":440,"column":33},"end":{"line":443,"column":3}}],"line":440},"96":{"loc":{"start":{"line":440,"column":37},"end":{"line":440,"column":99}},"type":"binary-expr","locations":[{"start":{"line":440,"column":37},"end":{"line":440,"column":47}},{"start":{"line":440,"column":51},"end":{"line":440,"column":60}},{"start":{"line":440,"column":64},"end":{"line":440,"column":73}},{"start":{"line":440,"column":77},"end":{"line":440,"column":86}},{"start":{"line":440,"column":90},"end":{"line":440,"column":99}}],"line":440},"97":{"loc":{"start":{"line":440,"column":109},"end":{"line":443,"column":3}},"type":"if","locations":[{"start":{"line":440,"column":109},"end":{"line":443,"column":3}},{"start":{"line":440,"column":109},"end":{"line":443,"column":3}}],"line":440},"98":{"loc":{"start":{"line":447,"column":2},"end":{"line":464,"column":3}},"type":"if","locations":[{"start":{"line":447,"column":2},"end":{"line":464,"column":3}},{"start":{"line":447,"column":2},"end":{"line":464,"column":3}}],"line":447},"99":{"loc":{"start":{"line":449,"column":9},"end":{"line":464,"column":3}},"type":"if","locations":[{"start":{"line":449,"column":9},"end":{"line":464,"column":3}},{"start":{"line":449,"column":9},"end":{"line":464,"column":3}}],"line":449},"100":{"loc":{"start":{"line":451,"column":9},"end":{"line":464,"column":3}},"type":"if","locations":[{"start":{"line":451,"column":9},"end":{"line":464,"column":3}},{"start":{"line":451,"column":9},"end":{"line":464,"column":3}}],"line":451},"101":{"loc":{"start":{"line":453,"column":9},"end":{"line":464,"column":3}},"type":"if","locations":[{"start":{"line":453,"column":9},"end":{"line":464,"column":3}},{"start":{"line":453,"column":9},"end":{"line":464,"column":3}}],"line":453},"102":{"loc":{"start":{"line":457,"column":9},"end":{"line":464,"column":3}},"type":"if","locations":[{"start":{"line":457,"column":9},"end":{"line":464,"column":3}},{"start":{"line":457,"column":9},"end":{"line":464,"column":3}}],"line":457},"103":{"loc":{"start":{"line":468,"column":2},"end":{"line":471,"column":36}},"type":"if","locations":[{"start":{"line":468,"column":2},"end":{"line":471,"column":36}},{"start":{"line":468,"column":2},"end":{"line":471,"column":36}}],"line":468},"104":{"loc":{"start":{"line":471,"column":9},"end":{"line":471,"column":36}},"type":"if","locations":[{"start":{"line":471,"column":9},"end":{"line":471,"column":36}},{"start":{"line":471,"column":9},"end":{"line":471,"column":36}}],"line":471}},"s":{"0":1,"1":1,"2":1,"3":0,"4":0,"5":0,"6":0,"7":0,"8":0,"9":0,"10":0,"11":0,"12":0,"13":0,"14":1,"15":1,"16":1,"17":1,"18":11,"19":11,"20":11,"21":0,"22":0,"23":1,"24":1,"25":0,"26":1,"27":0,"28":0,"29":0,"30":0,"31":0,"32":0,"33":0,"34":0,"35":0,"36":0,"37":0,"38":0,"39":0,"40":0,"41":0,"42":0,"43":0,"44":0,"45":0,"46":0,"47":0,"48":0,"49":0,"50":0,"51":0,"52":1,"53":1,"54":1,"55":1,"56":1,"57":1,"58":1,"59":1,"60":1,"61":0,"62":0,"63":0,"64":0,"65":0,"66":0,"67":0,"68":0,"69":0,"70":0,"71":0,"72":0,"73":0,"74":0,"75":0,"76":0,"77":0,"78":0,"79":0,"80":0,"81":0,"82":0,"83":0,"84":0,"85":0,"86":0,"87":0,"88":0,"89":0,"90":0,"91":0,"92":0,"93":0,"94":0,"95":0,"96":0,"97":0,"98":0,"99":0,"100":0,"101":0,"102":0,"103":0,"104":0,"105":0,"106":0,"107":0,"108":0,"109":0,"110":0,"111":0,"112":0,"113":0,"114":0,"115":0,"116":0,"117":0,"118":0,"119":0,"120":0,"121":0,"122":0,"123":0,"124":0,"125":0,"126":0,"127":0,"128":0,"129":0,"130":0,"131":0,"132":0,"133":0,"134":0,"135":0,"136":0,"137":0,"138":0,"139":0,"140":4,"141":4,"142":4,"143":0,"144":0,"145":0,"146":0,"147":0,"148":0,"149":0,"150":0,"151":0,"152":0,"153":0,"154":4,"155":0,"156":0,"157":0,"158":0,"159":0,"160":0,"161":0,"162":4,"163":3,"164":1,"165":1,"166":3,"167":6,"168":2,"169":4,"170":1,"171":1,"172":3,"173":3,"174":2,"175":1,"176":1,"177":1,"178":1,"179":0,"180":1,"181":1,"182":1,"183":0,"184":0,"185":4,"186":0,"187":4,"188":0,"189":4,"190":2,"191":2,"192":2,"193":2,"194":0,"195":0,"196":0,"197":0,"198":0,"199":0,"200":0,"201":0,"202":0,"203":0,"204":0,"205":0,"206":0,"207":0,"208":0,"209":0,"210":0,"211":0,"212":0,"213":0,"214":0,"215":0,"216":0,"217":0,"218":0,"219":0,"220":0,"221":0,"222":0,"223":0,"224":0,"225":0,"226":0,"227":0,"228":0,"229":0,"230":0,"231":0,"232":0,"233":0,"234":0,"235":0,"236":0,"237":0,"238":0,"239":0,"240":0,"241":0,"242":0,"243":0,"244":0,"245":0,"246":0,"247":0,"248":0,"249":0,"250":0,"251":0,"252":0,"253":0,"254":0,"255":0,"256":0,"257":0,"258":0,"259":0,"260":0,"261":0,"262":0,"263":0,"264":0,"265":0,"266":0,"267":0,"268":0,"269":0,"270":0,"271":0,"272":0,"273":0,"274":0,"275":0,"276":0,"277":1,"278":1,"279":1,"280":1,"281":1,"282":10,"283":10,"284":0,"285":1,"286":1,"287":1},"f":{"0":1,"1":0,"2":0,"3":0,"4":1,"5":11,"6":0,"7":1,"8":0,"9":0,"10":0,"11":0,"12":0,"13":0,"14":0,"15":0,"16":0,"17":0,"18":0,"19":0,"20":0,"21":4,"22":6,"23":2,"24":1,"25":4,"26":0,"27":0,"28":0,"29":0,"30":0,"31":0,"32":0,"33":0,"34":0,"35":1},"b":{"0":[0,1],"1":[1,1],"2":[0,0],"3":[0,0,0,0,0],"4":[0,0],"5":[0,0],"6":[0,1],"7":[1,0],"8":[0,1],"9":[0,0,0,0],"10":[0,0],"11":[0,0],"12":[0,0],"13":[0,0],"14":[0,0],"15":[0,0],"16":[0,0],"17":[0,0],"18":[0,0],"19":[0,0],"20":[0,0],"21":[0,0],"22":[0,0],"23":[0,0],"24":[0,0],"25":[0,0],"26":[0,0],"27":[0,0],"28":[0,0],"29":[0,0],"30":[0,0],"31":[0,0],"32":[0,0],"33":[0,0],"34":[0,0],"35":[0,0],"36":[0,0],"37":[0,0],"38":[0,0],"39":[0,0],"40":[0,0],"41":[0,0],"42":[0,0],"43":[0,0],"44":[0,0],"45":[0,4],"46":[0,0],"47":[0,0],"48":[0,0],"49":[0,4],"50":[0,0],"51":[0,0],"52":[3,1],"53":[1,2],"54":[2,4],"55":[1,3],"56":[1,1],"57":[1,0],"58":[1,0],"59":[0,0],"60":[0,0],"61":[0,4],"62":[0,4],"63":[2,2],"64":[2,0],"65":[0,0],"66":[0,0],"67":[0,0,0],"68":[0,0],"69":[0,0],"70":[0,0,0,0],"71":[0,0],"72":[0,0],"73":[0,0],"74":[0,0,0],"75":[0,0],"76":[0,0,0,0],"77":[0,0],"78":[0,0],"79":[0,0],"80":[0,0],"81":[0,0],"82":[0,0],"83":[0,0],"84":[0,0],"85":[0,0],"86":[0,0],"87":[0,0],"88":[0,0],"89":[0,0],"90":[0,0],"91":[0,0],"92":[0,0],"93":[0,0],"94":[0,0],"95":[0,0],"96":[0,0,0,0,0],"97":[0,0],"98":[0,0],"99":[0,0],"100":[0,0],"101":[0,0],"102":[0,0],"103":[0,0],"104":[0,0]},"inputSourceMap":{"version":3,"sources":["parser.js"],"names":["CSS","require","EOF","Symbol","SPACE_ERG","layout","currentToken","currentAttribute","currentTextNode","stack","type","children","rules","addCSSRules","cssText","ast","parse","console","info","JSON","stringify","push","styleSheet","match","element","selector","attribute","attr","charAt","attributes","filter","name","value","replace","tagName","specificity","p","Array","fill","selectorParts","split","part","chatAt","compare","sp1","sp2","computeCSS","elements","slice","reverse","computedStyle","rule","selectors","j","i","length","matched","sp","declarations","declaration","property","emit","token","top","parent","isSelfClosing","Error","content","pop","data","c","tagOpen","endTagOpen","beforeAttributeName","selfClosingStartTag","afterAttributeName","attributeName","beforeAttributeValue","doubleQuotedAttributeValue","singleQuotedAttributeValue","UnquotedAttributeValue","afterQuotedAttributeValue","parseHTML","html","state"],"mappings":";;;;;;;;;;;;;;;;;;;;;AAAA;AACA;AACA;AACA;AACA;AACA;AACA;AACA;AACA;AACA;AACA;AACA;AACA;AACA;AACA;AACA;AACA;AACA;AACA;AACA;AACA;AACA;AACA;AACA;AACA;AACA;AACA;AACA;AACA;AACA;AACA;AACA;AACA;AACA;AACA;AACA;AACA;AACA;AACA;AACA;AACA;AACA;AACA;AACA;AACA;AACA;AACA;AACA;AACA;AACA;AACA;AACA;AACA;AACA;AACA;AACA;AACA;AACA;AACA;AACA;AACA;AACA;AACA;AACA;AACA;AACA;AACA;AACA;AACA;AACA;AAEA,IAAMA,GAAG,GAAGC,OAAO,CAAC,KAAD,CAAnB;;AACA,IAAMC,GAAG,GAAGC,MAAM,CAAC,KAAD,CAAlB,C,CAA0B;;AAC1B,IAAMC,SAAS,GAAG,aAAlB;;AACA,IAAMC,MAAM,GAAGJ,OAAO,CAAC,UAAD,CAAtB,C,CAEA;;;AACA,IAAIK,YAAY,GAAG,IAAnB;AACA,IAAIC,gBAAgB,GAAG,IAAvB;AACA,IAAIC,eAAe,GAAG,IAAtB;AAGA,IAAIC,KAAK,GAAG,CAAC;AAACC,EAAAA,IAAI,EAAE,UAAP;AAAmBC,EAAAA,QAAQ,EAAE;AAA7B,CAAD,CAAZ,C,CAEA;;AACA,IAAIC,KAAK,GAAG,EAAZ;;AAEA,SAASC,WAAT,CAAsBC,OAAtB,EAA+B;AAC3B,MAAIC,GAAG,GAAGf,GAAG,CAACgB,KAAJ,CAAUF,OAAV,CAAV;AACAG,EAAAA,OAAO,CAACC,IAAR,CAAa,SAAb,EAAwBC,IAAI,CAACC,SAAL,CAAeL,GAAf,EAAoB,IAApB,EAA0B,MAA1B,CAAxB;AACAH,EAAAA,KAAK,CAACS,IAAN,OAAAT,KAAK,qBAASG,GAAG,CAACO,UAAJ,CAAeV,KAAxB,EAAL;AACH;;AAED,SAASW,KAAT,CAAgBC,OAAhB,EAAyBC,QAAzB,EAAmC;AAC/B;AACA,MAAI,CAACA,QAAD,IAAa,CAACD,OAAO,CAACE,SAA1B,EAAqC,OAAO,KAAP;AACrC,MAAIC,IAAI,GAAG,IAAX;;AACA,MAAIF,QAAQ,CAACG,MAAT,CAAgB,CAAhB,MAAuB,GAA3B,EAAgC;AAC5BD,IAAAA,IAAI,GAAGH,OAAO,CAACK,UAAR,CAAmBC,MAAnB,CAA0B,UAAAH,IAAI;AAAA,aAAIA,IAAI,CAACI,IAAL,KAAc,IAAlB;AAAA,KAA9B,EAAsD,CAAtD,CAAP;AACA,QAAIJ,IAAI,IAAIA,IAAI,CAACK,KAAL,KAAeP,QAAQ,CAACQ,OAAT,CAAiB,GAAjB,EAAsB,EAAtB,CAA3B,EAAsD,OAAO,IAAP;AACzD,GAHD,MAGO,IAAIR,QAAQ,CAACG,MAAT,CAAgB,CAAhB,MAAuB,GAA3B,EAAgC;AACnCD,IAAAA,IAAI,GAAGH,OAAO,CAACK,UAAR,CAAmBC,MAAnB,CAA0B,UAAAH,IAAI;AAAA,aAAIA,IAAI,CAACI,IAAL,KAAc,OAAlB;AAAA,KAA9B,EAAyD,CAAzD,CAAP;AACA,QAAIJ,IAAI,IAAIA,IAAI,CAACK,KAAL,KAAeP,QAAQ,CAACQ,OAAT,CAAiB,GAAjB,EAAsB,EAAtB,CAA3B,EAAsD,OAAO,IAAP;AACzD,GAHM,MAGA;AACH,QAAIT,OAAO,CAACU,OAAR,KAAoBT,QAAxB,EAAkC,OAAO,IAAP;AACrC;;AACD,SAAO,KAAP;AACH;;AAED,SAASU,WAAT,CAAsBV,QAAtB,EAAgC;AAC5B,MAAIW,CAAC,GAAGC,KAAK,CAAC,CAAD,CAAL,CAASC,IAAT,CAAc,CAAd,CAAR;AACA,MAAIC,aAAa,GAAGd,QAAQ,CAACe,KAAT,CAAe,GAAf,CAApB;;AAF4B,6CAGXD,aAHW;AAAA;;AAAA;AAG5B,wDAAgC;AAAA,UAAvBE,IAAuB;;AAC5B,UAAIA,IAAI,CAACC,MAAL,CAAY,CAAZ,MAAmB,GAAvB,EAA4B;AACxBN,QAAAA,CAAC,CAAC,CAAD,CAAD,IAAQ,CAAR;AACH,OAFD,MAEO,IAAIK,IAAI,CAACC,MAAL,CAAY,CAAZ,MAAmB,GAAvB,EAA4B;AAC/BN,QAAAA,CAAC,CAAC,CAAD,CAAD,IAAQ,CAAR;AACH,OAFM,MAEA;AACHA,QAAAA,CAAC,CAAC,CAAD,CAAD,IAAQ,CAAR;AACH;AACJ;AAX2B;AAAA;AAAA;AAAA;AAAA;;AAY5B,SAAOA,CAAP;AACH;;AAED,SAASO,OAAT,CAAkBC,GAAlB,EAAuBC,GAAvB,EAA4B;AACxB,MAAID,GAAG,CAAC,CAAD,CAAH,GAASC,GAAG,CAAC,CAAD,CAAhB,EACI,OAAOD,GAAG,CAAC,CAAD,CAAH,GAASC,GAAG,CAAC,CAAD,CAAnB;AACJ,MAAID,GAAG,CAAC,CAAD,CAAH,GAASC,GAAG,CAAC,CAAD,CAAhB,EACI,OAAOD,GAAG,CAAC,CAAD,CAAH,GAASC,GAAG,CAAC,CAAD,CAAnB;AACJ,MAAID,GAAG,CAAC,CAAD,CAAH,GAASC,GAAG,CAAC,CAAD,CAAhB,EACI,OAAOD,GAAG,CAAC,CAAD,CAAH,GAASC,GAAG,CAAC,CAAD,CAAnB;AACJ,SAAOD,GAAG,CAAC,CAAD,CAAH,GAASC,GAAG,CAAC,CAAD,CAAnB;AACH;;AAED,SAASC,UAAT,CAAqBtB,OAArB,EAA8B;AAC1BP,EAAAA,OAAO,CAACC,IAAR,CAAaM,OAAb;AACAP,EAAAA,OAAO,CAACC,IAAR,CAAa,yBAAb,EAAwCM,OAAxC,EAF0B,CAG1B;;AACA,MAAIuB,QAAQ,GAAGtC,KAAK,CAACuC,KAAN,GAAcC,OAAd,EAAf;AACA,MAAI,CAACzB,OAAO,CAAC0B,aAAb,EACI1B,OAAO,CAAC0B,aAAR,GAAwB,EAAxB;;AANsB,8CAQTtC,KARS;AAAA;;AAAA;AAQ1B,2DAAwB;AAAA,UAAfuC,IAAe;AACpB,UAAIZ,aAAa,GAAGY,IAAI,CAACC,SAAL,CAAe,CAAf,EAAkBZ,KAAlB,CAAwB,GAAxB,EAA6BS,OAA7B,EAApB;AAEA,UAAI,CAAC1B,KAAK,CAACC,OAAD,EAAUe,aAAa,CAAC,CAAD,CAAvB,CAAV,EACI;AAEJ,UAAIc,CAAC,GAAG,CAAR;;AACA,WAAK,IAAIC,CAAC,GAAG,CAAb,EAAgBA,CAAC,GAAGP,QAAQ,CAACQ,MAA7B,EAAqCD,CAAC,EAAtC,EAA0C;AACtC,YAAI/B,KAAK,CAACwB,QAAQ,CAACO,CAAD,CAAT,EAAcf,aAAa,CAACc,CAAD,CAA3B,CAAT,EAA0C;AACtCA,UAAAA,CAAC;AACJ;AACJ;;AAED,UAAIA,CAAC,IAAId,aAAa,CAACgB,MAAvB,EAA+BC,OAAO,GAAG,IAAV;;AAE/B,UAAIA,OAAJ,EAAa;AACTvC,QAAAA,OAAO,CAACC,IAAR,CAAa,SAAb,EAAwBM,OAAxB,EAAiC,cAAjC,EAAiD2B,IAAjD,EADS,CAET;AACA;AACA;AACA;AACA;AACA;AACA;AACA;;AAEA,YAAIM,EAAE,GAAGtB,WAAW,CAACgB,IAAI,CAACC,SAAL,CAAe,CAAf,CAAD,CAApB;AACA,YAAIF,aAAa,GAAG1B,OAAO,CAAC0B,aAA5B;;AAZS,oDAaeC,IAAI,CAACO,YAbpB;AAAA;;AAAA;AAaT,iEAA2C;AAAA,gBAAlCC,WAAkC;AACvC,gBAAI,CAACT,aAAa,CAACS,WAAW,CAACC,QAAb,CAAlB,EACIV,aAAa,CAACS,WAAW,CAACC,QAAb,CAAb,GAAsC,EAAtC;;AACJ,gBAAI,CAACV,aAAa,CAACS,WAAW,CAACC,QAAb,CAAb,CAAoCzB,WAAzC,EAAsD;AAClDe,cAAAA,aAAa,CAACS,WAAW,CAACC,QAAb,CAAb,CAAoC5B,KAApC,GAA4C2B,WAAW,CAAC3B,KAAxD;AACAkB,cAAAA,aAAa,CAACS,WAAW,CAACC,QAAb,CAAb,CAAoCzB,WAApC,GAAkDsB,EAAlD;AACH,aAHD,MAGO,IAAId,OAAO,CAACO,aAAa,CAACS,WAAW,CAACC,QAAb,CAAb,CAAoCzB,WAArC,EAAkDsB,EAAlD,CAAP,GAA+D,CAAnE,EAAsE;AACzEP,cAAAA,aAAa,CAACS,WAAW,CAACC,QAAb,CAAb,CAAoC5B,KAApC,GAA4C2B,WAAW,CAAC3B,KAAxD;AACAkB,cAAAA,aAAa,CAACS,WAAW,CAACC,QAAb,CAAb,CAAoCzB,WAApC,GAAkDsB,EAAlD;AACH;AACJ;AAvBQ;AAAA;AAAA;AAAA;AAAA;AAwBZ;AAEJ;AAjDyB;AAAA;AAAA;AAAA;AAAA;AAkD7B;;AAED,SAASI,IAAT,CAAeC,KAAf,EAAsB;AAClB7C,EAAAA,OAAO,CAACC,IAAR,CAAa4C,KAAb,EADkB,CAElB;;AACA,MAAIC,GAAG,GAAGtD,KAAK,CAACA,KAAK,CAAC8C,MAAN,GAAe,CAAhB,CAAf;;AACA,MAAIO,KAAK,CAACpD,IAAN,KAAe,UAAnB,EAA+B;AAC3B;AACA,QAAIc,OAAO,GAAG;AACVd,MAAAA,IAAI,EAAE,SADI;AAEVC,MAAAA,QAAQ,EAAE,EAFA;AAGVe,MAAAA,SAAS,EAAE;AAHD,KAAd;AAMAF,IAAAA,OAAO,CAACU,OAAR,GAAkB4B,KAAK,CAAC5B,OAAxB;;AAEA,SAAK,IAAIE,CAAT,IAAc0B,KAAd,EAAqB;AACjB,UAAI1B,CAAC,KAAK,MAAN,IAAgBA,CAAC,KAAK,SAA1B,EAAqC;AACjCZ,QAAAA,OAAO,CAACE,SAAR,CAAkBL,IAAlB,CAAuB;AACnBU,UAAAA,IAAI,EAAEK,CADa;AAEnBJ,UAAAA,KAAK,EAAE8B,KAAK,CAAC1B,CAAD;AAFO,SAAvB;AAIH;AACJ;;AAEDU,IAAAA,UAAU,CAACtB,OAAD,CAAV;AAEAuC,IAAAA,GAAG,CAACpD,QAAJ,CAAaU,IAAb,CAAkBG,OAAlB;AACAA,IAAAA,OAAO,CAACwC,MAAR,GAAiBD,GAAjB;AACA,QAAI,CAACD,KAAK,CAACG,aAAX,EACIxD,KAAK,CAACY,IAAN,CAAWG,OAAX;AACJhB,IAAAA,eAAe,GAAG,IAAlB;AACH,GA1BD,MA0BO,IAAIsD,KAAK,CAACpD,IAAN,KAAe,QAAnB,EAA6B;AAChC,QAAIqD,GAAG,CAAC7B,OAAJ,KAAgB4B,KAAK,CAAC5B,OAA1B,EAAmC;AAC/B,YAAM,IAAIgC,KAAJ,CAAU,6BAAV,CAAN;AACH,KAFD,MAEO;AACH;AACA,UAAIH,GAAG,CAAC7B,OAAJ,KAAgB,OAApB,EAA6B;AACzBrB,QAAAA,WAAW,CAACkD,GAAG,CAACpD,QAAJ,CAAa,CAAb,EAAgBwD,OAAjB,CAAX;AACH,OAJE,CAKH;;;AACA9D,MAAAA,MAAM,CAAC0D,GAAD,CAAN;AACAtD,MAAAA,KAAK,CAAC2D,GAAN;AACH;;AACD5D,IAAAA,eAAe,GAAG,IAAlB;AACH,GAbM,MAaA,IAAIsD,KAAK,CAACpD,IAAN,KAAe,MAAnB,EAA2B;AAC9B,QAAIF,eAAe,KAAK,IAAxB,EAA8B;AAC1BA,MAAAA,eAAe,GAAG;AACdE,QAAAA,IAAI,EAAE,MADQ;AAEdyD,QAAAA,OAAO,EAAE;AAFK,OAAlB;AAIAJ,MAAAA,GAAG,CAACpD,QAAJ,CAAaU,IAAb,CAAkBb,eAAlB;AACH;;AACDA,IAAAA,eAAe,CAAC2D,OAAhB,IAA2BL,KAAK,CAACK,OAAjC;AACH;AACJ;;AAED,SAASE,IAAT,CAAeC,CAAf,EAAkB;AACd,MAAIA,CAAC,KAAK,GAAV,EAAe;AACX,WAAOC,OAAP;AACH,GAFD,MAEO,IAAID,CAAC,KAAKpE,GAAV,EAAe;AAClB2D,IAAAA,IAAI,CAAC;AACDnD,MAAAA,IAAI,EAAE;AADL,KAAD,CAAJ;AAGA;AACH,GALM,MAKA;AACHmD,IAAAA,IAAI,CAAC;AACDnD,MAAAA,IAAI,EAAE,MADL;AAEDyD,MAAAA,OAAO,EAAEG;AAFR,KAAD,CAAJ;AAIA,WAAOD,IAAP;AACH;AACJ;;AAED,SAASE,OAAT,CAAiBD,CAAjB,EAAoB;AAChB,MAAIA,CAAC,KAAK,GAAV,EAAe;AACX,WAAOE,UAAP;AACH,GAFD,MAEO,IAAIF,CAAC,CAAC/C,KAAF,CAAQ,YAAR,CAAJ,EAA2B;AAC9BjB,IAAAA,YAAY,GAAG;AACXI,MAAAA,IAAI,EAAE,UADK;AAEXwB,MAAAA,OAAO,EAAE;AAFE,KAAf;AAIA,WAAOA,OAAO,CAACoC,CAAD,CAAd;AACH,GANM,MAMA;AACH;AACH;AACJ;;AAED,SAASE,UAAT,CAAqBF,CAArB,EAAwB;AACpB,MAAIA,CAAC,CAAC/C,KAAF,CAAQ,YAAR,CAAJ,EAA2B;AACvBjB,IAAAA,YAAY,GAAG;AACXI,MAAAA,IAAI,EAAE,QADK;AAEXwB,MAAAA,OAAO,EAAE;AAFE,KAAf;AAIA,WAAOA,OAAO,CAACoC,CAAD,CAAd;AACH,GAND,MAMO,IAAIA,CAAC,KAAK,GAAV,EAAe,CACrB,CADM,MACA,IAAIA,CAAC,KAAKpE,GAAV,EAAe,CACrB,CADM,MACA,CACN;AACJ;;AAED,SAASgC,OAAT,CAAiBoC,CAAjB,EAAoB;AAChB,MAAIA,CAAC,CAAC/C,KAAF,CAAQnB,SAAR,CAAJ,EAAwB;AACpB,WAAOqE,mBAAP;AACH,GAFD,MAEO,IAAIH,CAAC,KAAK,GAAV,EAAe;AAClB,WAAOI,mBAAP;AACH,GAFM,MAEA,IAAIJ,CAAC,CAAC/C,KAAF,CAAQ,YAAR,CAAJ,EAA2B;AAC9BjB,IAAAA,YAAY,CAAC4B,OAAb,IAAwBoC,CAAxB,CAD8B,CACL;;AACzB,WAAOpC,OAAP;AACH,GAHM,MAGA,IAAIoC,CAAC,KAAK,GAAV,EAAe;AAClB,WAAOD,IAAP;AACH,GAFM,MAEA;AACH,WAAOnC,OAAP;AACH;AACJ;;AAED,SAASuC,mBAAT,CAA8BH,CAA9B,EAAiC;AAC7B,MAAIA,CAAC,CAAC/C,KAAF,CAAQnB,SAAR,CAAJ,EAAwB;AACpB,WAAOqE,mBAAP;AACH,GAFD,MAEO,IAAIH,CAAC,KAAI,GAAL,IAAYA,CAAC,KAAK,GAAlB,IAAyBA,CAAC,KAAKpE,GAAnC,EAAwC;AAC3C,WAAOyE,kBAAP;AACH,GAFM,MAEA,IAAIL,CAAC,KAAK,GAAV,EAAe,CAClB;AACH,GAFM,MAEA;AACH/D,IAAAA,gBAAgB,GAAG;AACfG,MAAAA,IAAI,EAAE,EADS;AAEfsB,MAAAA,KAAK,EAAE;AAFQ,KAAnB;AAIA,WAAO4C,aAAa,CAACN,CAAD,CAApB;AACH;AACJ;;AAED,SAASM,aAAT,CAAwBN,CAAxB,EAA2B;AACvB,MAAIA,CAAC,CAAC/C,KAAF,CAAQnB,SAAR,KAAsBkE,CAAC,KAAK,GAA5B,IAAkCA,CAAC,KAAK,GAAxC,IAA8CA,CAAC,KAAKpE,GAAxD,EAA6D;AACzD,WAAOyE,kBAAkB,CAACL,CAAD,CAAzB;AACH,GAFD,MAEO,IAAIA,CAAC,KAAK,GAAV,EAAe;AAClB,WAAOO,oBAAP;AACH,GAFM,MAEA,IAAIP,CAAC,KAAK,IAAV,EAAoB,CAC1B,CADM,MACA,IAAIA,CAAC,KAAK,IAAN,IAAcA,CAAC,KAAK,GAApB,IAA2BA,CAAC,KAAK,GAArC,EAA0C,CAChD,CADM,MACA;AACH/D,IAAAA,gBAAgB,CAACwB,IAAjB,IAAyBuC,CAAzB;AACA,WAAOM,aAAP;AACH;AACJ;;AAED,SAASC,oBAAT,CAA+BP,CAA/B,EAAkC;AAC9B,MAAIA,CAAC,CAAC/C,KAAF,CAAQnB,SAAR,KAAsBkE,CAAC,KAAK,GAA5B,IAAkCA,CAAC,KAAK,GAAxC,IAA8CA,CAAC,KAAKpE,GAAxD,EAA6D;AACzD,WAAO2E,oBAAP;AACH,GAFD,MAEO,IAAIP,CAAC,KAAK,IAAV,EAAgB;AACnB,WAAOQ,0BAAP;AACH,GAFM,MAEA,IAAIR,CAAC,KAAK,IAAV,EAAgB;AACnB,WAAOS,0BAAP;AACH,GAFM,MAEA,IAAIT,CAAC,KAAK,GAAV,EAAe,CAClB;AACH,GAFM,MAEA;AACH,WAAOU,sBAAsB,CAACV,CAAD,CAA7B;AACH;AACJ;;AAED,SAASQ,0BAAT,CAAqCR,CAArC,EAAwC;AACpC,MAAIA,CAAC,KAAK,IAAV,EAAgB;AACZhE,IAAAA,YAAY,CAACC,gBAAgB,CAACwB,IAAlB,CAAZ,GAAsCxB,gBAAgB,CAACyB,KAAvD;AACA,WAAOiD,yBAAP;AACH,GAHD,MAGO,IAAIX,CAAC,KAAK,IAAV,EAAoB,CAC1B,CADM,MACA,IAAIA,CAAC,KAAKpE,GAAV,EAAe,CACrB,CADM,MACA;AACHK,IAAAA,gBAAgB,CAACyB,KAAjB,IAA0BsC,CAA1B;AACA,WAAOQ,0BAAP;AACH;AACJ;;AACD,SAASC,0BAAT,CAAqCT,CAArC,EAAwC;AACpC,MAAIA,CAAC,KAAK,IAAV,EAAgB;AACZhE,IAAAA,YAAY,CAACC,gBAAgB,CAACwB,IAAlB,CAAZ,GAAsCxB,gBAAgB,CAACyB,KAAvD;AACA,WAAOiD,yBAAP;AACH,GAHD,MAGO,IAAIX,CAAC,KAAK,IAAV,EAAoB,CAC1B,CADM,MACA,IAAIA,CAAC,KAAKpE,GAAV,EAAe,CACrB,CADM,MACA;AACHK,IAAAA,gBAAgB,CAACyB,KAAjB,IAA0BsC,CAA1B;AACA,WAAOS,0BAAP;AACH;AACJ;;AAED,SAASE,yBAAT,CAAoCX,CAApC,EAAuC;AACnC,MAAIA,CAAC,CAAC/C,KAAF,CAAQnB,SAAR,CAAJ,EAAwB;AACpB,WAAOqE,mBAAP;AACH,GAFD,MAEO,IAAIH,CAAC,KAAK,GAAV,EAAe;AAClB,WAAOI,mBAAP;AACH,GAFM,MAEA,IAAIJ,CAAC,KAAK,GAAV,EAAe;AAClBhE,IAAAA,YAAY,CAACC,gBAAgB,CAACwB,IAAlB,CAAZ,GAAsCxB,gBAAgB,CAACyB,KAAvD;AACA6B,IAAAA,IAAI,CAACvD,YAAD,CAAJ;AACA,WAAO+D,IAAP;AACH,GAJM,MAIA,IAAIC,CAAC,KAAK,IAAV,EAAoB,CAC1B,CADM,MACA,IAAIA,CAAC,KAAKpE,GAAV,EAAe,CACrB,CADM,MACA;AACHK,IAAAA,gBAAgB,CAACyB,KAAjB,IAA0BsC,CAA1B;AACA,WAAOU,sBAAP;AACH;AACJ;;AAED,SAASA,sBAAT,CAAiCV,CAAjC,EAAoC;AAChC,MAAIA,CAAC,CAAC/C,KAAF,CAAQnB,SAAR,CAAJ,EAAwB;AACpBE,IAAAA,YAAY,CAACC,gBAAgB,CAACwB,IAAlB,CAAZ,GAAsCxB,gBAAgB,CAACyB,KAAvD;AACA,WAAOyC,mBAAP;AACH,GAHD,MAGO,IAAIH,CAAC,KAAK,GAAV,EAAe;AAClBhE,IAAAA,YAAY,CAACC,gBAAgB,CAACwB,IAAlB,CAAZ,GAAsCxB,gBAAgB,CAACyB,KAAvD;AACA,WAAO0C,mBAAP;AACH,GAHM,MAGA,IAAIJ,CAAC,KAAK,GAAV,EAAe;AAClBhE,IAAAA,YAAY,CAACC,gBAAgB,CAACwB,IAAlB,CAAZ,GAAsCxB,gBAAgB,CAACyB,KAAvD;AACA6B,IAAAA,IAAI,CAACvD,YAAD,CAAJ;AACA,WAAO+D,IAAP;AACH,GAJM,MAIA,IAAIC,CAAC,KAAK,IAAV,EAAoB,CAC1B,CADM,MACA,IAAIA,CAAC,KAAK,IAAN,IAAcA,CAAC,KAAK,GAApB,IAA2BA,CAAC,KAAK,GAAjC,IAAwCA,CAAC,KAAK,GAA9C,IAAqDA,CAAC,KAAK,GAA/D,EAAoE,CAC1E,CADM,MACA,IAAIA,CAAC,KAAKpE,GAAV,EAAe,CACrB,CADM,MACA;AACHK,IAAAA,gBAAgB,CAACyB,KAAjB,IAA0BsC,CAA1B;AACA,WAAOU,sBAAP;AACH;AACJ;;AACD,SAASL,kBAAT,CAA6BL,CAA7B,EAAgC;AAC5B,MAAIA,CAAC,CAAC/C,KAAF,CAAQnB,SAAR,CAAJ,EAAwB;AACpB,WAAOuE,kBAAP;AACH,GAFD,MAEO,IAAIL,CAAC,KAAK,GAAV,EAAe;AAClB,WAAOI,mBAAP;AACH,GAFM,MAEA,IAAIJ,CAAC,KAAK,GAAV,EAAe;AAClB,WAAOO,oBAAP;AACH,GAFM,MAEA,IAAIP,CAAC,KAAK,GAAV,EAAe;AAClBhE,IAAAA,YAAY,CAACC,gBAAgB,CAACwB,IAAlB,CAAZ,GAAsCxB,gBAAgB,CAACyB,KAAvD;AACA6B,IAAAA,IAAI,CAACvD,YAAD,CAAJ;AACA,WAAO+D,IAAP;AACH,GAJM,MAIA,IAAIC,CAAC,KAAKpE,GAAV,EAAe,CACrB,CADM,MACA;AACHI,IAAAA,YAAY,CAACC,gBAAgB,CAACwB,IAAlB,CAAZ,GAAsCxB,gBAAgB,CAACyB,KAAvD;AACAzB,IAAAA,gBAAgB,GAAG;AACfwB,MAAAA,IAAI,EAAE,EADS;AAEfC,MAAAA,KAAK,EAAE;AAFQ,KAAnB;AAIA,WAAO4C,aAAa,CAACN,CAAD,CAApB;AACH;AACJ;;AAED,SAASI,mBAAT,CAA8BJ,CAA9B,EAAiC;AAC7B,MAAIA,CAAC,KAAK,GAAV,EAAe;AACXhE,IAAAA,YAAY,CAAC2D,aAAb,GAA6B,IAA7B;AACA,WAAOI,IAAP;AACH,GAHD,MAGO,IAAIC,CAAC,KAAK,KAAV,EAAiB,CACvB,CADM,MACA,CACN;AACJ,C,CAED;;;AACO,SAASY,SAAT,CAAoBC,IAApB,EAA0B;AAC7BlE,EAAAA,OAAO,CAACC,IAAR,CAAaiE,IAAb;AACA,MAAIC,KAAK,GAAGf,IAAZ;;AAF6B,8CAGfc,IAHe;AAAA;;AAAA;AAG7B,2DAAoB;AAAA,UAAXb,CAAW;AAChBc,MAAAA,KAAK,GAAGA,KAAK,CAACd,CAAD,CAAb;AACH;AAL4B;AAAA;AAAA;AAAA;AAAA;;AAM7Bc,EAAAA,KAAK,GAAGA,KAAK,CAAClF,GAAD,CAAb;AACA,SAAOkF,KAAP;AACH","sourceRoot":"D:\\winter-study\\Frontend-05-Template\\Week 18\\parser\\src\\","sourcesContent":["/*\r\n* HTML解析：----------------------------------------------------------------------\r\n* 第一步-parse模块的拆分\r\n*   1. parser单独拆成文件\r\n*   2. parser接收HTML文本，返回DOM树\r\n*\r\n* 第二步-使用FSM-有限状态机来实现HTML的分析:\r\n*   1. 使用FSM-有限状态机来实现HTML的分析\r\n*   2. 在HTML标准里面，已经规定了HTML的状态\r\n*   3. Toy-Browser只挑选其中一部分状态，完成一个最简版本\r\n*\r\n* 第三步-解析标签:\r\n*   1. 主要的标签有: 开始标签, 结束标签，自封闭标签\r\n*   2. 暂时忽略标签的attribute\r\n*\r\n* 第四步-创建元素:\r\n*   1. 在状态机中，除了状态迁移，我们还要加入业务逻辑\r\n*       (parser,js的业务逻辑: 创建token => 把字符加到token上 => emit token)\r\n*   2. 标签结束状态提交标签token\r\n*\r\n* 第五步-处理属性:\r\n*   1. 属性值分为单引号，双引号，无引号三种写法，因此需要较多的状态处理\r\n*   2. 处理属性的方式和标签类似\r\n*   3. 属性结束时，我们把属性加到标签Token上\r\n*\r\n* 语法分析：----------------------------------------------------------------------\r\n*\r\n* 第六步-token构建DOM树:（tree-construction的第一步）\r\n*   1. 使用栈结构从标签构建浏览器的DOM树\r\n*   2. 遇到开始标签时创建元素并入栈，遇到结束标签时出栈\r\n*   3. 子封闭节点可视为如战后立刻出栈\r\n*   4. 任何元素的父元素是它入栈前的栈顶\r\n*\r\n* 第七步-文本节点追加到DOM树:（tree-construction的第二步）\r\n*   1. 文本节点与自封闭标签处理标签\r\n*   2. 多文本节点需要合并\r\n*\r\n* CSS Computing ----------------------------------------------------------------\r\n*\r\n* 第一步-遇到style标签，把CSS规则保存起来\r\n*   1. 遇到style标签，把CSS规则保存起来\r\n*   2. 调用CSS Parser 来分析CSS规则（需要仔细研究CSS AST 格式）\r\n*\r\n* 第二步-添加调用\r\n*   1. 计算CSS时机是startTag时\r\n*   2. 当创建一个元素后，立即计算CSS\r\n*   3. 理论上，当我们分析一个元素时，所有的CSS规则已经收集完毕，但在真实的浏览器中，可能遇到写在body的style标签，需要重新CSS计算的情况，这里我们忽略\r\n*\r\n* 第三步-获取父元素序列\r\n*   1. 在ComputeCSS函数中，我们必须知道元素的所有父元素才能判断元素与规则是否匹配\r\n*   2. 我们从上一个步骤的stack，可以获取本元素的所有父元素\r\n*   3. 首先获取的是当前元素，所以计算与父元素相匹配的顺序是从内向外的\r\n*\r\n* 第四步-选择器与元素匹配\r\n*   1. 选择器也要由当前元素从内向外排列\r\n*   2. 复杂选择器拆成单个元素的选择器，用循环匹匹厄父元素队列\r\n*\r\n* 第五步-计算选择器与元素匹配\r\n*   1. 根据选择器的类型和元素属性，计算是否与当前元素匹配\r\n*   2. 实际浏览器重要处理复合选择器（实现复合选择器，实现支持空格的class选择器）\r\n*\r\n* 第六步-生成computed属性\r\n*   1. 一旦选择器匹配上，就应用选择器到元素上，形成computedStyle\r\n*\r\n* 第七步-specificity的计算逻辑\r\n*   1. CSS规则根据specificity和后来优先规则覆盖\r\n*   2. specificity是个四元组，越左权重越高\r\n*   3. 一个CSS规则的specificity根据包含的简单选择器相加而成\r\n*\r\n*  */\r\n\r\nconst CSS = require('css')\r\nconst EOF = Symbol('EOF') // End Of File\r\nconst SPACE_ERG = /^[\\t\\n\\f ]$/\r\nconst layout = require('./layout')\r\n\r\n// 全局变量， 在HTML中TAG不管多复杂，都是当作一个token去处理的\r\nlet currentToken = null\r\nlet currentAttribute = null\r\nlet currentTextNode = null\r\n\r\n\r\nlet stack = [{type: 'document', children: []}]\r\n\r\n// add new method: addCSSRules, css规则暂存在一个数组中\r\nlet rules = []\r\n\r\nfunction addCSSRules (cssText) {\r\n    var ast = CSS.parse(cssText)\r\n    console.info('css ast', JSON.stringify(ast, null, '    '))\r\n    rules.push(...ast.styleSheet.rules)\r\n}\r\n\r\nfunction match (element, selector) {\r\n    // 若没有选择器或者是文本节点\r\n    if (!selector || !element.attribute) return false\r\n    var attr = null\r\n    if (selector.charAt(0) === '#') {\r\n        attr = element.attributes.filter(attr => attr.name === 'id')[0]\r\n        if (attr && attr.value === selector.replace('#', '')) return true\r\n    } else if (selector.charAt(0) === '.') {\r\n        attr = element.attributes.filter(attr => attr.name === 'class')[0]\r\n        if (attr && attr.value === selector.replace('.', '')) return true\r\n    } else {\r\n        if (element.tagName === selector) return true\r\n    }\r\n    return false\r\n}\r\n\r\nfunction specificity (selector) {\r\n    var p = Array(4).fill(0)\r\n    var selectorParts = selector.split(' ')\r\n    for (var part of selectorParts) {\r\n        if (part.chatAt(0) === '#') {\r\n            p[1] += 1\r\n        } else if (part.chatAt(0) === '#') {\r\n            p[2] += 1\r\n        } else {\r\n            p[3] += 1\r\n        }\r\n    }\r\n    return p\r\n}\r\n\r\nfunction compare (sp1, sp2) {\r\n    if (sp1[0] - sp2[0])\r\n        return sp1[0] - sp2[0]\r\n    if (sp1[1] - sp2[1])\r\n        return sp1[1] - sp2[1]\r\n    if (sp1[2] - sp2[2])\r\n        return sp1[2] - sp2[2]\r\n    return sp1[3] - sp2[3]\r\n}\r\n\r\nfunction computeCSS (element) {\r\n    console.info(element)\r\n    console.info('Compute CSS for Element', element)\r\n    // 获取父元素序列\r\n    var elements = stack.slice().reverse()\r\n    if (!element.computedStyle)\r\n        element.computedStyle = {}\r\n\r\n    for (let rule of rules) {\r\n        var selectorParts = rule.selectors[0].split(' ').reverse()\r\n\r\n        if (!match(element, selectorParts[0]))\r\n            continue\r\n\r\n        var j = 1\r\n        for (var i = 0; i < elements.length; i++) {\r\n            if (match(elements[i], selectorParts[j])) {\r\n                j++\r\n            }\r\n        }\r\n\r\n        if (j >= selectorParts.length) matched = true\r\n\r\n        if (matched) {\r\n            console.info('Element', element, 'matched rule', rule)\r\n            // 第六步代码\r\n            // var computedStyle = element.computedStyle\r\n            // for (var declaration of rule.declarations) {\r\n            //     if (!computedStyle[declaration.property])\r\n            //         computedStyle[declaration.property] = {}\r\n            //     computedStyle[declaration.property].value = declaration.value\r\n            // }\r\n            // console.info('element.computedStyle', element.computedStyle)\r\n\r\n            var sp = specificity(rule.selectors[0])\r\n            var computedStyle = element.computedStyle\r\n            for (var declaration of rule.declarations) {\r\n                if (!computedStyle[declaration.property])\r\n                    computedStyle[declaration.property] = {}\r\n                if (!computedStyle[declaration.property].specificity) {\r\n                    computedStyle[declaration.property].value = declaration.value\r\n                    computedStyle[declaration.property].specificity = sp\r\n                } else if (compare(computedStyle[declaration.property].specificity, sp) < 0) {\r\n                    computedStyle[declaration.property].value = declaration.value\r\n                    computedStyle[declaration.property].specificity = sp\r\n                }\r\n            }\r\n        }\r\n\r\n    }\r\n}\r\n\r\nfunction emit (token) {\r\n    console.info(token)\r\n    // if (token.type === 'text') return\r\n    let top = stack[stack.length - 1]\r\n    if (token.type === 'startTag') {\r\n        // 写在html文本里面的带尖括号的叫tag，它背后表示的就是element，所以document对象里面只会有node和element不会有tag\r\n        let element = {\r\n            type: 'element',\r\n            children: [],\r\n            attribute: []\r\n        }\r\n\r\n        element.tagName = token.tagName\r\n\r\n        for (let p in token) {\r\n            if (p !== 'type' && p !== 'tagName') {\r\n                element.attribute.push({\r\n                    name: p,\r\n                    value: token[p]\r\n                })\r\n            }\r\n        }\r\n\r\n        computeCSS(element)\r\n\r\n        top.children.push(element)\r\n        element.parent = top\r\n        if (!token.isSelfClosing)\r\n            stack.push(element)\r\n        currentTextNode = null\r\n    } else if (token.type === 'endTag') {\r\n        if (top.tagName !== token.tagName) {\r\n            throw new Error('tag start end doesn`t match')\r\n        } else {\r\n            // 遇到style标签时，执行添加css规则的操作\r\n            if (top.tagName === 'style') {\r\n                addCSSRules(top.children[0].content)\r\n            }\r\n            // 排版发生在标签的结束标签之前\r\n            layout(top)\r\n            stack.pop()\r\n        }\r\n        currentTextNode = null\r\n    } else if (token.type === 'text') {\r\n        if (currentTextNode === null) {\r\n            currentTextNode = {\r\n                type: 'text',\r\n                content: ''\r\n            }\r\n            top.children.push(currentTextNode)\r\n        }\r\n        currentTextNode.content += token.content\r\n    }\r\n}\r\n\r\nfunction data (c) {\r\n    if (c === '<') {\r\n        return tagOpen\r\n    } else if (c === EOF) {\r\n        emit({\r\n            type: 'EOF'\r\n        })\r\n        return\r\n    } else {\r\n        emit({\r\n            type: 'text',\r\n            content: c\r\n        })\r\n        return data\r\n    }\r\n}\r\n\r\nfunction tagOpen(c) {\r\n    if (c === '/') {\r\n        return endTagOpen\r\n    } else if (c.match(/^[a-zA-Z]$/)) {\r\n        currentToken = {\r\n            type: 'startTag',\r\n            tagName: ''\r\n        }\r\n        return tagName(c)\r\n    } else {\r\n        return\r\n    }\r\n}\r\n\r\nfunction endTagOpen (c) {\r\n    if (c.match(/^[a-zA-Z]$/)) {\r\n        currentToken = {\r\n            type: 'endTag',\r\n            tagName: ''\r\n        }\r\n        return tagName(c)\r\n    } else if (c === '>') {\r\n    } else if (c === EOF) {\r\n    } else {\r\n    }\r\n}\r\n\r\nfunction tagName(c) {\r\n    if (c.match(SPACE_ERG)) {\r\n        return beforeAttributeName\r\n    } else if (c === '/') {\r\n        return selfClosingStartTag\r\n    } else if (c.match(/^[a-zA-Z]$/)) {\r\n        currentToken.tagName += c//.toLowerCase()\r\n        return tagName\r\n    } else if (c === '>') {\r\n        return data\r\n    } else {\r\n        return tagName\r\n    }\r\n}\r\n\r\nfunction beforeAttributeName (c) {\r\n    if (c.match(SPACE_ERG)) {\r\n        return beforeAttributeName\r\n    } else if (c ==='/' || c === '>' || c === EOF) {\r\n        return afterAttributeName\r\n    } else if (c === '=') {\r\n        // return error\r\n    } else {\r\n        currentAttribute = {\r\n            type: '',\r\n            value: ''\r\n        }\r\n        return attributeName(c)\r\n    }\r\n}\r\n\r\nfunction attributeName (c) {\r\n    if (c.match(SPACE_ERG) || c === '>'|| c === '/'|| c === EOF) {\r\n        return afte
[...]
AQ,CAACG,UAAT,GAAsBA,UAAtB;AACAH,QAAAA,QAAQ,GAAG,CAACF,IAAD,CAAX;AACAG,QAAAA,SAAS,CAACI,IAAV,CAAeL,QAAf,EAJ6B,CAK7B;;AACAE,QAAAA,SAAS,GAAGhD,KAAK,CAAC4B,QAAD,CAAjB;AACAqB,QAAAA,UAAU,GAAG,CAAb;AACH,OARD,MAQO;AACHH,QAAAA,QAAQ,CAACK,IAAT,CAAcP,IAAd;AACH;;AACD,UAAIC,SAAS,CAACZ,SAAD,CAAT,KAAyB,IAAzB,IAAiCY,SAAS,CAACZ,SAAD,CAAT,KAA0B,KAAK,CAApE,EAAwE;AACpEgB,QAAAA,UAAU,GAAGG,IAAI,CAACC,GAAL,CAASJ,UAAT,EAAqBJ,SAAS,CAACI,UAAD,CAA9B,CAAb;AACH;;AACDD,MAAAA,SAAS,IAAIH,SAAS,CAACjB,QAAD,CAAtB;AACH;AACJ,GA/IqB,CAgJtB;;;AACAkB,EAAAA,QAAQ,CAACE,SAAT,GAAqBA,SAArB;AAEAO,EAAAA,OAAO,CAACC,IAAR,CAAa5C,KAAb;;AACA,MAAIZ,KAAK,CAAC0B,QAAN,KAAmB,QAAnB,IAA+Be,cAAnC,EAAmD;AAC/CK,IAAAA,QAAQ,CAACG,UAAT,GAAuBjD,KAAK,CAACiC,SAAD,CAAL,KAAsB,KAAK,CAA5B,GAAkCjC,KAAK,CAACiC,SAAD,CAAvC,GAAqDgB,UAA3E;AACH,GAFD,MAEO;AACHH,IAAAA,QAAQ,CAACG,UAAT,GAAsBA,UAAtB;AACH;;AAED,MAAID,SAAS,GAAG,CAAhB,EAAmB;AACf;AACA,QAAIS,KAAK,GAAGzD,KAAK,CAAC4B,QAAD,CAAL,IAAmB5B,KAAK,CAAC4B,QAAD,CAAL,GAAkBoB,SAArC,CAAZ;AACA,QAAIU,WAAW,GAAG1B,QAAlB;;AACA,SAAK,IAAIU,CAAC,GAAG,CAAb,EAAgBA,CAAC,GAAG9B,KAAK,CAAC+B,MAA1B,EAAkCD,CAAC,EAAnC,EAAuC;AACnC,UAAIE,IAAI,GAAGhC,KAAK,CAAC8B,CAAD,CAAhB;AACA,UAAIG,SAAS,GAAG/C,QAAQ,CAAC8C,IAAD,CAAxB;;AAEA,UAAIC,SAAS,CAACK,IAAd,EAAoB;AAChBL,QAAAA,SAAS,CAACjB,QAAD,CAAT,GAAsB,CAAtB;AACH;;AAEDiB,MAAAA,SAAS,CAACjB,QAAD,CAAT,GAAsBA,QAAQ,GAAG6B,KAAjC;AAEAZ,MAAAA,SAAS,CAAChB,SAAD,CAAT,GAAuB6B,WAAvB;AACAb,MAAAA,SAAS,CAACf,OAAD,CAAT,GAAqBe,SAAS,CAAChB,SAAD,CAAT,GAAuBE,QAAQ,GAAGc,SAAS,CAACjB,QAAD,CAAhE;AACA8B,MAAAA,WAAW,GAAGb,SAAS,CAACf,OAAD,CAAvB;AACH;AACJ,GAlBD,MAkBO;AACHiB,IAAAA,SAAS,CAAC1B,OAAV,CAAkB,UAAUT,KAAV,EAAiB;AAC/B,UAAIoC,SAAS,GAAGA,SAAhB;AACA,UAAIW,SAAS,GAAG,CAAhB;;AACA,WAAK,IAAIjB,CAAC,GAAG,CAAb,EAAgBA,CAAC,GAAG9B,KAAK,CAAC+B,MAA1B,EAAkCD,CAAC,EAAnC,EAAuC;AACnC,YAAIE,IAAI,GAAGhC,KAAK,CAAC8B,CAAD,CAAhB;AACA,YAAIG,SAAS,GAAG/C,QAAQ,CAAC8C,IAAD,CAAxB;;AAEA,YAAIC,SAAS,CAACK,IAAV,KAAmB,IAAnB,IAA2BL,SAAS,CAACK,IAAV,KAAoB,KAAK,CAAxD,EAA4D;AACxDS,UAAAA,SAAS,IAAId,SAAS,CAACK,IAAvB;AACA;AACH;AACJ;;AAED,UAAIS,SAAS,GAAG,CAAhB,EAAmB;AACf,YAAID,WAAW,GAAG1B,QAAlB;;AACA,aAAK,IAAIU,CAAC,GAAG,CAAb,EAAgBA,CAAC,GAAG9B,KAAK,CAAC+B,MAA1B,EAAkCD,CAAC,EAAnC,EAAuC;AACnC,cAAIE,IAAI,GAAGhC,KAAK,CAAC8B,CAAD,CAAhB;AACA,cAAIG,SAAS,GAAG/C,QAAQ,CAAC8C,IAAD,CAAxB;;AACC,cAAIC,SAAS,CAACK,IAAd,EAAoB;AAChBL,YAAAA,SAAS,CAACjB,QAAD,CAAT,GAAuBoB,SAAS,GAAGW,SAAb,GAA0Bd,SAAS,CAACK,IAA1D;AACH;;AACDL,UAAAA,SAAS,CAAChB,SAAD,CAAT,GAAuB6B,WAAvB;AACAb,UAAAA,SAAS,CAACf,OAAD,CAAT,GAAqBe,SAAS,CAAChB,SAAD,CAAT,GAAuBE,QAAQ,GAAGc,SAAS,CAACjB,QAAD,CAAhE;AACA8B,UAAAA,WAAW,GAAGb,SAAS,CAACf,OAAD,CAAvB;AACJ;AACJ,OAZD,MAYO;AACH,YAAI9B,KAAK,CAACyB,cAAN,KAAyB,YAA7B,EAA2C;AACvC,cAAIiC,WAAW,GAAG1B,QAAlB;AACA,cAAI4B,IAAI,GAAG,CAAX;AACH;;AACD,YAAI5D,KAAK,CAACyB,cAAN,KAAyB,UAA7B,EAAyC;AACrC,cAAIiC,WAAW,GAAGV,SAAS,GAAGjB,QAAZ,GAAuBC,QAAzC;AACA,cAAI4B,IAAI,GAAG,CAAX;AACH;;AACD,YAAI5D,KAAK,CAACyB,cAAN,KAAyB,QAA7B,EAAuC;AACnC,cAAIiC,WAAW,GAAGV,SAAS,GAAG,CAAZ,GAAgBjB,QAAhB,GAA2BC,QAA7C;AACA,cAAI4B,IAAI,GAAG,CAAX;AACH;;AACD,YAAI5D,KAAK,CAACyB,cAAN,KAAyB,eAA7B,EAA8C;AAC1C,cAAImC,IAAI,GAAGZ,SAAS,IAAIpC,KAAK,CAAC+B,MAAN,GAAe,CAAnB,CAAT,GAAiCX,QAA5C;AACA,cAAI0B,WAAW,GAAG1B,QAAlB;AACH;;AACD,YAAIhC,KAAK,CAACyB,cAAN,KAAyB,cAA7B,EAA6C;AACzC,cAAImC,IAAI,GAAGZ,SAAS,GAAGpC,KAAK,CAAC+B,MAAlB,GAA2BX,QAAtC;AACA,cAAI0B,WAAW,GAAGE,IAAI,GAAG,CAAP,GAAW5B,QAA7B;AACH;;AACD,aAAK,IAAIU,CAAC,GAAG,CAAb,EAAgBA,CAAC,GAAG9B,KAAK,CAAC+B,MAA1B,EAAkCD,CAAC,EAAnC,EAAuC;AACnC,cAAIE,IAAI,GAAGhC,KAAK,CAAC8B,CAAD,CAAhB;AACA,cAAIG,SAAS,GAAG/C,QAAQ,CAAC8C,IAAD,CAAxB;AACAC,UAAAA,SAAS,CAAChB,SAAD,CAAT,GAAuB6B,WAAvB;AACAb,UAAAA,SAAS,CAACf,OAAD,CAAT,GAAqBe,SAAS,CAAChB,SAAD,CAAT,GAAuBE,QAAQ,GAAGc,SAAS,CAACjB,QAAD,CAAhE;AACA8B,UAAAA,WAAW,GAAGb,SAAS,CAACf,OAAD,CAAT,GAAqB8B,IAAnC;AACH;AACJ;AACJ,KAtDD;AAuDH,GApOqB,CAsOtB;;;AACA,MAAIX,UAAJ;;AACA,MAAI,CAACjD,KAAK,CAACiD,UAAD,CAAV,EAAwB;AACpBA,IAAAA,UAAU,GAAG,CAAb;AACAvC,IAAAA,YAAY,CAACuB,SAAD,CAAZ,GAA0B,CAA1B;;AACA,SAAK,IAAIS,CAAC,GAAG,CAAb,EAAgBA,CAAC,GAAGK,SAAS,CAACJ,MAA9B,EAAsCD,CAAC,EAAvC,EAA2C;AACvChC,MAAAA,YAAY,CAACuB,SAAD,CAAZ,GAA0BvB,YAAY,CAACuB,SAAD,CAAZ,GAA0Bc,SAAS,CAACL,CAAD,CAAT,CAAaT,SAAjE;AACH;AACJ,GAND,MAMO;AACHgB,IAAAA,UAAU,GAAGjD,KAAK,CAACiC,SAAD,CAAlB;;AACA,SAAK,IAAIS,CAAC,GAAG,CAAb,EAAgBA,CAAC,GAAGK,SAAS,CAACJ,MAA9B,EAAsCD,CAAC,EAAvC,EAA2C;AACvCO,MAAAA,UAAU,IAAIF,SAAS,CAACL,CAAD,CAAT,CAAaO,UAA3B;AACH;AACJ;;AAED,MAAIjD,KAAK,CAAC0B,QAAN,KAAmB,cAAvB,EAAuC;AACnCW,IAAAA,SAAS,GAAGrC,KAAK,CAACiC,SAAD,CAAjB;AACH,GAFD,MAEO;AACHI,IAAAA,SAAS,GAAG,CAAZ;AACH;;AAED,MAAIwB,QAAQ,GAAG7D,KAAK,CAACiC,SAAD,CAAL,GAAmBc,SAAS,CAACJ,MAA5C;AACA,MAAIiB,IAAJ;;AACA,MAAI5D,KAAK,CAAC2B,YAAN,KAAuB,YAA3B,EAAyC;AACrCU,IAAAA,SAAS,IAAI,CAAb;AACAuB,IAAAA,IAAI,GAAG,CAAP;AACH;;AACD,MAAI5D,KAAK,CAAC2B,YAAN,KAAuB,UAA3B,EAAuC;AACnCU,IAAAA,SAAS,IAAID,SAAS,GAAGa,UAAzB;AACAW,IAAAA,IAAI,GAAG,CAAP;AACH;;AACD,MAAI5D,KAAK,CAAC2B,YAAN,KAAuB,QAA3B,EAAqC;AACjCU,IAAAA,SAAS,IAAID,SAAS,GAAGa,UAAZ,GAAyB,CAAtC;AACAW,IAAAA,IAAI,GAAG,CAAP;AACH;;AACD,MAAI5D,KAAK,CAAC2B,YAAN,KAAuB,eAA3B,EAA4C;AACxCU,IAAAA,SAAS,IAAI,CAAb;AACAuB,IAAAA,IAAI,GAAGX,UAAU,IAAIF,SAAS,CAACJ,MAAV,GAAmB,CAAvB,CAAjB;AACH;;AACD,MAAI3C,KAAK,CAAC2B,YAAN,KAAuB,cAA3B,EAA2C;AACvCiC,IAAAA,IAAI,GAAGX,UAAU,GAAGF,SAAS,CAACJ,MAA9B;AACAN,IAAAA,SAAS,IAAID,SAAS,GAAGwB,IAAZ,GAAmB,CAAhC;AACH;;AACD,MAAI5D,KAAK,CAAC2B,YAAN,KAAuB,SAA3B,EAAsC;AAClCU,IAAAA,SAAS,IAAI,CAAb;AACAuB,IAAAA,IAAI,GAAG,CAAP;AACH;;AACDb,EAAAA,SAAS,CAAC1B,OAAV,CAAkB,UAAUT,KAAV,EAAiB;AAC/B,QAAIkD,aAAa,GAAG9D,KAAK,CAAC2B,YAAN,KAAuB,SAAvB,GAChBf,KAAK,CAACqC,UAAN,GAAmBA,UAAU,GAAGF,SAAS,CAACJ,MAD1B,GAEhB/B,KAAK,CAACqC,UAFV;;AAGA,SAAK,IAAIP,CAAC,GAAG,CAAb,EAAgBA,CAAC,GAAG9B,KAAK,CAAC+B,MAA1B,EAAkCD,CAAC,EAAnC,EAAuC;AACnC,UAAIE,IAAI,GAAGhC,KAAK,CAAC8B,CAAD,CAAhB;AACA,UAAIG,SAAS,GAAG/C,QAAQ,CAAC8C,IAAD,CAAxB;AAEA,UAAImB,KAAK,GAAGlB,SAAS,CAACmB,SAAV,IAAuBhE,KAAK,CAACwB,UAAzC;;AAEA,UAAIoB,IAAI,KAAK,IAAb,EAAmB;AACfC,QAAAA,SAAS,CAACZ,SAAD,CAAT,GAAuB8B,KAAK,KAAK,SAAV,GAAsBD,aAAtB,GAAsC,CAA7D;AACH;;AAED,UAAIC,KAAK,KAAK,YAAd,EAA4B;AACxBlB,QAAAA,SAAS,CAACX,UAAD,CAAT,GAAwBG,SAAxB;AACAQ,QAAAA,SAAS,CAACV,QAAD,CAAT,GAAsBU,SAAS,CAACX,UAAD,CAAT,GAAwBE,SAAS,GAAGS,SAAS,CAACZ,SAAD,CAAnE;AACH;;AAED,UAAI8B,KAAK,KAAK,UAAd,EAA0B;AACtBlB,QAAAA,SAAS,CAACV,QAAD,CAAT,GAAsBE,SAAS,GAAGD,SAAS,GAAG0B,aAA9C;AACAjB,QAAAA,SAAS,CAACX,UAAD,CAAT,GAAwBW,SAAS,CAACV,QAAD,CAAT,GAAsBC,SAAS,GAAGS,SAAS,CAACZ,SAAD,CAAnE;AACH;;AAED,UAAI8B,KAAK,KAAK,QAAd,EAAwB;AACpBlB,QAAAA,SAAS,CAACX,UAAD,CAAT,GAAwBG,SAAS,GAAGD,SAAS,IAAI0B,aAAa,GAAGjB,SAAS,CAACZ,SAAD,CAAT,GAAuB,CAA3C,CAA7C;AACAY,QAAAA,SAAS,CAACV,QAAD,CAAT,GAAsBU,SAAS,CAACX,UAAD,CAAT,GAAwBE,SAAS,GAAGS,SAAS,CAACZ,SAAD,CAAnE;AACH;;AAED,UAAI8B,KAAK,KAAK,SAAd,EAAyB;AACrBlB,QAAAA,SAAS,CAACX,UAAD,CAAT,GAAwBG,SAAxB;AACAQ,QAAAA,SAAS,CAACV,QAAD,CAAT,GAAsBU,SAAS,CAACX,UAAD,CAAT,GAAwBE,SAAS,IAAKS,SAAS,CAACZ,SAAD,CAAT,KAAyB,IAAzB,IAAiCY,SAAS,CAACZ,SAAD,CAAT,KAA0B,KAAK,CAAjE,GAAuEY,SAAS,CAACZ,SAAD,CAAhF,GAA8F6B,aAAlG,CAAvD;AACAjB,QAAAA,SAAS,CAACZ,SAAD,CAAT,GAAuBG,SAAS,IAAIS,SAAS,CAACV,QAAD,CAAT,GAAsBU,SAAS,CAACX,UAAD,CAAnC,CAAhC;AACH;AACJ;;AACDG,IAAAA,SAAS,IAAID,SAAS,IAAI0B,aAAa,GAAGF,IAApB,CAAtB;AACH,GApCD;AAqCH;;AAEDK,MAAM,CAACC,OAAP,GAAiBzD,MAAjB;AAEA;AACA;AACA;AACA;AACA;AACA;AACA;AACA;AACA;AACA;AACA;AACA;AACA;AACA;AACA;AACA;AACA;AACA;AACA;AACA","sourceRoot":"D:\\winter-study\\Frontend-05-Template\\Week 18\\parser\\src\\","sourcesContent":["function getStyle () {\r\n    if (!element.style)\r\n        element.style = {}\r\n    for (let prop in element.computedStyle) {\r\n        let p = element.computedStyle.value\r\n        element.style[prop] = element.computedStyle[prop].value\r\n    }\r\n\r\n    if (element.style[peop].toString().match(/px$/)) {\r\n        element.style[prop] = parseInt(element.style[prop])\r\n    }\r\n\r\n    if (element.style[peop].toString().match(/^[0-9\\.]+$/)) {\r\n        element.style[prop] = parseInt(element.style[prop])\r\n    }\r\n}\r\n\r\nfunction layout (element) {\r\n    if (!element.computedStyle)\r\n        return\r\n\r\n    var elementStyle = getStyle(element)\r\n\r\n    if (elementStyle.display !== 'flex')\r\n        return\r\n\r\n    var items = element.children.filter(e => e.type === 'element')\r\n\r\n    items.sort(function (a, b) {\r\n        return (a.order || 0) - (b.order || 0)\r\n    })\r\n\r\n    var style = elementStyle\r\n\r\n    ['width', 'height'].forEach(size => {\r\n        if (style[size] === 'auto' || style[size] === '') {\r\n            style[size] = null\r\n        }       \r\n    })\r\n\r\n    if (!style.flexDirection || style.flexDirection === 'auto')\r\n        style.flexDirection = 'row'\r\n    if (!style.alignItems || style.alignItems === 'auto')\r\n        style.alignItems = 'stretch'\r\n    if (!style.justifyContent || style.justifyContent === 'auto')\r\n        style.justifyContent = 'flex-start'\r\n    if (!style.flexWrap || style.flexWrap === 'auto')\r\n        style.flexWrap = 'nowrap'\r\n    if (!style.alignContent || style.alignContent === 'auto')\r\n        style.alignContent = 'stretch'\r\n\r\n    var mainSize, mainStart, mainEnd, mainSign, mainBase,\r\n        crossSize, crossStart, crossEnd, crossSign, crossBase\r\n    if (style.flexDirection === 'row') {\r\n        mainSize = 'width'\r\n        mainStart = 'left'\r\n        mainEnd = 'right'\r\n        mainSign = +1\r\n        mainBase = 0\r\n        crossSize = 'height'\r\n        crossStart = 'top'\r\n        crossEnd = 'bottom'\r\n    }\r\n    if (style.flexDirection === 'row-reverse') {\r\n        mainSize = 'width'\r\n        mainStart = 'right'\r\n        mainEnd = 'left'\r\n        mainSign = -1\r\n        mainBase = style.width\r\n        crossSize = 'height'\r\n        crossStart = 'top'\r\n        crossEnd = 'bottom'\r\n    }\r\n    if (style.flexDirection === 'column') {\r\n        mainSize = 'height'\r\n        mainStart = 'top'\r\n        mainEnd = 'bottom'\r\n        mainSign = +1\r\n        mainBase = 0\r\n        crossSize = 'width'\r\n        crossStart = 'left'\r\n        crossEnd = 'right'\r\n    }\r\n    if (style.flexDirection === 'column-reverse') {\r\n        mainSize = 'height'\r\n        mainStart = 'bottom'\r\n        mainEnd = 'top'\r\n        mainSign = -1\r\n        mainBase = style.height\r\n        crossSize = 'width'\r\n        crossStart = 'left'\r\n        crossEnd = 'right'\r\n    }\r\n\r\n    // 交叉轴只受wrap-reverse的影响\r\n    if (style.flexWrap === 'wrap-reverse') {\r\n        var tmp = crossStart\r\n        crossStart = crossEnd\r\n        crossEnd = tmp\r\n        crossSign = -1\r\n    } else {\r\n        crossBase = 0\r\n        crossSign = +1\r\n    }\r\n\r\n    var isAutoMainSize = false\r\n    if (!style[mainSize]) {\r\n        elementStyle[mainSize] = 0\r\n        for (var i = 0; i< items.length; i++) {\r\n            var item = items[i]\r\n            var itemStyle = getStyle(item)\r\n            if (itemStyle[mainSize] !== null && itemStyle[mainSize] !== (void 0)) {\r\n                elementStyle[mainSize] += itemStyle[mainSize]\r\n            }\r\n        }\r\n        isAutoMainSize = true\r\n    }\r\n\r\n    var flexLine = []\r\n    var flexLines = [flexLine]\r\n\r\n    var mainSpace = elementStyle[mainSize]\r\n    var crossSpace = 0\r\n\r\n    for (var i = 0; i < items.length; i++) {\r\n        var item = items[i]\r\n        var itemStyle = getStyle(item)\r\n\r\n        if (itemStyle[mainSize] === null) {\r\n            itemStyle[mainSize] = 0\r\n        }\r\n\r\n        if (itemStyle.flex) {\r\n            flexLine.push(item)\r\n        } else if (style.flexWrap === 'nowrap' && isAutoMainSize) {\r\n            mainSpace -= itemStyle[mainSize]\r\n            if (itemStyle[crossSize] !== null && itemStyle[crossSize] !== (void 0)) {\r\n                crossSpace = Math.max(crossSpace, itemStyle[crossSpace])\r\n            }\r\n            flexLine.push(item)\r\n        } else {\r\n            if (itemStyle[mainSize] > style[mainSize]) {\r\n                itemStyle[mainSize] = style[mainSize]\r\n            }\r\n            if (mainSpace < itemStyle[main]) {\r\n                flexLine.mainSpace = mainSpace\r\n                flexLine.crossSpace = crossSpace\r\n                flexLine = [item]\r\n                flexLines.push(flexLine)\r\n                // reset mainSpace crossSpace\r\n                mainSpace = style[mainSize]\r\n                crossSpace = 0\r\n            } else {\r\n                flexLine.push(item)\r\n            }\r\n            if (itemStyle[crossSize] !== null && itemStyle[crossSize] !== (void 0)) {\r\n                crossSpace = Math.max(crossSpace, itemStyle[crossSpace])\r\n            }\r\n            mainSpace -= itemStyle[mainSize]\r\n        }\r\n    }\r\n    // 主轴方向的计算主要是分配mainSpace\r\n    flexLine.mainSpace = mainSpace\r\n\r\n    console.info(items)\r\n    if (style.flexWrap === 'nowrap' || isAutoMainSize) {\r\n        flexLine.crossSpace = (style[crossSize] !== (void 0)) ? style[crossSize] : crossSpace\r\n    } else {\r\n        flexLine.crossSpace = crossSpace\r\n    }\r\n\r\n    if (mainSpace < 0) {\r\n        // 等比压缩\r\n        var scale = style[mainSize] / (style[mainSize] - mainSpace)\r\n        var currentMain = mainBase\r\n        for (var i = 0; i < items.length; i++) {\r\n            var item = items[i]\r\n            var itemStyle = getStyle(item)\r\n\r\n            if (itemStyle.flex) {\r\n                itemStyle[mainSize] = 0\r\n            }\r\n\r\n            itemStyle[mainSize] = mainSize * scale\r\n\r\n            itemStyle[mainStart] = currentMain\r\n            itemStyle[mainEnd] = itemStyle[mainStart] + mainSign * itemStyle[mainSize]\r\n            currentMain = itemStyle[mainEnd]\r\n        }\r\n    } else {\r\n        flexLines.forEach(function (items) {\r\n            var mainSpace = mainSpace\r\n            var flexTotal = 0\r\n            for (var i = 0; i < items.length; i++) {\r\n                var item = items[i]\r\n                var itemStyle = getStyle(item)\r\n\r\n                if (itemStyle.flex !== null && itemStyle.flex !== (void 0)) {\r\n                    flexTotal += itemStyle.flex\r\n                    continue\r\n                }\r\n            }\r\n\r\n            if (flexTotal > 0) {\r\n                var currentMain = mainBase\r\n                for (var i = 0; i < items.length; i++) {\r\n                    var item = items[i]\r\n                    var itemStyle = getStyle(item)\r\n                     if (itemStyle.flex) {\r\n                         itemStyle[mainSize] = (mainSpace / flexTotal) * itemStyle.flex\r\n                     }\r\n                     itemStyle[mainStart] = currentMain\r\n                     itemStyle[mainEnd] = itemStyle[mainStart] + mainSign * itemStyle[mainSize]\r\n                     currentMain = itemStyle[mainEnd]\r\n                }\r\n            } else {\r\n                if (style.justifyContent === 'flex-start') {\r\n                    var currentMain = mainBase\r\n                    var step = 0\r\n                }\r\n                if (style.justifyContent === 'flex-end') {\r\n                    var currentMain = mainSpace * mainSign + mainBase\r\n                    var step = 0\r\n                }\r\n                if (style.justifyContent === 'center') {\r\n                    var currentMain = mainSpace / 2 * mainSign + mainBase\r\n                    var step = 0\r\n                }\r\n                if (style.justifyContent === 'space-between') {\r\n                    var step = mainSpace / (items.length - 1) + mainBase\r\n                    var currentMain = mainBase\r\n                }\r\n                if (style.justifyContent === 'space-around') {\r\n                    var step = mainSpace / items.length + mainBase\r\n                    var currentMain = step / 2 + mainBase\r\n                }\r\n                for (var i = 0; i < items.length; i++) {\r\n                    var item = items[i]\r\n                    var itemStyle = getStyle(item)\r\n                    itemStyle[mainStart] = currentMain\r\n                    itemStyle[mainEnd] = itemStyle[mainStart] + mainSign * itemStyle[mainSize]\r\n                    currentMain = itemStyle[mainEnd] + step\r\n                }\r\n            }\r\n        })\r\n    }\r\n\r\n    // 交叉轴方向的计算\r\n    var crossSpace\r\n    if (!style[crossSpace]) {\r\n        crossSpace = 0\r\n        elementStyle[crossSize] = 0\r\n        for (var i = 0; i < flexLines.length; i++) {\r\n            elementStyle[crossSize] = elementStyle[crossSize] + flexLines[i].crossSize\r\n        }\r\n    } else {\r\n        crossSpace = style[crossSize]\r\n        for (var i = 0; i < flexLines.length; i++) {\r\n            crossSpace -= flexLines[i].crossSpace\r\n        }\r\n    }\r\n\r\n    if (style.flexWrap === 'wrap-reverse') {\r\n        crossBase = style[crossSize]\r\n    } else {\r\n        crossBase = 0\r\n    }\r\n\r\n    var lineSize = style[crossSize] / flexLines.length\r\n    var step\r\n    if (style.alignContent === 'flex-start') {\r\n        crossBase += 0\r\n        step = 0\r\n    }\r\n    if (style.alignContent === 'flex-end') {\r\n        crossBase += crossSign * crossSpace\r\n        step = 0\r\n    }\r\n    if (style.alignContent === 'center') {\r\n        crossBase += crossSign * crossSpace / 2\r\n        step = 0\r\n    }\r\n    if (style.alignContent === 'space-between') {\r\n        crossBase += 0\r\n        step = crossSpace / (flexLines.length - 1)\r\n    }\r\n    if (style.alignContent === 'space-around') {\r\n        step = crossSpace / flexLines.length\r\n        crossBase += crossSign * step / 2\r\n    }\r\n    if (style.alignContent === 'stretch') {\r\n        crossBase += 0\r\n        step = 0\r\n    }\r\n    flexLines.forEach(function (items) {\r\n        var lineCrossSize = style.alignContent === 'stretch' ?\r\n            items.crossSpace + crossSpace / flexLines.length :\r\n            items.crossSpace\r\n        for (var i = 0; i < items.length; i++) {\r\n            var item = items[i]\r\n            var itemStyle = getStyle(item)\r\n\r\n            var align = itemStyle.alignSelf || style.alignItems\r\n\r\n            if (item === null) {\r\n                itemStyle[crossSize] = align === 'stretch' ? lineCrossSize : 0\r\n            }\r\n\r\n            if (align === 'flex-start') {\r\n                itemStyle[crossStart] = crossBase\r\n                itemStyle[crossEnd] = itemStyle[crossStart] + crossSign * itemStyle[crossSize]\r\n            }\r\n\r\n            if (align === 'flex-end') {\r\n                itemStyle[crossEnd] = crossBase + crossSign * lineCrossSize\r\n                itemStyle[crossStart] = itemStyle[crossEnd] + crossSign * itemStyle[crossSize]\r\n            }\r\n\r\n            if (align === 'center') {\r\n                itemStyle[crossStart] = crossBase + crossSign * (lineCrossSize - itemStyle[crossSize] / 2)\r\n                itemStyle[crossEnd] = itemStyle[crossStart] + crossSign * itemStyle[crossSize]\r\n            }\r\n\r\n            if (align === 'stretch') {\r\n                itemStyle[crossStart] = crossBase\r\n                itemStyle[crossEnd] = itemStyle[crossStart] + crossSign * ((itemStyle[crossSize] !== null && itemStyle[crossSize] !== (void 0)) ? itemStyle[crossSize] : lineCrossSize)\r\n                itemStyle[crossSize] = crossSign * (itemStyle[crossEnd] - itemStyle[crossStart])\r\n            }\r\n        }\r\n        crossBase += crossSign * (lineCrossSize + step)\r\n    })\r\n}\r\n\r\nmodule.exports = layout\r\n\r\n/**\r\n * 一. 准备工作\r\n * 1.处理掉flexDirection 和 wrap相关的属性\r\n * 2.把具体的height，width等属性抽象成了main，cross相关的属性\r\n * \r\n * 二. 收集元素进行\r\n * 1.根据主轴尺寸，把元素进行分行\r\n * 2.若设置了no-wrap，强行分配进第一行\r\n * \r\n * 三. 计算主轴方向\r\n * 1.找出所有Flex元素\r\n * 2.把主轴方向的剩余尺寸按比例分配给这些元素\r\n * 3.若剩余空间为负数，所有flex元素为0，等比压缩剩余元素\r\n * \r\n * 四. 计算交叉轴方向\r\n * 1.根据每一行中最大元素尺寸计算行高\r\n * 2.根据行高flex-align 和 item-align，确定元素具体位置\r\n * \r\n * \r\n */"]},"_coverageSchema":"1a1c01bbd47fc00a2c39e90264f33305004495a9","hash":"dcc7248373f22f3e0ed1c5aabd7ebb5eeb7bf2d0","contentHash":"2acb768de5cc9be95a0c6d09f2d87d4c6924f6215942c18900be6477adbc68c7"}}