{"D:\\winter-study\\Frontend-05-Template\\Week 18\\parser\\src\\parser.js":{"path":"D:\\winter-study\\Frontend-05-Template\\Week 18\\parser\\src\\parser.js","statementMap":{"0":{"start":{"line":3,"column":0},"end":{"line":5,"column":3}},"1":{"start":{"line":6,"column":0},"end":{"line":6,"column":30}},"2":{"start":{"line":8,"column":65},"end":{"line":8,"column":623}},"3":{"start":{"line":8,"column":132},"end":{"line":8,"column":463}},"4":{"start":{"line":8,"column":252},"end":{"line":8,"column":267}},"5":{"start":{"line":8,"column":260},"end":{"line":8,"column":267}},"6":{"start":{"line":8,"column":276},"end":{"line":8,"column":277}},"7":{"start":{"line":8,"column":287},"end":{"line":8,"column":302}},"8":{"start":{"line":8,"column":304},"end":{"line":8,"column":461}},"9":{"start":{"line":8,"column":337},"end":{"line":8,"column":378}},"10":{"start":{"line":8,"column":356},"end":{"line":8,"column":378}},"11":{"start":{"line":8,"column":379},"end":{"line":8,"column":417}},"12":{"start":{"line":8,"column":441},"end":{"line":8,"column":450}},"13":{"start":{"line":8,"column":464},"end":{"line":8,"column":621}},"14":{"start":{"line":8,"column":647},"end":{"line":8,"column":651}},"15":{"start":{"line":8,"column":662},"end":{"line":8,"column":667}},"16":{"start":{"line":8,"column":674},"end":{"line":8,"column":995}},"17":{"start":{"line":8,"column":701},"end":{"line":8,"column":727}},"18":{"start":{"line":8,"column":760},"end":{"line":8,"column":769}},"19":{"start":{"line":8,"column":771},"end":{"line":8,"column":800}},"20":{"start":{"line":8,"column":801},"end":{"line":8,"column":813}},"21":{"start":{"line":8,"column":838},"end":{"line":8,"column":852}},"22":{"start":{"line":8,"column":853},"end":{"line":8,"column":863}},"23":{"start":{"line":8,"column":885},"end":{"line":8,"column":990}},"24":{"start":{"line":8,"column":891},"end":{"line":8,"column":953}},"25":{"start":{"line":8,"column":938},"end":{"line":8,"column":953}},"26":{"start":{"line":8,"column":966},"end":{"line":8,"column":988}},"27":{"start":{"line":8,"column":978},"end":{"line":8,"column":988}},"28":{"start":{"line":10,"column":35},"end":{"line":10,"column":151}},"29":{"start":{"line":12,"column":32},"end":{"line":12,"column":188}},"30":{"start":{"line":14,"column":50},"end":{"line":14,"column":65}},"31":{"start":{"line":14,"column":58},"end":{"line":14,"column":65}},"32":{"start":{"line":14,"column":66},"end":{"line":14,"column":129}},"33":{"start":{"line":14,"column":93},"end":{"line":14,"column":129}},"34":{"start":{"line":14,"column":138},"end":{"line":14,"column":184}},"35":{"start":{"line":14,"column":186},"end":{"line":14,"column":246}},"36":{"start":{"line":14,"column":223},"end":{"line":14,"column":246}},"37":{"start":{"line":14,"column":247},"end":{"line":14,"column":300}},"38":{"start":{"line":14,"column":279},"end":{"line":14,"column":300}},"39":{"start":{"line":14,"column":301},"end":{"line":14,"column":414}},"40":{"start":{"line":14,"column":378},"end":{"line":14,"column":414}},"41":{"start":{"line":16,"column":34},"end":{"line":16,"column":128}},"42":{"start":{"line":16,"column":104},"end":{"line":16,"column":128}},"43":{"start":{"line":18,"column":35},"end":{"line":18,"column":89}},"44":{"start":{"line":18,"column":59},"end":{"line":18,"column":89}},"45":{"start":{"line":20,"column":39},"end":{"line":20,"column":93}},"46":{"start":{"line":20,"column":76},"end":{"line":20,"column":93}},"47":{"start":{"line":20,"column":94},"end":{"line":20,"column":168}},"48":{"start":{"line":20,"column":107},"end":{"line":20,"column":108}},"49":{"start":{"line":20,"column":117},"end":{"line":20,"column":131}},"50":{"start":{"line":20,"column":149},"end":{"line":20,"column":166}},"51":{"start":{"line":20,"column":169},"end":{"line":20,"column":181}},"52":{"start":{"line":22,"column":10},"end":{"line":22,"column":24}},"53":{"start":{"line":24,"column":10},"end":{"line":24,"column":23}},"54":{"start":{"line":26,"column":16},"end":{"line":26,"column":29}},"55":{"start":{"line":28,"column":13},"end":{"line":28,"column":32}},"56":{"start":{"line":31,"column":19},"end":{"line":31,"column":23}},"57":{"start":{"line":32,"column":23},"end":{"line":32,"column":27}},"58":{"start":{"line":33,"column":22},"end":{"line":33,"column":26}},"59":{"start":{"line":34,"column":12},"end":{"line":37,"column":2}},"60":{"start":{"line":39,"column":12},"end":{"line":39,"column":14}},"61":{"start":{"line":42,"column":12},"end":{"line":42,"column":30}},"62":{"start":{"line":44,"column":2},"end":{"line":44,"column":68}},"63":{"start":{"line":49,"column":2},"end":{"line":49,"column":53}},"64":{"start":{"line":49,"column":40},"end":{"line":49,"column":53}},"65":{"start":{"line":50,"column":13},"end":{"line":50,"column":17}},"66":{"start":{"line":52,"column":2},"end":{"line":64,"column":3}},"67":{"start":{"line":53,"column":4},"end":{"line":55,"column":10}},"68":{"start":{"line":54,"column":6},"end":{"line":54,"column":32}},"69":{"start":{"line":56,"column":4},"end":{"line":56,"column":70}},"70":{"start":{"line":56,"column":58},"end":{"line":56,"column":70}},"71":{"start":{"line":57,"column":9},"end":{"line":64,"column":3}},"72":{"start":{"line":58,"column":4},"end":{"line":60,"column":10}},"73":{"start":{"line":59,"column":6},"end":{"line":59,"column":35}},"74":{"start":{"line":61,"column":4},"end":{"line":61,"column":70}},"75":{"start":{"line":61,"column":58},"end":{"line":61,"column":70}},"76":{"start":{"line":63,"column":4},"end":{"line":63,"column":50}},"77":{"start":{"line":63,"column":38},"end":{"line":63,"column":50}},"78":{"start":{"line":66,"column":2},"end":{"line":66,"column":15}},"79":{"start":{"line":70,"column":10},"end":{"line":70,"column":26}},"80":{"start":{"line":71,"column":22},"end":{"line":71,"column":41}},"81":{"start":{"line":73,"column":18},"end":{"line":73,"column":59}},"82":{"start":{"line":76,"column":2},"end":{"line":92,"column":3}},"83":{"start":{"line":77,"column":4},"end":{"line":87,"column":5}},"84":{"start":{"line":78,"column":17},"end":{"line":78,"column":28}},"85":{"start":{"line":80,"column":6},"end":{"line":86,"column":7}},"86":{"start":{"line":81,"column":8},"end":{"line":81,"column":18}},"87":{"start":{"line":82,"column":13},"end":{"line":86,"column":7}},"88":{"start":{"line":83,"column":8},"end":{"line":83,"column":18}},"89":{"start":{"line":85,"column":8},"end":{"line":85,"column":18}},"90":{"start":{"line":89,"column":4},"end":{"line":89,"column":21}},"91":{"start":{"line":91,"column":4},"end":{"line":91,"column":18}},"92":{"start":{"line":94,"column":2},"end":{"line":94,"column":11}},"93":{"start":{"line":98,"column":2},"end":{"line":98,"column":46}},"94":{"start":{"line":98,"column":23},"end":{"line":98,"column":46}},"95":{"start":{"line":99,"column":2},"end":{"line":99,"column":46}},"96":{"start":{"line":99,"column":23},"end":{"line":99,"column":46}},"97":{"start":{"line":100,"column":2},"end":{"line":100,"column":46}},"98":{"start":{"line":100,"column":23},"end":{"line":100,"column":46}},"99":{"start":{"line":101,"column":2},"end":{"line":101,"column":25}},"100":{"start":{"line":105,"column":2},"end":{"line":105,"column":24}},"101":{"start":{"line":106,"column":2},"end":{"line":106,"column":51}},"102":{"start":{"line":108,"column":17},"end":{"line":108,"column":40}},"103":{"start":{"line":109,"column":2},"end":{"line":109,"column":57}},"104":{"start":{"line":109,"column":30},"end":{"line":109,"column":57}},"105":{"start":{"line":111,"column":19},"end":{"line":111,"column":52}},"106":{"start":{"line":114,"column":2},"end":{"line":159,"column":3}},"107":{"start":{"line":115,"column":4},"end":{"line":154,"column":5}},"108":{"start":{"line":116,"column":17},"end":{"line":116,"column":29}},"109":{"start":{"line":117,"column":26},"end":{"line":117,"column":64}},"110":{"start":{"line":118,"column":6},"end":{"line":118,"column":54}},"111":{"start":{"line":118,"column":45},"end":{"line":118,"column":54}},"112":{"start":{"line":119,"column":14},"end":{"line":119,"column":15}},"113":{"start":{"line":121,"column":6},"end":{"line":125,"column":7}},"114":{"start":{"line":121,"column":19},"end":{"line":121,"column":20}},"115":{"start":{"line":122,"column":8},"end":{"line":124,"column":9}},"116":{"start":{"line":123,"column":10},"end":{"line":123,"column":14}},"117":{"start":{"line":127,"column":6},"end":{"line":153,"column":7}},"118":{"start":{"line":128,"column":8},"end":{"line":128,"column":63}},"119":{"start":{"line":129,"column":17},"end":{"line":129,"column":47}},"120":{"start":{"line":130,"column":28},"end":{"line":130,"column":49}},"121":{"start":{"line":132,"column":25},"end":{"line":132,"column":70}},"122":{"start":{"line":135,"column":8},"end":{"line":152,"column":9}},"123":{"start":{"line":136,"column":10},"end":{"line":147,"column":11}},"124":{"start":{"line":137,"column":30},"end":{"line":137,"column":42}},"125":{"start":{"line":138,"column":12},"end":{"line":138,"column":95}},"126":{"start":{"line":138,"column":54},"end":{"line":138,"column":95}},"127":{"start":{"line":140,"column":12},"end":{"line":146,"column":13}},"128":{"start":{"line":141,"column":14},"end":{"line":141,"column":76}},"129":{"start":{"line":142,"column":14},"end":{"line":142,"column":67}},"130":{"start":{"line":143,"column":19},"end":{"line":146,"column":13}},"131":{"start":{"line":144,"column":14},"end":{"line":144,"column":76}},"132":{"start":{"line":145,"column":14},"end":{"line":145,"column":67}},"133":{"start":{"line":149,"column":10},"end":{"line":149,"column":28}},"134":{"start":{"line":151,"column":10},"end":{"line":151,"column":25}},"135":{"start":{"line":156,"column":4},"end":{"line":156,"column":22}},"136":{"start":{"line":158,"column":4},"end":{"line":158,"column":19}},"137":{"start":{"line":165,"column":12},"end":{"line":165,"column":35}},"138":{"start":{"line":167,"column":2},"end":{"line":215,"column":3}},"139":{"start":{"line":169,"column":18},"end":{"line":173,"column":5}},"140":{"start":{"line":174,"column":4},"end":{"line":174,"column":36}},"141":{"start":{"line":176,"column":4},"end":{"line":183,"column":5}},"142":{"start":{"line":177,"column":6},"end":{"line":182,"column":7}},"143":{"start":{"line":178,"column":8},"end":{"line":181,"column":11}},"144":{"start":{"line":185,"column":4},"end":{"line":185,"column":24}},"145":{"start":{"line":186,"column":4},"end":{"line":186,"column":31}},"146":{"start":{"line":187,"column":4},"end":{"line":187,"column":25}},"147":{"start":{"line":188,"column":4},"end":{"line":188,"column":50}},"148":{"start":{"line":188,"column":30},"end":{"line":188,"column":50}},"149":{"start":{"line":189,"column":4},"end":{"line":189,"column":27}},"150":{"start":{"line":190,"column":9},"end":{"line":215,"column":3}},"151":{"start":{"line":191,"column":4},"end":{"line":202,"column":5}},"152":{"start":{"line":192,"column":6},"end":{"line":192,"column":53}},"153":{"start":{"line":195,"column":6},"end":{"line":197,"column":7}},"154":{"start":{"line":196,"column":8},"end":{"line":196,"column":45}},"155":{"start":{"line":200,"column":6},"end":{"line":200,"column":18}},"156":{"start":{"line":201,"column":6},"end":{"line":201,"column":18}},"157":{"start":{"line":204,"column":4},"end":{"line":204,"column":27}},"158":{"start":{"line":205,"column":9},"end":{"line":215,"column":3}},"159":{"start":{"line":206,"column":4},"end":{"line":212,"column":5}},"160":{"start":{"line":207,"column":6},"end":{"line":210,"column":8}},"161":{"start":{"line":211,"column":6},"end":{"line":211,"column":41}},"162":{"start":{"line":214,"column":4},"end":{"line":214,"column":45}},"163":{"start":{"line":219,"column":2},"end":{"line":232,"column":3}},"164":{"start":{"line":220,"column":4},"end":{"line":220,"column":19}},"165":{"start":{"line":221,"column":9},"end":{"line":232,"column":3}},"166":{"start":{"line":222,"column":4},"end":{"line":224,"column":7}},"167":{"start":{"line":225,"column":4},"end":{"line":225,"column":11}},"168":{"start":{"line":227,"column":4},"end":{"line":230,"column":7}},"169":{"start":{"line":231,"column":4},"end":{"line":231,"column":16}},"170":{"start":{"line":236,"column":2},"end":{"line":247,"column":3}},"171":{"start":{"line":237,"column":4},"end":{"line":237,"column":22}},"172":{"start":{"line":238,"column":9},"end":{"line":247,"column":3}},"173":{"start":{"line":239,"column":4},"end":{"line":242,"column":6}},"174":{"start":{"line":243,"column":4},"end":{"line":243,"column":22}},"175":{"start":{"line":246,"column":4},"end":{"line":246,"column":11}},"176":{"start":{"line":251,"column":2},"end":{"line":259,"column":34}},"177":{"start":{"line":252,"column":4},"end":{"line":255,"column":6}},"178":{"start":{"line":256,"column":4},"end":{"line":256,"column":22}},"179":{"start":{"line":257,"column":9},"end":{"line":259,"column":34}},"180":{"start":{"line":258,"column":4},"end":{"line":258,"column":23}},"181":{"start":{"line":259,"column":9},"end":{"line":259,"column":34}},"182":{"start":{"line":263,"column":2},"end":{"line":278,"column":3}},"183":{"start":{"line":264,"column":4},"end":{"line":264,"column":31}},"184":{"start":{"line":265,"column":9},"end":{"line":278,"column":3}},"185":{"start":{"line":266,"column":4},"end":{"line":266,"column":31}},"186":{"start":{"line":267,"column":9},"end":{"line":278,"column":3}},"187":{"start":{"line":268,"column":4},"end":{"line":268,"column":30}},"188":{"start":{"line":270,"column":4},"end":{"line":270,"column":19}},"189":{"start":{"line":271,"column":9},"end":{"line":278,"column":3}},"190":{"start":{"line":272,"column":4},"end":{"line":272,"column":23}},"191":{"start":{"line":273,"column":4},"end":{"line":273,"column":16}},"192":{"start":{"line":276,"column":4},"end":{"line":276,"column":30}},"193":{"start":{"line":277,"column":4},"end":{"line":277,"column":19}},"194":{"start":{"line":282,"column":2},"end":{"line":294,"column":3}},"195":{"start":{"line":283,"column":4},"end":{"line":283,"column":31}},"196":{"start":{"line":284,"column":9},"end":{"line":294,"column":3}},"197":{"start":{"line":285,"column":4},"end":{"line":285,"column":33}},"198":{"start":{"line":286,"column":9},"end":{"line":294,"column":3}},"199":{"start":{"line":288,"column":4},"end":{"line":292,"column":6}},"200":{"start":{"line":293,"column":4},"end":{"line":293,"column":28}},"201":{"start":{"line":298,"column":2},"end":{"line":305,"column":3}},"202":{"start":{"line":299,"column":4},"end":{"line":299,"column":33}},"203":{"start":{"line":300,"column":9},"end":{"line":305,"column":3}},"204":{"start":{"line":301,"column":4},"end":{"line":301,"column":32}},"205":{"start":{"line":302,"column":9},"end":{"line":305,"column":3}},"206":{"start":{"line":302,"column":33},"end":{"line":305,"column":3}},"207":{"start":{"line":303,"column":4},"end":{"line":303,"column":31}},"208":{"start":{"line":304,"column":4},"end":{"line":304,"column":25}},"209":{"start":{"line":309,"column":2},"end":{"line":318,"column":3}},"210":{"start":{"line":310,"column":4},"end":{"line":310,"column":32}},"211":{"start":{"line":311,"column":9},"end":{"line":318,"column":3}},"212":{"start":{"line":312,"column":4},"end":{"line":312,"column":38}},"213":{"start":{"line":313,"column":9},"end":{"line":318,"column":3}},"214":{"start":{"line":314,"column":4},"end":{"line":314,"column":38}},"215":{"start":{"line":315,"column":9},"end":{"line":318,"column":3}},"216":{"start":{"line":317,"column":4},"end":{"line":317,"column":37}},"217":{"start":{"line":322,"column":2},"end":{"line":328,"column":3}},"218":{"start":{"line":323,"column":4},"end":{"line":323,"column":65}},"219":{"start":{"line":324,"column":4},"end":{"line":324,"column":37}},"220":{"start":{"line":325,"column":9},"end":{"line":328,"column":3}},"221":{"start":{"line":325,"column":33},"end":{"line":328,"column":3}},"222":{"start":{"line":326,"column":4},"end":{"line":326,"column":32}},"223":{"start":{"line":327,"column":4},"end":{"line":327,"column":38}},"224":{"start":{"line":332,"column":2},"end":{"line":338,"column":3}},"225":{"start":{"line":333,"column":4},"end":{"line":333,"column":65}},"226":{"start":{"line":334,"column":4},"end":{"line":334,"column":37}},"227":{"start":{"line":335,"column":9},"end":{"line":338,"column":3}},"228":{"start":{"line":335,"column":33},"end":{"line":338,"column":3}},"229":{"start":{"line":336,"column":4},"end":{"line":336,"column":32}},"230":{"start":{"line":337,"column":4},"end":{"line":337,"column":38}},"231":{"start":{"line":342,"column":2},"end":{"line":353,"column":3}},"232":{"start":{"line":343,"column":4},"end":{"line":343,"column":31}},"233":{"start":{"line":344,"column":9},"end":{"line":353,"column":3}},"234":{"start":{"line":345,"column":4},"end":{"line":345,"column":31}},"235":{"start":{"line":346,"column":9},"end":{"line":353,"column":3}},"236":{"start":{"line":347,"column":4},"end":{"line":347,"column":65}},"237":{"start":{"line":348,"column":4},"end":{"line":348,"column":23}},"238":{"start":{"line":349,"column":4},"end":{"line":349,"column":16}},"239":{"start":{"line":350,"column":9},"end":{"line":353,"column":3}},"240":{"start":{"line":350,"column":33},"end":{"line":353,"column":3}},"241":{"start":{"line":351,"column":4},"end":{"line":351,"column":32}},"242":{"start":{"line":352,"column":4},"end":{"line":352,"column":34}},"243":{"start":{"line":357,"column":2},"end":{"line":370,"column":3}},"244":{"start":{"line":358,"column":4},"end":{"line":358,"column":65}},"245":{"start":{"line":359,"column":4},"end":{"line":359,"column":31}},"246":{"start":{"line":360,"column":9},"end":{"line":370,"column":3}},"247":{"start":{"line":361,"column":4},"end":{"line":361,"column":65}},"248":{"start":{"line":362,"column":4},"end":{"line":362,"column":31}},"249":{"start":{"line":363,"column":9},"end":{"line":370,"column":3}},"250":{"start":{"line":364,"column":4},"end":{"line":364,"column":65}},"251":{"start":{"line":365,"column":4},"end":{"line":365,"column":23}},"252":{"start":{"line":366,"column":4},"end":{"line":366,"column":16}},"253":{"start":{"line":367,"column":9},"end":{"line":370,"column":3}},"254":{"start":{"line":367,"column":33},"end":{"line":370,"column":3}},"255":{"start":{"line":367,"column":109},"end":{"line":370,"column":3}},"256":{"start":{"line":368,"column":4},"end":{"line":368,"column":32}},"257":{"start":{"line":369,"column":4},"end":{"line":369,"column":34}},"258":{"start":{"line":374,"column":2},"end":{"line":391,"column":3}},"259":{"start":{"line":375,"column":4},"end":{"line":375,"column":30}},"260":{"start":{"line":376,"column":9},"end":{"line":391,"column":3}},"261":{"start":{"line":377,"column":4},"end":{"line":377,"column":31}},"262":{"start":{"line":378,"column":9},"end":{"line":391,"column":3}},"263":{"start":{"line":379,"column":4},"end":{"line":379,"column":32}},"264":{"start":{"line":380,"column":9},"end":{"line":391,"column":3}},"265":{"start":{"line":381,"column":4},"end":{"line":381,"column":65}},"266":{"start":{"line":382,"column":4},"end":{"line":382,"column":23}},"267":{"start":{"line":383,"column":4},"end":{"line":383,"column":16}},"268":{"start":{"line":384,"column":9},"end":{"line":391,"column":3}},"269":{"start":{"line":385,"column":4},"end":{"line":385,"column":65}},"270":{"start":{"line":386,"column":4},"end":{"line":389,"column":6}},"271":{"start":{"line":390,"column":4},"end":{"line":390,"column":28}},"272":{"start":{"line":395,"column":2},"end":{"line":399,"column":3}},"273":{"start":{"line":396,"column":4},"end":{"line":396,"column":38}},"274":{"start":{"line":397,"column":4},"end":{"line":397,"column":23}},"275":{"start":{"line":398,"column":4},"end":{"line":398,"column":16}},"276":{"start":{"line":404,"column":14},"end":{"line":404,"column":18}},"277":{"start":{"line":406,"column":19},"end":{"line":406,"column":51}},"278":{"start":{"line":409,"column":2},"end":{"line":418,"column":3}},"279":{"start":{"line":410,"column":4},"end":{"line":413,"column":5}},"280":{"start":{"line":411,"column":14},"end":{"line":411,"column":26}},"281":{"start":{"line":412,"column":6},"end":{"line":412,"column":23}},"282":{"start":{"line":415,"column":4},"end":{"line":415,"column":22}},"283":{"start":{"line":417,"column":4},"end":{"line":417,"column":19}},"284":{"start":{"line":420,"column":2},"end":{"line":420,"column":21}},"285":{"start":{"line":421,"column":2},"end":{"line":421,"column":18}}},"fnMap":{"0":{"name":"_createForOfIteratorHelper","decl":{"start":{"line":8,"column":9},"end":{"line":8,"column":35}},"loc":{"start":{"line":8,"column":55},"end":{"line":8,"column":997}},"line":8},"1":{"name":"F","decl":{"start":{"line":8,"column":296},"end":{"line":8,"column":297}},"loc":{"start":{"line":8,"column":300},"end":{"line":8,"column":302}},"line":8},"2":{"name":"n","decl":{"start":{"line":8,"column":331},"end":{"line":8,"column":332}},"loc":{"start":{"line":8,"column":335},"end":{"line":8,"column":419}},"line":8},"3":{"name":"e","decl":{"start":{"line":8,"column":433},"end":{"line":8,"column":434}},"loc":{"start":{"line":8,"column":439},"end":{"line":8,"column":452}},"line":8},"4":{"name":"s","decl":{"start":{"line":8,"column":695},"end":{"line":8,"column":696}},"loc":{"start":{"line":8,"column":699},"end":{"line":8,"column":729}},"line":8},"5":{"name":"n","decl":{"start":{"line":8,"column":743},"end":{"line":8,"column":744}},"loc":{"start":{"line":8,"column":747},"end":{"line":8,"column":815}},"line":8},"6":{"name":"e","decl":{"start":{"line":8,"column":829},"end":{"line":8,"column":830}},"loc":{"start":{"line":8,"column":836},"end":{"line":8,"column":865}},"line":8},"7":{"name":"f","decl":{"start":{"line":8,"column":879},"end":{"line":8,"column":880}},"loc":{"start":{"line":8,"column":883},"end":{"line":8,"column":992}},"line":8},"8":{"name":"_toConsumableArray","decl":{"start":{"line":10,"column":9},"end":{"line":10,"column":27}},"loc":{"start":{"line":10,"column":33},"end":{"line":10,"column":153}},"line":10},"9":{"name":"_nonIterableSpread","decl":{"start":{"line":12,"column":9},"end":{"line":12,"column":27}},"loc":{"start":{"line":12,"column":30},"end":{"line":12,"column":190}},"line":12},"10":{"name":"_unsupportedIterableToArray","decl":{"start":{"line":14,"column":9},"end":{"line":14,"column":36}},"loc":{"start":{"line":14,"column":48},"end":{"line":14,"column":416}},"line":14},"11":{"name":"_iterableToArray","decl":{"start":{"line":16,"column":9},"end":{"line":16,"column":25}},"loc":{"start":{"line":16,"column":32},"end":{"line":16,"column":130}},"line":16},"12":{"name":"_arrayWithoutHoles","decl":{"start":{"line":18,"column":9},"end":{"line":18,"column":27}},"loc":{"start":{"line":18,"column":33},"end":{"line":18,"column":91}},"line":18},"13":{"name":"_arrayLikeToArray","decl":{"start":{"line":20,"column":9},"end":{"line":20,"column":26}},"loc":{"start":{"line":20,"column":37},"end":{"line":20,"column":183}},"line":20},"14":{"name":"addCSSRules","decl":{"start":{"line":41,"column":9},"end":{"line":41,"column":20}},"loc":{"start":{"line":41,"column":30},"end":{"line":45,"column":1}},"line":41},"15":{"name":"match","decl":{"start":{"line":47,"column":9},"end":{"line":47,"column":14}},"loc":{"start":{"line":47,"column":34},"end":{"line":67,"column":1}},"line":47},"16":{"name":"(anonymous_16)","decl":{"start":{"line":53,"column":37},"end":{"line":53,"column":38}},"loc":{"start":{"line":53,"column":53},"end":{"line":55,"column":5}},"line":53},"17":{"name":"(anonymous_17)","decl":{"start":{"line":58,"column":37},"end":{"line":58,"column":38}},"loc":{"start":{"line":58,"column":53},"end":{"line":60,"column":5}},"line":58},"18":{"name":"specificity","decl":{"start":{"line":69,"column":9},"end":{"line":69,"column":20}},"loc":{"start":{"line":69,"column":31},"end":{"line":95,"column":1}},"line":69},"19":{"name":"compare","decl":{"start":{"line":97,"column":9},"end":{"line":97,"column":16}},"loc":{"start":{"line":97,"column":27},"end":{"line":102,"column":1}},"line":97},"20":{"name":"computeCSS","decl":{"start":{"line":104,"column":9},"end":{"line":104,"column":19}},"loc":{"start":{"line":104,"column":29},"end":{"line":160,"column":1}},"line":104},"21":{"name":"emit","decl":{"start":{"line":162,"column":9},"end":{"line":162,"column":13}},"loc":{"start":{"line":162,"column":21},"end":{"line":216,"column":1}},"line":162},"22":{"name":"data","decl":{"start":{"line":218,"column":9},"end":{"line":218,"column":13}},"loc":{"start":{"line":218,"column":17},"end":{"line":233,"column":1}},"line":218},"23":{"name":"tagOpen","decl":{"start":{"line":235,"column":9},"end":{"line":235,"column":16}},"loc":{"start":{"line":235,"column":20},"end":{"line":248,"column":1}},"line":235},"24":{"name":"endTagOpen","decl":{"start":{"line":250,"column":9},"end":{"line":250,"column":19}},"loc":{"start":{"line":250,"column":23},"end":{"line":260,"column":1}},"line":250},"25":{"name":"tagName","decl":{"start":{"line":262,"column":9},"end":{"line":262,"column":16}},"loc":{"start":{"line":262,"column":20},"end":{"line":279,"column":1}},"line":262},"26":{"name":"beforeAttributeName","decl":{"start":{"line":281,"column":9},"end":{"line":281,"column":28}},"loc":{"start":{"line":281,"column":32},"end":{"line":295,"column":1}},"line":281},"27":{"name":"attributeName","decl":{"start":{"line":297,"column":9},"end":{"line":297,"column":22}},"loc":{"start":{"line":297,"column":26},"end":{"line":306,"column":1}},"line":297},"28":{"name":"beforeAttributeValue","decl":{"start":{"line":308,"column":9},"end":{"line":308,"column":29}},"loc":{"start":{"line":308,"column":33},"end":{"line":319,"column":1}},"line":308},"29":{"name":"doubleQuotedAttributeValue","decl":{"start":{"line":321,"column":9},"end":{"line":321,"column":35}},"loc":{"start":{"line":321,"column":39},"end":{"line":329,"column":1}},"line":321},"30":{"name":"singleQuotedAttributeValue","decl":{"start":{"line":331,"column":9},"end":{"line":331,"column":35}},"loc":{"start":{"line":331,"column":39},"end":{"line":339,"column":1}},"line":331},"31":{"name":"afterQuotedAttributeValue","decl":{"start":{"line":341,"column":9},"end":{"line":341,"column":34}},"loc":{"start":{"line":341,"column":38},"end":{"line":354,"column":1}},"line":341},"32":{"name":"UnquotedAttributeValue","decl":{"start":{"line":356,"column":9},"end":{"line":356,"column":31}},"loc":{"start":{"line":356,"column":35},"end":{"line":371,"column":1}},"line":356},"33":{"name":"afterAttributeName","decl":{"start":{"line":373,"column":9},"end":{"line":373,"column":27}},"loc":{"start":{"line":373,"column":31},"end":{"line":392,"column":1}},"line":373},"34":{"name":"selfClosingStartTag","decl":{"start":{"line":394,"column":9},"end":{"line":394,"column":28}},"loc":{"start":{"line":394,"column":32},"end":{"line":400,"column":1}},"line":394},"35":{"name":"parseHTML","decl":{"start":{"line":403,"column":9},"end":{"line":403,"column":18}},"loc":{"start":{"line":403,"column":25},"end":{"line":422,"column":1}},"line":403}},"branchMap":{"0":{"loc":{"start":{"line":8,"column":65},"end":{"line":8,"column":623}},"type":"if","locations":[{"start":{"line":8,"column":65},"end":{"line":8,"column":623}},{"start":{"line":8,"column":65},"end":{"line":8,"column":623}}],"line":8},"1":{"loc":{"start":{"line":8,"column":69},"end":{"line":8,"column":128}},"type":"binary-expr","locations":[{"start":{"line":8,"column":69},"end":{"line":8,"column":98}},{"start":{"line":8,"column":102},"end":{"line":8,"column":128}}],"line":8},"2":{"loc":{"start":{"line":8,"column":132},"end":{"line":8,"column":463}},"type":"if","locations":[{"start":{"line":8,"column":132},"end":{"line":8,"column":463}},{"start":{"line":8,"column":132},"end":{"line":8,"column":463}}],"line":8},"3":{"loc":{"start":{"line":8,"column":136},"end":{"line":8,"column":248}},"type":"binary-expr","locations":[{"start":{"line":8,"column":136},"end":{"line":8,"column":152}},{"start":{"line":8,"column":157},"end":{"line":8,"column":192}},{"start":{"line":8,"column":197},"end":{"line":8,"column":211}},{"start":{"line":8,"column":215},"end":{"line":8,"column":216}},{"start":{"line":8,"column":220},"end":{"line":8,"column":248}}],"line":8},"4":{"loc":{"start":{"line":8,"column":252},"end":{"line":8,"column":267}},"type":"if","locations":[{"start":{"line":8,"column":252},"end":{"line":8,"column":267}},{"start":{"line":8,"column":252},"end":{"line":8,"column":267}}],"line":8},"5":{"loc":{"start":{"line":8,"column":337},"end":{"line":8,"column":378}},"type":"if","locations":[{"start":{"line":8,"column":337},"end":{"line":8,"column":378}},{"start":{"line":8,"column":337},"end":{"line":8,"column":378}}],"line":8},"6":{"loc":{"start":{"line":8,"column":891},"end":{"line":8,"column":953}},"type":"if","locations":[{"start":{"line":8,"column":891},"end":{"line":8,"column":953}},{"start":{"line":8,"column":891},"end":{"line":8,"column":953}}],"line":8},"7":{"loc":{"start":{"line":8,"column":895},"end":{"line":8,"column":936}},"type":"binary-expr","locations":[{"start":{"line":8,"column":895},"end":{"line":8,"column":912}},{"start":{"line":8,"column":916},"end":{"line":8,"column":936}}],"line":8},"8":{"loc":{"start":{"line":8,"column":966},"end":{"line":8,"column":988}},"type":"if","locations":[{"start":{"line":8,"column":966},"end":{"line":8,"column":988}},{"start":{"line":8,"column":966},"end":{"line":8,"column":988}}],"line":8},"9":{"loc":{"start":{"line":10,"column":42},"end":{"line":10,"column":150}},"type":"binary-expr","locations":[{"start":{"line":10,"column":42},"end":{"line":10,"column":65}},{"start":{"line":10,"column":69},"end":{"line":10,"column":90}},{"start":{"line":10,"column":94},"end":{"line":10,"column":126}},{"start":{"line":10,"column":130},"end":{"line":10,"column":150}}],"line":10},"10":{"loc":{"start":{"line":14,"column":50},"end":{"line":14,"column":65}},"type":"if","locations":[{"start":{"line":14,"column":50},"end":{"line":14,"column":65}},{"start":{"line":14,"column":50},"end":{"line":14,"column":65}}],"line":14},"11":{"loc":{"start":{"line":14,"column":66},"end":{"line":14,"column":129}},"type":"if","locations":[{"start":{"line":14,"column":66},"end":{"line":14,"column":129}},{"start":{"line":14,"column":66},"end":{"line":14,"column":129}}],"line":14},"12":{"loc":{"start":{"line":14,"column":186},"end":{"line":14,"column":246}},"type":"if","locations":[{"start":{"line":14,"column":186},"end":{"line":14,"column":246}},{"start":{"line":14,"column":186},"end":{"line":14,"column":246}}],"line":14},"13":{"loc":{"start":{"line":14,"column":190},"end":{"line":14,"column":221}},"type":"binary-expr","locations":[{"start":{"line":14,"column":190},"end":{"line":14,"column":204}},{"start":{"line":14,"column":208},"end":{"line":14,"column":221}}],"line":14},"14":{"loc":{"start":{"line":14,"column":247},"end":{"line":14,"column":300}},"type":"if","locations":[{"start":{"line":14,"column":247},"end":{"line":14,"column":300}},{"start":{"line":14,"column":247},"end":{"line":14,"column":300}}],"line":14},"15":{"loc":{"start":{"line":14,"column":251},"end":{"line":14,"column":277}},"type":"binary-expr","locations":[{"start":{"line":14,"column":251},"end":{"line":14,"column":262}},{"start":{"line":14,"column":266},"end":{"line":14,"column":277}}],"line":14},"16":{"loc":{"start":{"line":14,"column":301},"end":{"line":14,"column":414}},"type":"if","locations":[{"start":{"line":14,"column":301},"end":{"line":14,"column":414}},{"start":{"line":14,"column":301},"end":{"line":14,"column":414}}],"line":14},"17":{"loc":{"start":{"line":14,"column":305},"end":{"line":14,"column":376}},"type":"binary-expr","locations":[{"start":{"line":14,"column":305},"end":{"line":14,"column":322}},{"start":{"line":14,"column":326},"end":{"line":14,"column":376}}],"line":14},"18":{"loc":{"start":{"line":16,"column":34},"end":{"line":16,"column":128}},"type":"if","locations":[{"start":{"line":16,"column":34},"end":{"line":16,"column":128}},{"start":{"line":16,"column":34},"end":{"line":16,"column":128}}],"line":16},"19":{"loc":{"start":{"line":16,"column":38},"end":{"line":16,"column":102}},"type":"binary-expr","locations":[{"start":{"line":16,"column":38},"end":{"line":16,"column":67}},{"start":{"line":16,"column":71},"end":{"line":16,"column":102}}],"line":16},"20":{"loc":{"start":{"line":18,"column":35},"end":{"line":18,"column":89}},"type":"if","locations":[{"start":{"line":18,"column":35},"end":{"line":18,"column":89}},{"start":{"line":18,"column":35},"end":{"line":18,"column":89}}],"line":18},"21":{"loc":{"start":{"line":20,"column":39},"end":{"line":20,"column":93}},"type":"if","locations":[{"start":{"line":20,"column":39},"end":{"line":20,"column":93}},{"start":{"line":20,"column":39},"end":{"line":20,"column":93}}],"line":20},"22":{"loc":{"start":{"line":20,"column":43},"end":{"line":20,"column":74}},"type":"binary-expr","locations":[{"start":{"line":20,"column":43},"end":{"line":20,"column":54}},{"start":{"line":20,"column":58},"end":{"line":20,"column":74}}],"line":20},"23":{"loc":{"start":{"line":49,"column":2},"end":{"line":49,"column":53}},"type":"if","locations":[{"start":{"line":49,"column":2},"end":{"line":49,"column":53}},{"start":{"line":49,"column":2},"end":{"line":49,"column":53}}],"line":49},"24":{"loc":{"start":{"line":49,"column":6},"end":{"line":49,"column":38}},"type":"binary-expr","locations":[{"start":{"line":49,"column":6},"end":{"line":49,"column":15}},{"start":{"line":49,"column":19},"end":{"line":49,"column":38}}],"line":49},"25":{"loc":{"start":{"line":52,"column":2},"end":{"line":64,"column":3}},"type":"if","locations":[{"start":{"line":52,"column":2},"end":{"line":64,"column":3}},{"start":{"line":52,"column":2},"end":{"line":64,"column":3}}],"line":52},"26":{"loc":{"start":{"line":56,"column":4},"end":{"line":56,"column":70}},"type":"if","locations":[{"start":{"line":56,"column":4},"end":{"line":56,"column":70}},{"start":{"line":56,"column":4},"end":{"line":56,"column":70}}],"line":56},"27":{"loc":{"start":{"line":56,"column":8},"end":{"line":56,"column":56}},"type":"binary-expr","locations":[{"start":{"line":56,"column":8},"end":{"line":56,"column":12}},{"start":{"line":56,"column":16},"end":{"line":56,"column":56}}],"line":56},"28":{"loc":{"start":{"line":57,"column":9},"end":{"line":64,"column":3}},"type":"if","locations":[{"start":{"line":57,"column":9},"end":{"line":64,"column":3}},{"start":{"line":57,"column":9},"end":{"line":64,"column":3}}],"line":57},"29":{"loc":{"start":{"line":61,"column":4},"end":{"line":61,"column":70}},"type":"if","locations":[{"start":{"line":61,"column":4},"end":{"line":61,"column":70}},{"start":{"line":61,"column":4},"end":{"line":61,"column":70}}],"line":61},"30":{"loc":{"start":{"line":61,"column":8},"end":{"line":61,"column":56}},"type":"binary-expr","locations":[{"start":{"line":61,"column":8},"end":{"line":61,"column":12}},{"start":{"line":61,"column":16},"end":{"line":61,"column":56}}],"line":61},"31":{"loc":{"start":{"line":63,"column":4},"end":{"line":63,"column":50}},"type":"if","locations":[{"start":{"line":63,"column":4},"end":{"line":63,"column":50}},{"start":{"line":63,"column":4},"end":{"line":63,"column":50}}],"line":63},"32":{"loc":{"start":{"line":80,"column":6},"end":{"line":86,"column":7}},"type":"if","locations":[{"start":{"line":80,"column":6},"end":{"line":86,"column":7}},{"start":{"line":80,"column":6},"end":{"line":86,"column":7}}],"line":80},"33":{"loc":{"start":{"line":82,"column":13},"end":{"line":86,"column":7}},"type":"if","locations":[{"start":{"line":82,"column":13},"end":{"line":86,"column":7}},{"start":{"line":82,"column":13},"end":{"line":86,"column":7}}],"line":82},"34":{"loc":{"start":{"line":98,"column":2},"end":{"line":98,"column":46}},"type":"if","locations":[{"start":{"line":98,"column":2},"end":{"line":98,"column":46}},{"start":{"line":98,"column":2},"end":{"line":98,"column":46}}],"line":98},"35":{"loc":{"start":{"line":99,"column":2},"end":{"line":99,"column":46}},"type":"if","locations":[{"start":{"line":99,"column":2},"end":{"line":99,"column":46}},{"start":{"line":99,"column":2},"end":{"line":99,"column":46}}],"line":99},"36":{"loc":{"start":{"line":100,"column":2},"end":{"line":100,"column":46}},"type":"if","locations":[{"start":{"line":100,"column":2},"end":{"line":100,"column":46}},{"start":{"line":100,"column":2},"end":{"line":100,"column":46}}],"line":100},"37":{"loc":{"start":{"line":109,"column":2},"end":{"line":109,"column":57}},"type":"if","locations":[{"start":{"line":109,"column":2},"end":{"line":109,"column":57}},{"start":{"line":109,"column":2},"end":{"line":109,"column":57}}],"line":109},"38":{"loc":{"start":{"line":118,"column":6},"end":{"line":118,"column":54}},"type":"if","locations":[{"start":{"line":118,"column":6},"end":{"line":118,"column":54}},{"start":{"line":118,"column":6},"end":{"line":118,"column":54}}],"line":118},"39":{"loc":{"start":{"line":122,"column":8},"end":{"line":124,"column":9}},"type":"if","locations":[{"start":{"line":122,"column":8},"end":{"line":124,"column":9}},{"start":{"line":122,"column":8},"end":{"line":124,"column":9}}],"line":122},"40":{"loc":{"start":{"line":127,"column":6},"end":{"line":153,"column":7}},"type":"if","locations":[{"start":{"line":127,"column":6},"end":{"line":153,"column":7}},{"start":{"line":127,"column":6},"end":{"line":153,"column":7}}],"line":127},"41":{"loc":{"start":{"line":138,"column":12},"end":{"line":138,"column":95}},"type":"if","locations":[{"start":{"line":138,"column":12},"end":{"line":138,"column":95}},{"start":{"line":138,"column":12},"end":{"line":138,"column":95}}],"line":138},"42":{"loc":{"start":{"line":140,"column":12},"end":{"line":146,"column":13}},"type":"if","locations":[{"start":{"line":140,"column":12},"end":{"line":146,"column":13}},{"start":{"line":140,"column":12},"end":{"line":146,"column":13}}],"line":140},"43":{"loc":{"start":{"line":143,"column":19},"end":{"line":146,"column":13}},"type":"if","locations":[{"start":{"line":143,"column":19},"end":{"line":146,"column":13}},{"start":{"line":143,"column":19},"end":{"line":146,"column":13}}],"line":143},"44":{"loc":{"start":{"line":167,"column":2},"end":{"line":215,"column":3}},"type":"if","locations":[{"start":{"line":167,"column":2},"end":{"line":215,"column":3}},{"start":{"line":167,"column":2},"end":{"line":215,"column":3}}],"line":167},"45":{"loc":{"start":{"line":177,"column":6},"end":{"line":182,"column":7}},"type":"if","locations":[{"start":{"line":177,"column":6},"end":{"line":182,"column":7}},{"start":{"line":177,"column":6},"end":{"line":182,"column":7}}],"line":177},"46":{"loc":{"start":{"line":177,"column":10},"end":{"line":177,"column":41}},"type":"binary-expr","locations":[{"start":{"line":177,"column":10},"end":{"line":177,"column":22}},{"start":{"line":177,"column":26},"end":{"line":177,"column":41}}],"line":177},"47":{"loc":{"start":{"line":188,"column":4},"end":{"line":188,"column":50}},"type":"if","locations":[{"start":{"line":188,"column":4},"end":{"line":188,"column":50}},{"start":{"line":188,"column":4},"end":{"line":188,"column":50}}],"line":188},"48":{"loc":{"start":{"line":190,"column":9},"end":{"line":215,"column":3}},"type":"if","locations":[{"start":{"line":190,"column":9},"end":{"line":215,"column":3}},{"start":{"line":190,"column":9},"end":{"line":215,"column":3}}],"line":190},"49":{"loc":{"start":{"line":191,"column":4},"end":{"line":202,"column":5}},"type":"if","locations":[{"start":{"line":191,"column":4},"end":{"line":202,"column":5}},{"start":{"line":191,"column":4},"end":{"line":202,"column":5}}],"line":191},"50":{"loc":{"start":{"line":195,"column":6},"end":{"line":197,"column":7}},"type":"if","locations":[{"start":{"line":195,"column":6},"end":{"line":197,"column":7}},{"start":{"line":195,"column":6},"end":{"line":197,"column":7}}],"line":195},"51":{"loc":{"start":{"line":205,"column":9},"end":{"line":215,"column":3}},"type":"if","locations":[{"start":{"line":205,"column":9},"end":{"line":215,"column":3}},{"start":{"line":205,"column":9},"end":{"line":215,"column":3}}],"line":205},"52":{"loc":{"start":{"line":206,"column":4},"end":{"line":212,"column":5}},"type":"if","locations":[{"start":{"line":206,"column":4},"end":{"line":212,"column":5}},{"start":{"line":206,"column":4},"end":{"line":212,"column":5}}],"line":206},"53":{"loc":{"start":{"line":219,"column":2},"end":{"line":232,"column":3}},"type":"if","locations":[{"start":{"line":219,"column":2},"end":{"line":232,"column":3}},{"start":{"line":219,"column":2},"end":{"line":232,"column":3}}],"line":219},"54":{"loc":{"start":{"line":221,"column":9},"end":{"line":232,"column":3}},"type":"if","locations":[{"start":{"line":221,"column":9},"end":{"line":232,"column":3}},{"start":{"line":221,"column":9},"end":{"line":232,"column":3}}],"line":221},"55":{"loc":{"start":{"line":236,"column":2},"end":{"line":247,"column":3}},"type":"if","locations":[{"start":{"line":236,"column":2},"end":{"line":247,"column":3}},{"start":{"line":236,"column":2},"end":{"line":247,"column":3}}],"line":236},"56":{"loc":{"start":{"line":238,"column":9},"end":{"line":247,"column":3}},"type":"if","locations":[{"start":{"line":238,"column":9},"end":{"line":247,"column":3}},{"start":{"line":238,"column":9},"end":{"line":247,"column":3}}],"line":238},"57":{"loc":{"start":{"line":251,"column":2},"end":{"line":259,"column":34}},"type":"if","locations":[{"start":{"line":251,"column":2},"end":{"line":259,"column":34}},{"start":{"line":251,"column":2},"end":{"line":259,"column":34}}],"line":251},"58":{"loc":{"start":{"line":257,"column":9},"end":{"line":259,"column":34}},"type":"if","locations":[{"start":{"line":257,"column":9},"end":{"line":259,"column":34}},{"start":{"line":257,"column":9},"end":{"line":259,"column":34}}],"line":257},"59":{"loc":{"start":{"line":259,"column":9},"end":{"line":259,"column":34}},"type":"if","locations":[{"start":{"line":259,"column":9},"end":{"line":259,"column":34}},{"start":{"line":259,"column":9},"end":{"line":259,"column":34}}],"line":259},"60":{"loc":{"start":{"line":263,"column":2},"end":{"line":278,"column":3}},"type":"if","locations":[{"start":{"line":263,"column":2},"end":{"line":278,"column":3}},{"start":{"line":263,"column":2},"end":{"line":278,"column":3}}],"line":263},"61":{"loc":{"start":{"line":265,"column":9},"end":{"line":278,"column":3}},"type":"if","locations":[{"start":{"line":265,"column":9},"end":{"line":278,"column":3}},{"start":{"line":265,"column":9},"end":{"line":278,"column":3}}],"line":265},"62":{"loc":{"start":{"line":267,"column":9},"end":{"line":278,"column":3}},"type":"if","locations":[{"start":{"line":267,"column":9},"end":{"line":278,"column":3}},{"start":{"line":267,"column":9},"end":{"line":278,"column":3}}],"line":267},"63":{"loc":{"start":{"line":271,"column":9},"end":{"line":278,"column":3}},"type":"if","locations":[{"start":{"line":271,"column":9},"end":{"line":278,"column":3}},{"start":{"line":271,"column":9},"end":{"line":278,"column":3}}],"line":271},"64":{"loc":{"start":{"line":282,"column":2},"end":{"line":294,"column":3}},"type":"if","locations":[{"start":{"line":282,"column":2},"end":{"line":294,"column":3}},{"start":{"line":282,"column":2},"end":{"line":294,"column":3}}],"line":282},"65":{"loc":{"start":{"line":284,"column":9},"end":{"line":294,"column":3}},"type":"if","locations":[{"start":{"line":284,"column":9},"end":{"line":294,"column":3}},{"start":{"line":284,"column":9},"end":{"line":294,"column":3}}],"line":284},"66":{"loc":{"start":{"line":284,"column":13},"end":{"line":284,"column":48}},"type":"binary-expr","locations":[{"start":{"line":284,"column":13},"end":{"line":284,"column":22}},{"start":{"line":284,"column":26},"end":{"line":284,"column":35}},{"start":{"line":284,"column":39},"end":{"line":284,"column":48}}],"line":284},"67":{"loc":{"start":{"line":286,"column":9},"end":{"line":294,"column":3}},"type":"if","locations":[{"start":{"line":286,"column":9},"end":{"line":294,"column":3}},{"start":{"line":286,"column":9},"end":{"line":294,"column":3}}],"line":286},"68":{"loc":{"start":{"line":298,"column":2},"end":{"line":305,"column":3}},"type":"if","locations":[{"start":{"line":298,"column":2},"end":{"line":305,"column":3}},{"start":{"line":298,"column":2},"end":{"line":305,"column":3}}],"line":298},"69":{"loc":{"start":{"line":298,"column":6},"end":{"line":298,"column":63}},"type":"binary-expr","locations":[{"start":{"line":298,"column":6},"end":{"line":298,"column":24}},{"start":{"line":298,"column":28},"end":{"line":298,"column":37}},{"start":{"line":298,"column":41},"end":{"line":298,"column":50}},{"start":{"line":298,"column":54},"end":{"line":298,"column":63}}],"line":298},"70":{"loc":{"start":{"line":300,"column":9},"end":{"line":305,"column":3}},"type":"if","locations":[{"start":{"line":300,"column":9},"end":{"line":305,"column":3}},{"start":{"line":300,"column":9},"end":{"line":305,"column":3}}],"line":300},"71":{"loc":{"start":{"line":302,"column":9},"end":{"line":305,"column":3}},"type":"if","locations":[{"start":{"line":302,"column":9},"end":{"line":305,"column":3}},{"start":{"line":302,"column":9},"end":{"line":305,"column":3}}],"line":302},"72":{"loc":{"start":{"line":302,"column":33},"end":{"line":305,"column":3}},"type":"if","locations":[{"start":{"line":302,"column":33},"end":{"line":305,"column":3}},{"start":{"line":302,"column":33},"end":{"line":305,"column":3}}],"line":302},"73":{"loc":{"start":{"line":302,"column":37},"end":{"line":302,"column":73}},"type":"binary-expr","locations":[{"start":{"line":302,"column":37},"end":{"line":302,"column":47}},{"start":{"line":302,"column":51},"end":{"line":302,"column":60}},{"start":{"line":302,"column":64},"end":{"line":302,"column":73}}],"line":302},"74":{"loc":{"start":{"line":309,"column":2},"end":{"line":318,"column":3}},"type":"if","locations":[{"start":{"line":309,"column":2},"end":{"line":318,"column":3}},{"start":{"line":309,"column":2},"end":{"line":318,"column":3}}],"line":309},"75":{"loc":{"start":{"line":309,"column":6},"end":{"line":309,"column":63}},"type":"binary-expr","locations":[{"start":{"line":309,"column":6},"end":{"line":309,"column":24}},{"start":{"line":309,"column":28},"end":{"line":309,"column":37}},{"start":{"line":309,"column":41},"end":{"line":309,"column":50}},{"start":{"line":309,"column":54},"end":{"line":309,"column":63}}],"line":309},"76":{"loc":{"start":{"line":311,"column":9},"end":{"line":318,"column":3}},"type":"if","locations":[{"start":{"line":311,"column":9},"end":{"line":318,"column":3}},{"start":{"line":311,"column":9},"end":{"line":318,"column":3}}],"line":311},"77":{"loc":{"start":{"line":313,"column":9},"end":{"line":318,"column":3}},"type":"if","locations":[{"start":{"line":313,"column":9},"end":{"line":318,"column":3}},{"start":{"line":313,"column":9},"end":{"line":318,"column":3}}],"line":313},"78":{"loc":{"start":{"line":315,"column":9},"end":{"line":318,"column":3}},"type":"if","locations":[{"start":{"line":315,"column":9},"end":{"line":318,"column":3}},{"start":{"line":315,"column":9},"end":{"line":318,"column":3}}],"line":315},"79":{"loc":{"start":{"line":322,"column":2},"end":{"line":328,"column":3}},"type":"if","locations":[{"start":{"line":322,"column":2},"end":{"line":328,"column":3}},{"start":{"line":322,"column":2},"end":{"line":328,"column":3}}],"line":322},"80":{"loc":{"start":{"line":325,"column":9},"end":{"line":328,"column":3}},"type":"if","locations":[{"start":{"line":325,"column":9},"end":{"line":328,"column":3}},{"start":{"line":325,"column":9},"end":{"line":328,"column":3}}],"line":325},"81":{"loc":{"start":{"line":325,"column":33},"end":{"line":328,"column":3}},"type":"if","locations":[{"start":{"line":325,"column":33},"end":{"line":328,"column":3}},{"start":{"line":325,"column":33},"end":{"line":328,"column":3}}],"line":325},"82":{"loc":{"start":{"line":332,"column":2},"end":{"line":338,"column":3}},"type":"if","locations":[{"start":{"line":332,"column":2},"end":{"line":338,"column":3}},{"start":{"line":332,"column":2},"end":{"line":338,"column":3}}],"line":332},"83":{"loc":{"start":{"line":335,"column":9},"end":{"line":338,"column":3}},"type":"if","locations":[{"start":{"line":335,"column":9},"end":{"line":338,"column":3}},{"start":{"line":335,"column":9},"end":{"line":338,"column":3}}],"line":335},"84":{"loc":{"start":{"line":335,"column":33},"end":{"line":338,"column":3}},"type":"if","locations":[{"start":{"line":335,"column":33},"end":{"line":338,"column":3}},{"start":{"line":335,"column":33},"end":{"line":338,"column":3}}],"line":335},"85":{"loc":{"start":{"line":342,"column":2},"end":{"line":353,"column":3}},"type":"if","locations":[{"start":{"line":342,"column":2},"end":{"line":353,"column":3}},{"start":{"line":342,"column":2},"end":{"line":353,"column":3}}],"line":342},"86":{"loc":{"start":{"line":344,"column":9},"end":{"line":353,"column":3}},"type":"if","locations":[{"start":{"line":344,"column":9},"end":{"line":353,"column":3}},{"start":{"line":344,"column":9},"end":{"line":353,"column":3}}],"line":344},"87":{"loc":{"start":{"line":346,"column":9},"end":{"line":353,"column":3}},"type":"if","locations":[{"start":{"line":346,"column":9},"end":{"line":353,"column":3}},{"start":{"line":346,"column":9},"end":{"line":353,"column":3}}],"line":346},"88":{"loc":{"start":{"line":350,"column":9},"end":{"line":353,"column":3}},"type":"if","locations":[{"start":{"line":350,"column":9},"end":{"line":353,"column":3}},{"start":{"line":350,"column":9},"end":{"line":353,"column":3}}],"line":350},"89":{"loc":{"start":{"line":350,"column":33},"end":{"line":353,"column":3}},"type":"if","locations":[{"start":{"line":350,"column":33},"end":{"line":353,"column":3}},{"start":{"line":350,"column":33},"end":{"line":353,"column":3}}],"line":350},"90":{"loc":{"start":{"line":357,"column":2},"end":{"line":370,"column":3}},"type":"if","locations":[{"start":{"line":357,"column":2},"end":{"line":370,"column":3}},{"start":{"line":357,"column":2},"end":{"line":370,"column":3}}],"line":357},"91":{"loc":{"start":{"line":360,"column":9},"end":{"line":370,"column":3}},"type":"if","locations":[{"start":{"line":360,"column":9},"end":{"line":370,"column":3}},{"start":{"line":360,"column":9},"end":{"line":370,"column":3}}],"line":360},"92":{"loc":{"start":{"line":363,"column":9},"end":{"line":370,"column":3}},"type":"if","locations":[{"start":{"line":363,"column":9},"end":{"line":370,"column":3}},{"start":{"line":363,"column":9},"end":{"line":370,"column":3}}],"line":363},"93":{"loc":{"start":{"line":367,"column":9},"end":{"line":370,"column":3}},"type":"if","locations":[{"start":{"line":367,"column":9},"end":{"line":370,"column":3}},{"start":{"line":367,"column":9},"end":{"line":370,"column":3}}],"line":367},"94":{"loc":{"start":{"line":367,"column":33},"end":{"line":370,"column":3}},"type":"if","locations":[{"start":{"line":367,"column":33},"end":{"line":370,"column":3}},{"start":{"line":367,"column":33},"end":{"line":370,"column":3}}],"line":367},"95":{"loc":{"start":{"line":367,"column":37},"end":{"line":367,"column":99}},"type":"binary-expr","locations":[{"start":{"line":367,"column":37},"end":{"line":367,"column":47}},{"start":{"line":367,"column":51},"end":{"line":367,"column":60}},{"start":{"line":367,"column":64},"end":{"line":367,"column":73}},{"start":{"line":367,"column":77},"end":{"line":367,"column":86}},{"start":{"line":367,"column":90},"end":{"line":367,"column":99}}],"line":367},"96":{"loc":{"start":{"line":367,"column":109},"end":{"line":370,"column":3}},"type":"if","locations":[{"start":{"line":367,"column":109},"end":{"line":370,"column":3}},{"start":{"line":367,"column":109},"end":{"line":370,"column":3}}],"line":367},"97":{"loc":{"start":{"line":374,"column":2},"end":{"line":391,"column":3}},"type":"if","locations":[{"start":{"line":374,"column":2},"end":{"line":391,"column":3}},{"start":{"line":374,"column":2},"end":{"line":391,"column":3}}],"line":374},"98":{"loc":{"start":{"line":376,"column":9},"end":{"line":391,"column":3}},"type":"if","locations":[{"start":{"line":376,"column":9},"end":{"line":391,"column":3}},{"start":{"line":376,"column":9},"end":{"line":391,"column":3}}],"line":376},"99":{"loc":{"start":{"line":378,"column":9},"end":{"line":391,"column":3}},"type":"if","locations":[{"start":{"line":378,"column":9},"end":{"line":391,"column":3}},{"start":{"line":378,"column":9},"end":{"line":391,"column":3}}],"line":378},"100":{"loc":{"start":{"line":380,"column":9},"end":{"line":391,"column":3}},"type":"if","locations":[{"start":{"line":380,"column":9},"end":{"line":391,"column":3}},{"start":{"line":380,"column":9},"end":{"line":391,"column":3}}],"line":380},"101":{"loc":{"start":{"line":384,"column":9},"end":{"line":391,"column":3}},"type":"if","locations":[{"start":{"line":384,"column":9},"end":{"line":391,"column":3}},{"start":{"line":384,"column":9},"end":{"line":391,"column":3}}],"line":384},"102":{"loc":{"start":{"line":395,"column":2},"end":{"line":399,"column":3}},"type":"if","locations":[{"start":{"line":395,"column":2},"end":{"line":399,"column":3}},{"start":{"line":395,"column":2},"end":{"line":399,"column":3}}],"line":395}},"s":{"0":1,"1":1,"2":16,"3":0,"4":0,"5":0,"6":0,"7":0,"8":0,"9":0,"10":0,"11":0,"12":0,"13":0,"14":16,"15":16,"16":16,"17":16,"18":642,"19":642,"20":642,"21":0,"22":0,"23":16,"24":16,"25":0,"26":16,"27":0,"28":1,"29":0,"30":0,"31":0,"32":0,"33":0,"34":0,"35":0,"36":0,"37":0,"38":0,"39":0,"40":0,"41":0,"42":0,"43":1,"44":1,"45":1,"46":1,"47":1,"48":1,"49":1,"50":3,"51":1,"52":1,"53":1,"54":1,"55":1,"56":1,"57":1,"58":1,"59":1,"60":1,"61":1,"62":1,"63":26,"64":11,"65":15,"66":15,"67":5,"68":9,"69":5,"70":1,"71":10,"72":5,"73":9,"74":5,"75":1,"76":5,"77":1,"78":12,"79":3,"80":3,"81":3,"82":3,"83":3,"84":3,"85":3,"86":1,"87":2,"88":1,"89":1,"90":0,"91":3,"92":3,"93":0,"94":0,"95":0,"96":0,"97":0,"98":0,"99":0,"100":9,"101":9,"102":9,"103":9,"104":9,"105":9,"106":9,"107":9,"108":15,"109":15,"110":15,"111":12,"112":3,"113":3,"114":3,"115":11,"116":0,"117":3,"118":3,"119":3,"120":3,"121":3,"122":3,"123":3,"124":6,"125":6,"126":6,"127":6,"128":6,"129":6,"130":0,"131":0,"132":0,"133":0,"134":3,"135":0,"136":9,"137":291,"138":291,"139":9,"140":9,"141":9,"142":27,"143":9,"144":9,"145":9,"146":9,"147":9,"148":7,"149":9,"150":282,"151":7,"152":0,"153":7,"154":1,"155":7,"156":7,"157":7,"158":275,"159":274,"160":15,"161":15,"162":274,"163":291,"164":16,"165":275,"166":1,"167":1,"168":274,"169":274,"170":16,"171":7,"172":9,"173":9,"174":9,"175":0,"176":7,"177":7,"178":7,"179":0,"180":0,"181":0,"182":75,"183":3,"184":72,"185":1,"186":71,"187":57,"188":57,"189":14,"190":12,"191":12,"192":2,"193":2,"194":40,"195":32,"196":8,"197":2,"198":6,"199":6,"200":6,"201":44,"202":2,"203":42,"204":5,"205":37,"206":37,"207":37,"208":37,"209":5,"210":0,"211":5,"212":4,"213":1,"214":1,"215":0,"216":0,"217":130,"218":4,"219":4,"220":126,"221":126,"222":126,"223":126,"224":6,"225":1,"226":1,"227":5,"228":5,"229":5,"230":5,"231":5,"232":5,"233":0,"234":0,"235":0,"236":0,"237":0,"238":0,"239":0,"240":0,"241":0,"242":0,"243":0,"244":0,"245":0,"246":0,"247":0,"248":0,"249":0,"250":0,"251":0,"252":0,"253":0,"254":0,"255":0,"256":0,"257":0,"258":9,"259":5,"260":4,"261":1,"262":3,"263":0,"264":3,"265":2,"266":2,"267":2,"268":1,"269":1,"270":1,"271":1,"272":2,"273":2,"274":2,"275":2,"276":1,"277":1,"278":1,"279":1,"280":602,"281":602,"282":0,"283":1,"284":1,"285":1},"f":{"0":16,"1":0,"2":0,"3":0,"4":16,"5":642,"6":0,"7":16,"8":1,"9":0,"10":0,"11":0,"12":1,"13":1,"14":1,"15":26,"16":9,"17":9,"18":3,"19":0,"20":9,"21":291,"22":291,"23":16,"24":7,"25":75,"26":40,"27":44,"28":5,"29":130,"30":6,"31":5,"32":0,"33":9,"34":2,"35":1},"b":{"0":[0,16],"1":[16,16],"2":[0,0],"3":[0,0,0,0,0],"4":[0,0],"5":[0,0],"6":[0,16],"7":[16,0],"8":[0,16],"9":[1,0,0,0],"10":[0,0],"11":[0,0],"12":[0,0],"13":[0,0],"14":[0,0],"15":[0,0],"16":[0,0],"17":[0,0],"18":[0,0],"19":[0,0],"20":[1,0],"21":[1,0],"22":[1,0],"23":[11,15],"24":[26,15],"25":[5,10],"26":[1,4],"27":[5,1],"28":[5,5],"29":[1,4],"30":[5,1],"31":[1,4],"32":[1,2],"33":[1,1],"34":[0,0],"35":[0,0],"36":[0,0],"37":[9,0],"38":[12,3],"39":[0,11],"40":[3,0],"41":[6,0],"42":[6,0],"43":[0,0],"44":[9,282],"45":[9,18],"46":[27,18],"47":[7,2],"48":[7,275],"49":[0,7],"50":[1,6],"51":[274,1],"52":[15,259],"53":[16,275],"54":[1,274],"55":[7,9],"56":[9,0],"57":[7,0],"58":[0,0],"59":[0,0],"60":[3,72],"61":[1,71],"62":[57,14],"63":[12,2],"64":[32,8],"65":[2,6],"66":[8,7,6],"67":[0,6],"68":[2,42],"69":[44,43,42,42],"70":[5,37],"71":[0,37],"72":[0,37],"73":[37,37,37],"74":[0,5],"75":[5,5,5,5],"76":[4,1],"77":[1,0],"78":[0,0],"79":[4,126],"80":[0,126],"81":[0,126],"82":[1,5],"83":[0,5],"84":[0,5],"85":[5,0],"86":[0,0],"87":[0,0],"88":[0,0],"89":[0,0],"90":[0,0],"91":[0,0],"92":[0,0],"93":[0,0],"94":[0,0],"95":[0,0,0,0,0],"96":[0,0],"97":[5,4],"98":[1,3],"99":[0,3],"100":[2,1],"101":[0,1],"102":[2,0]},"inputSourceMap":{"version":3,"sources":["parser.js"],"names":["CSS","require","EOF","Symbol","SPACE_ERG","layout","currentToken","currentAttribute","currentTextNode","stack","type","children","rules","addCSSRules","cssText","ast","parse","push","stylesheet","match","element","selector","attributes","attr","charAt","filter","name","value","replace","tagName","specificity","p","Array","fill","selectorParts","split","part","compare","sp1","sp2","computeCSS","console","info","elements","slice","reverse","computedStyle","rule","selectors","j","i","length","sp","declarations","declaration","property","emit","token","top","parent","isSelfClosing","Error","content","pop","data","c","tagOpen","endTagOpen","beforeAttributeName","selfClosingStartTag","afterAttributeName","attributeName","beforeAttributeValue","doubleQuotedAttributeValue","singleQuotedAttributeValue","UnquotedAttributeValue","afterQuotedAttributeValue","parseHTML","html","state"],"mappings":";;;;;;;;;;;;;;;;;;;;;AAAA,IAAMA,GAAG,GAAGC,OAAO,CAAC,KAAD,CAAnB;;AACA,IAAMC,GAAG,GAAGC,MAAM,CAAC,KAAD,CAAlB,C,CAA0B;;AAC1B,IAAMC,SAAS,GAAG,aAAlB;;AACA,IAAMC,MAAM,GAAGJ,OAAO,CAAC,UAAD,CAAtB,C,CAEA;;;AACA,IAAIK,YAAY,GAAG,IAAnB;AACA,IAAIC,gBAAgB,GAAG,IAAvB;AACA,IAAIC,eAAe,GAAG,IAAtB;AAGA,IAAIC,KAAK,GAAG,CAAC;AAACC,EAAAA,IAAI,EAAE,UAAP;AAAmBC,EAAAA,QAAQ,EAAE;AAA7B,CAAD,CAAZ,C,CAEA;;AACA,IAAIC,KAAK,GAAG,EAAZ;;AAEA,SAASC,WAAT,CAAsBC,OAAtB,EAA+B;AAC3B,MAAIC,GAAG,GAAGf,GAAG,CAACgB,KAAJ,CAAUF,OAAV,CAAV,CAD2B,CAE3B;;AACAF,EAAAA,KAAK,CAACK,IAAN,OAAAL,KAAK,qBAASG,GAAG,CAACG,UAAJ,CAAeN,KAAxB,EAAL;AACH;;AAED,SAASO,KAAT,CAAgBC,OAAhB,EAAyBC,QAAzB,EAAmC;AAC/B;AACA,MAAI,CAACA,QAAD,IAAa,CAACD,OAAO,CAACE,UAA1B,EAAsC,OAAO,KAAP;AACtC,MAAIC,IAAI,GAAG,IAAX;;AACA,MAAIF,QAAQ,CAACG,MAAT,CAAgB,CAAhB,MAAuB,GAA3B,EAAgC;AAC5BD,IAAAA,IAAI,GAAGH,OAAO,CAACE,UAAR,CAAmBG,MAAnB,CAA0B,UAAAF,IAAI;AAAA,aAAIA,IAAI,CAACG,IAAL,KAAc,IAAlB;AAAA,KAA9B,EAAsD,CAAtD,CAAP;AACA,QAAIH,IAAI,IAAIA,IAAI,CAACI,KAAL,KAAeN,QAAQ,CAACO,OAAT,CAAiB,GAAjB,EAAsB,EAAtB,CAA3B,EAAsD,OAAO,IAAP;AACzD,GAHD,MAGO,IAAIP,QAAQ,CAACG,MAAT,CAAgB,CAAhB,MAAuB,GAA3B,EAAgC;AACnCD,IAAAA,IAAI,GAAGH,OAAO,CAACE,UAAR,CAAmBG,MAAnB,CAA0B,UAAAF,IAAI;AAAA,aAAIA,IAAI,CAACG,IAAL,KAAc,OAAlB;AAAA,KAA9B,EAAyD,CAAzD,CAAP;AACA,QAAIH,IAAI,IAAIA,IAAI,CAACI,KAAL,KAAeN,QAAQ,CAACO,OAAT,CAAiB,GAAjB,EAAsB,EAAtB,CAA3B,EAAsD,OAAO,IAAP;AACzD,GAHM,MAGA;AACH,QAAIR,OAAO,CAACS,OAAR,KAAoBR,QAAxB,EAAkC,OAAO,IAAP;AACrC;;AACD,SAAO,KAAP;AACH;;AAED,SAASS,WAAT,CAAsBT,QAAtB,EAAgC;AAC5B,MAAIU,CAAC,GAAGC,KAAK,CAAC,CAAD,CAAL,CAASC,IAAT,CAAc,CAAd,CAAR;AACA,MAAIC,aAAa,GAAGb,QAAQ,CAACc,KAAT,CAAe,GAAf,CAApB;;AAF4B,6CAGXD,aAHW;AAAA;;AAAA;AAG5B,wDAAgC;AAAA,UAAvBE,IAAuB;;AAC5B,UAAIA,IAAI,CAACZ,MAAL,CAAY,CAAZ,MAAmB,GAAvB,EAA4B;AACxBO,QAAAA,CAAC,CAAC,CAAD,CAAD,IAAQ,CAAR;AACH,OAFD,MAEO,IAAIK,IAAI,CAACZ,MAAL,CAAY,CAAZ,MAAmB,GAAvB,EAA4B;AAC/BO,QAAAA,CAAC,CAAC,CAAD,CAAD,IAAQ,CAAR;AACH,OAFM,MAEA;AACHA,QAAAA,CAAC,CAAC,CAAD,CAAD,IAAQ,CAAR;AACH;AACJ;AAX2B;AAAA;AAAA;AAAA;AAAA;;AAY5B,SAAOA,CAAP;AACH;;AAED,SAASM,OAAT,CAAkBC,GAAlB,EAAuBC,GAAvB,EAA4B;AACxB,MAAID,GAAG,CAAC,CAAD,CAAH,GAASC,GAAG,CAAC,CAAD,CAAhB,EACI,OAAOD,GAAG,CAAC,CAAD,CAAH,GAASC,GAAG,CAAC,CAAD,CAAnB;AACJ,MAAID,GAAG,CAAC,CAAD,CAAH,GAASC,GAAG,CAAC,CAAD,CAAhB,EACI,OAAOD,GAAG,CAAC,CAAD,CAAH,GAASC,GAAG,CAAC,CAAD,CAAnB;AACJ,MAAID,GAAG,CAAC,CAAD,CAAH,GAASC,GAAG,CAAC,CAAD,CAAhB,EACI,OAAOD,GAAG,CAAC,CAAD,CAAH,GAASC,GAAG,CAAC,CAAD,CAAnB;AACJ,SAAOD,GAAG,CAAC,CAAD,CAAH,GAASC,GAAG,CAAC,CAAD,CAAnB;AACH;;AAED,SAASC,UAAT,CAAqBpB,OAArB,EAA8B;AAC1BqB,EAAAA,OAAO,CAACC,IAAR,CAAatB,OAAb;AACAqB,EAAAA,OAAO,CAACC,IAAR,CAAa,yBAAb,EAAwCtB,OAAxC,EAF0B,CAG1B;;AACA,MAAIuB,QAAQ,GAAGlC,KAAK,CAACmC,KAAN,GAAcC,OAAd,EAAf;AACA,MAAI,CAACzB,OAAO,CAAC0B,aAAb,EACI1B,OAAO,CAAC0B,aAAR,GAAwB,EAAxB;;AANsB,8CAQTlC,KARS;AAAA;;AAAA;AAQ1B,2DAAwB;AAAA,UAAfmC,IAAe;AACpB,UAAIb,aAAa,GAAGa,IAAI,CAACC,SAAL,CAAe,CAAf,EAAkBb,KAAlB,CAAwB,GAAxB,EAA6BU,OAA7B,EAApB;AAEA,UAAI,CAAC1B,KAAK,CAACC,OAAD,EAAUc,aAAa,CAAC,CAAD,CAAvB,CAAV,EACI;AAEJ,UAAIe,CAAC,GAAG,CAAR;;AACA,WAAK,IAAIC,CAAC,GAAG,CAAb,EAAgBA,CAAC,GAAGP,QAAQ,CAACQ,MAA7B,EAAqCD,CAAC,EAAtC,EAA0C;AACtC,YAAI/B,KAAK,CAACwB,QAAQ,CAACO,CAAD,CAAT,EAAchB,aAAa,CAACe,CAAD,CAA3B,CAAT,EAA0C;AACtCA,UAAAA,CAAC;AACJ;AACJ;;AAED,UAAIA,CAAC,IAAIf,aAAa,CAACiB,MAAvB,EAA+B;AAC3BV,QAAAA,OAAO,CAACC,IAAR,CAAa,SAAb,EAAwBtB,OAAxB,EAAiC,cAAjC,EAAiD2B,IAAjD;AAEA,YAAIK,EAAE,GAAGtB,WAAW,CAACiB,IAAI,CAACC,SAAL,CAAe,CAAf,CAAD,CAApB;AACA,YAAIF,aAAa,GAAG1B,OAAO,CAAC0B,aAA5B;;AAJ2B,oDAKHC,IAAI,CAACM,YALF;AAAA;;AAAA;AAK3B,iEAA2C;AAAA,gBAAlCC,WAAkC;AACvC,gBAAI,CAACR,aAAa,CAACQ,WAAW,CAACC,QAAb,CAAlB,EACIT,aAAa,CAACQ,WAAW,CAACC,QAAb,CAAb,GAAsC,EAAtC;;AACJ,gBAAI,CAACT,aAAa,CAACQ,WAAW,CAACC,QAAb,CAAb,CAAoCzB,WAAzC,EAAsD;AAClDgB,cAAAA,aAAa,CAACQ,WAAW,CAACC,QAAb,CAAb,CAAoC5B,KAApC,GAA4C2B,WAAW,CAAC3B,KAAxD;AACAmB,cAAAA,aAAa,CAACQ,WAAW,CAACC,QAAb,CAAb,CAAoCzB,WAApC,GAAkDsB,EAAlD;AACH,aAHD,MAGO,IAAIf,OAAO,CAACS,aAAa,CAACQ,WAAW,CAACC,QAAb,CAAb,CAAoCzB,WAArC,EAAkDsB,EAAlD,CAAP,GAA+D,CAAnE,EAAsE;AACzEN,cAAAA,aAAa,CAACQ,WAAW,CAACC,QAAb,CAAb,CAAoC5B,KAApC,GAA4C2B,WAAW,CAAC3B,KAAxD;AACAmB,cAAAA,aAAa,CAACQ,WAAW,CAACC,QAAb,CAAb,CAAoCzB,WAApC,GAAkDsB,EAAlD;AACH;AACJ;AAf0B;AAAA;AAAA;AAAA;AAAA;AAgB9B;AAEJ;AAvCyB;AAAA;AAAA;AAAA;AAAA;AAwC7B;;AAED,SAASI,IAAT,CAAeC,KAAf,EAAsB;AAClB;AACA;AACA,MAAIC,GAAG,GAAGjD,KAAK,CAACA,KAAK,CAAC0C,MAAN,GAAe,CAAhB,CAAf;;AACA,MAAIM,KAAK,CAAC/C,IAAN,KAAe,UAAnB,EAA+B;AAC3B;AACA,QAAIU,OAAO,GAAG;AACVV,MAAAA,IAAI,EAAE,SADI;AAEVC,MAAAA,QAAQ,EAAE,EAFA;AAGVW,MAAAA,UAAU,EAAE;AAHF,KAAd;AAMAF,IAAAA,OAAO,CAACS,OAAR,GAAkB4B,KAAK,CAAC5B,OAAxB;;AAEA,SAAK,IAAIE,CAAT,IAAc0B,KAAd,EAAqB;AACjB,UAAI1B,CAAC,KAAK,MAAN,IAAgBA,CAAC,KAAK,SAA1B,EAAqC;AACjCX,QAAAA,OAAO,CAACE,UAAR,CAAmBL,IAAnB,CAAwB;AACpBS,UAAAA,IAAI,EAAEK,CADc;AAEpBJ,UAAAA,KAAK,EAAE8B,KAAK,CAAC1B,CAAD;AAFQ,SAAxB;AAIH;AACJ;;AAEDS,IAAAA,UAAU,CAACpB,OAAD,CAAV;AAEAsC,IAAAA,GAAG,CAAC/C,QAAJ,CAAaM,IAAb,CAAkBG,OAAlB;AACAA,IAAAA,OAAO,CAACuC,MAAR,GAAiBD,GAAjB;AACA,QAAI,CAACD,KAAK,CAACG,aAAX,EACInD,KAAK,CAACQ,IAAN,CAAWG,OAAX;AACJZ,IAAAA,eAAe,GAAG,IAAlB;AACH,GA1BD,MA0BO,IAAIiD,KAAK,CAAC/C,IAAN,KAAe,QAAnB,EAA6B;AAChC,QAAIgD,GAAG,CAAC7B,OAAJ,KAAgB4B,KAAK,CAAC5B,OAA1B,EAAmC;AAC/B,YAAM,IAAIgC,KAAJ,CAAU,6BAAV,CAAN;AACH,KAFD,MAEO;AACH;AACA,UAAIH,GAAG,CAAC7B,OAAJ,KAAgB,OAApB,EAA6B;AACzBhB,QAAAA,WAAW,CAAC6C,GAAG,CAAC/C,QAAJ,CAAa,CAAb,EAAgBmD,OAAjB,CAAX;AACH,OAJE,CAKH;;;AACAzD,MAAAA,MAAM,CAACqD,GAAD,CAAN;AACAjD,MAAAA,KAAK,CAACsD,GAAN;AACH;;AACDvD,IAAAA,eAAe,GAAG,IAAlB;AACH,GAbM,MAaA,IAAIiD,KAAK,CAAC/C,IAAN,KAAe,MAAnB,EAA2B;AAC9B,QAAIF,eAAe,KAAK,IAAxB,EAA8B;AAC1BA,MAAAA,eAAe,GAAG;AACdE,QAAAA,IAAI,EAAE,MADQ;AAEdoD,QAAAA,OAAO,EAAE;AAFK,OAAlB;AAIAJ,MAAAA,GAAG,CAAC/C,QAAJ,CAAaM,IAAb,CAAkBT,eAAlB;AACH;;AACDA,IAAAA,eAAe,CAACsD,OAAhB,IAA2BL,KAAK,CAACK,OAAjC;AACH;AACJ;;AAED,SAASE,IAAT,CAAeC,CAAf,EAAkB;AACd,MAAIA,CAAC,KAAK,GAAV,EAAe;AACX,WAAOC,OAAP;AACH,GAFD,MAEO,IAAID,CAAC,KAAK/D,GAAV,EAAe;AAClBsD,IAAAA,IAAI,CAAC;AACD9C,MAAAA,IAAI,EAAE;AADL,KAAD,CAAJ;AAGA;AACH,GALM,MAKA;AACH8C,IAAAA,IAAI,CAAC;AACD9C,MAAAA,IAAI,EAAE,MADL;AAEDoD,MAAAA,OAAO,EAAEG;AAFR,KAAD,CAAJ;AAIA,WAAOD,IAAP;AACH;AACJ;;AAED,SAASE,OAAT,CAAiBD,CAAjB,EAAoB;AAChB,MAAIA,CAAC,KAAK,GAAV,EAAe;AACX,WAAOE,UAAP;AACH,GAFD,MAEO,IAAIF,CAAC,CAAC9C,KAAF,CAAQ,YAAR,CAAJ,EAA2B;AAC9Bb,IAAAA,YAAY,GAAG;AACXI,MAAAA,IAAI,EAAE,UADK;AAEXmB,MAAAA,OAAO,EAAE;AAFE,KAAf;AAIA,WAAOA,OAAO,CAACoC,CAAD,CAAd;AACH,GANM,MAMA;AACH;AACA;AACH;AACJ;;AAED,SAASE,UAAT,CAAqBF,CAArB,EAAwB;AACpB,MAAIA,CAAC,CAAC9C,KAAF,CAAQ,YAAR,CAAJ,EAA2B;AACvBb,IAAAA,YAAY,GAAG;AACXI,MAAAA,IAAI,EAAE,QADK;AAEXmB,MAAAA,OAAO,EAAE;AAFE,KAAf;AAIA,WAAOA,OAAO,CAACoC,CAAD,CAAd;AACH,GAND,MAMO,IAAIA,CAAC,KAAK,GAAV,EAAe;AAClBT,IAAAA,IAAI,CAAClD,YAAD,CAAJ;AACH,GAFM,MAEA,IAAI2D,CAAC,KAAK/D,GAAV,EAAe,CACrB,CADM,MACA,CACN;AACJ;;AAED,SAAS2B,OAAT,CAAiBoC,CAAjB,EAAoB;AAChB,MAAIA,CAAC,CAAC9C,KAAF,CAAQf,SAAR,CAAJ,EAAwB;AACpB,WAAOgE,mBAAP;AACH,GAFD,MAEO,IAAIH,CAAC,KAAK,GAAV,EAAe;AAClB,WAAOI,mBAAP;AACH,GAFM,MAEA,IAAIJ,CAAC,CAAC9C,KAAF,CAAQ,YAAR,CAAJ,EAA2B;AAC9Bb,IAAAA,YAAY,CAACuB,OAAb,IAAwBoC,CAAxB,CAD8B,CACL;;AACzB,WAAOpC,OAAP;AACH,GAHM,MAGA,IAAIoC,CAAC,KAAK,GAAV,EAAe;AAClBT,IAAAA,IAAI,CAAClD,YAAD,CAAJ;AACA,WAAO0D,IAAP;AACH,GAHM,MAGA;AACH;AACA1D,IAAAA,YAAY,CAACuB,OAAb,IAAwBoC,CAAxB;AACA,WAAOpC,OAAP;AACH;AACJ;;AAED,SAASuC,mBAAT,CAA8BH,CAA9B,EAAiC;AAC7B,MAAIA,CAAC,CAAC9C,KAAF,CAAQf,SAAR,CAAJ,EAAwB;AACpB,WAAOgE,mBAAP;AACH,GAFD,MAEO,IAAIH,CAAC,KAAI,GAAL,IAAYA,CAAC,KAAK,GAAlB,IAAyBA,CAAC,KAAK/D,GAAnC,EAAwC;AAC3C,WAAOoE,kBAAkB,CAACL,CAAD,CAAzB;AACH,GAFM,MAEA,IAAIA,CAAC,KAAK,GAAV,EAAe,CAClB;AACH,GAFM,MAEA;AACH1D,IAAAA,gBAAgB,GAAG;AACfG,MAAAA,IAAI,EAAE,EADS;AAEfiB,MAAAA,KAAK,EAAE,EAFQ;AAGfD,MAAAA,IAAI,EAAE;AAHS,KAAnB;AAKA,WAAO6C,aAAa,CAACN,CAAD,CAApB;AACH;AACJ;;AAED,SAASM,aAAT,CAAwBN,CAAxB,EAA2B;AACvB,MAAIA,CAAC,CAAC9C,KAAF,CAAQf,SAAR,KAAsB6D,CAAC,KAAK,GAA5B,IAAkCA,CAAC,KAAK,GAAxC,IAA8CA,CAAC,KAAK/D,GAAxD,EAA6D;AACzD,WAAOoE,kBAAkB,CAACL,CAAD,CAAzB;AACH,GAFD,MAEO,IAAIA,CAAC,KAAK,GAAV,EAAe;AAClB,WAAOO,oBAAP;AACH,GAFM,MAEA,IAAIP,CAAC,KAAK,IAAV,EAAoB,CAC1B,CADM,MACA,IAAIA,CAAC,KAAK,IAAN,IAAcA,CAAC,KAAK,GAApB,IAA2BA,CAAC,KAAK,GAArC,EAA0C,CAChD,CADM,MACA;AACH1D,IAAAA,gBAAgB,CAACmB,IAAjB,IAAyBuC,CAAzB;AACA,WAAOM,aAAP;AACH;AACJ;;AAED,SAASC,oBAAT,CAA+BP,CAA/B,EAAkC;AAC9B,MAAIA,CAAC,CAAC9C,KAAF,CAAQf,SAAR,KAAsB6D,CAAC,KAAK,GAA5B,IAAkCA,CAAC,KAAK,GAAxC,IAA8CA,CAAC,KAAK/D,GAAxD,EAA6D;AACzD,WAAOsE,oBAAP;AACH,GAFD,MAEO,IAAIP,CAAC,KAAK,IAAV,EAAgB;AACnB,WAAOQ,0BAAP;AACH,GAFM,MAEA,IAAIR,CAAC,KAAK,IAAV,EAAgB;AACnB,WAAOS,0BAAP;AACH,GAFM,MAEA,IAAIT,CAAC,KAAK,GAAV,EAAe,CAClB;AACH,GAFM,MAEA;AACH,WAAOU,sBAAsB,CAACV,CAAD,CAA7B;AACH;AACJ;;AAED,SAASQ,0BAAT,CAAqCR,CAArC,EAAwC;AACpC,MAAIA,CAAC,KAAK,IAAV,EAAgB;AACZ3D,IAAAA,YAAY,CAACC,gBAAgB,CAACmB,IAAlB,CAAZ,GAAsCnB,gBAAgB,CAACoB,KAAvD;AACA,WAAOiD,yBAAP;AACH,GAHD,MAGO,IAAIX,CAAC,KAAK,IAAV,EAAoB,CAC1B,CADM,MACA,IAAIA,CAAC,KAAK/D,GAAV,EAAe,CACrB,CADM,MACA;AACHK,IAAAA,gBAAgB,CAACoB,KAAjB,IAA0BsC,CAA1B;AACA,WAAOQ,0BAAP;AACH;AACJ;;AACD,SAASC,0BAAT,CAAqCT,CAArC,EAAwC;AACpC,MAAIA,CAAC,KAAK,IAAV,EAAgB;AACZ3D,IAAAA,YAAY,CAACC,gBAAgB,CAACmB,IAAlB,CAAZ,GAAsCnB,gBAAgB,CAACoB,KAAvD;AACA,WAAOiD,yBAAP;AACH,GAHD,MAGO,IAAIX,CAAC,KAAK,IAAV,EAAoB,CAC1B,CADM,MACA,IAAIA,CAAC,KAAK/D,GAAV,EAAe,CACrB,CADM,MACA;AACHK,IAAAA,gBAAgB,CAACoB,KAAjB,IAA0BsC,CAA1B;AACA,WAAOS,0BAAP;AACH;AACJ;;AAED,SAASE,yBAAT,CAAoCX,CAApC,EAAuC;AACnC,MAAIA,CAAC,CAAC9C,KAAF,CAAQf,SAAR,CAAJ,EAAwB;AACpB,WAAOgE,mBAAP;AACH,GAFD,MAEO,IAAIH,CAAC,KAAK,GAAV,EAAe;AAClB,WAAOI,mBAAP;AACH,GAFM,MAEA,IAAIJ,CAAC,KAAK,GAAV,EAAe;AAClB3D,IAAAA,YAAY,CAACC,gBAAgB,CAACmB,IAAlB,CAAZ,GAAsCnB,gBAAgB,CAACoB,KAAvD;AACA6B,IAAAA,IAAI,CAAClD,YAAD,CAAJ;AACA,WAAO0D,IAAP;AACH,GAJM,MAIA,IAAIC,CAAC,KAAK,IAAV,EAAoB,CAC1B,CADM,MACA,IAAIA,CAAC,KAAK/D,GAAV,EAAe,CACrB,CADM,MACA;AACHK,IAAAA,gBAAgB,CAACoB,KAAjB,IAA0BsC,CAA1B;AACA,WAAOU,sBAAP;AACH;AACJ;;AAED,SAASA,sBAAT,CAAiCV,CAAjC,EAAoC;AAChC,MAAIA,CAAC,CAAC9C,KAAF,CAAQf,SAAR,CAAJ,EAAwB;AACpBE,IAAAA,YAAY,CAACC,gBAAgB,CAACmB,IAAlB,CAAZ,GAAsCnB,gBAAgB,CAACoB,KAAvD;AACA,WAAOyC,mBAAP;AACH,GAHD,MAGO,IAAIH,CAAC,KAAK,GAAV,EAAe;AAClB3D,IAAAA,YAAY,CAACC,gBAAgB,CAACmB,IAAlB,CAAZ,GAAsCnB,gBAAgB,CAACoB,KAAvD;AACA,WAAO0C,mBAAP;AACH,GAHM,MAGA,IAAIJ,CAAC,KAAK,GAAV,EAAe;AAClB3D,IAAAA,YAAY,CAACC,gBAAgB,CAACmB,IAAlB,CAAZ,GAAsCnB,gBAAgB,CAACoB,KAAvD;AACA6B,IAAAA,IAAI,CAAClD,YAAD,CAAJ;AACA,WAAO0D,IAAP;AACH,GAJM,MAIA,IAAIC,CAAC,KAAK,IAAV,EAAoB,CAC1B,CADM,MACA,IAAIA,CAAC,KAAK,IAAN,IAAcA,CAAC,KAAK,GAApB,IAA2BA,CAAC,KAAK,GAAjC,IAAwCA,CAAC,KAAK,GAA9C,IAAqDA,CAAC,KAAK,GAA/D,EAAoE,CAC1E,CADM,MACA,IAAIA,CAAC,KAAK/D,GAAV,EAAe,CACrB,CADM,MACA;AACHK,IAAAA,gBAAgB,CAACoB,KAAjB,IAA0BsC,CAA1B;AACA,WAAOU,sBAAP;AACH;AACJ;;AACD,SAASL,kBAAT,CAA6BL,CAA7B,EAAgC;AAC5B,MAAIA,CAAC,CAAC9C,KAAF,CAAQf,SAAR,CAAJ,EAAwB;AACpB,WAAOkE,kBAAP;AACH,GAFD,MAEO,IAAIL,CAAC,KAAK,GAAV,EAAe;AAClB,WAAOI,mBAAP;AACH,GAFM,MAEA,IAAIJ,CAAC,KAAK,GAAV,EAAe;AAClB,WAAOO,oBAAP;AACH,GAFM,MAEA,IAAIP,CAAC,KAAK,GAAV,EAAe;AAClB3D,IAAAA,YAAY,CAACC,gBAAgB,CAACmB,IAAlB,CAAZ,GAAsCnB,gBAAgB,CAACoB,KAAvD;AACA6B,IAAAA,IAAI,CAAClD,YAAD,CAAJ;AACA,WAAO0D,IAAP;AACH,GAJM,MAIA,IAAIC,CAAC,KAAK/D,GAAV,EAAe,CACrB,CADM,MACA;AACHI,IAAAA,YAAY,CAACC,gBAAgB,CAACmB,IAAlB,CAAZ,GAAsCnB,gBAAgB,CAACoB,KAAvD;AACApB,IAAAA,gBAAgB,GAAG;AACfmB,MAAAA,IAAI,EAAE,EADS;AAEfC,MAAAA,KAAK,EAAE;AAFQ,KAAnB;AAIA,WAAO4C,aAAa,CAACN,CAAD,CAApB;AACH;AACJ;;AAED,SAASI,mBAAT,CAA8BJ,CAA9B,EAAiC;AAC7B,MAAIA,CAAC,KAAK,GAAV,EAAe;AACX3D,IAAAA,YAAY,CAACsD,aAAb,GAA6B,IAA7B;AACAJ,IAAAA,IAAI,CAAClD,YAAD,CAAJ;AACA,WAAO0D,IAAP;AACH;AACJ,C,CAED;;;AACO,SAASa,SAAT,CAAoBC,IAApB,EAA0B;AAC7B,MAAIC,KAAK,GAAGf,IAAZ;;AAD6B,8CAEfc,IAFe;AAAA;;AAAA;AAE7B,2DAAoB;AAAA,UAAXb,CAAW;AAChBc,MAAAA,KAAK,GAAGA,KAAK,CAACd,CAAD,CAAb;AACH;AAJ4B;AAAA;AAAA;AAAA;AAAA;;AAK7Bc,EAAAA,KAAK,GAAGA,KAAK,CAAC7E,GAAD,CAAb;AACA,SAAOO,KAAK,CAAC,CAAD,CAAZ;AACH,C,CAED;AACA;AACA;AACA;AACA;AACA;AACA;AACA;AACA;AACA;AACA;AACA;AACA;AACA;AACA;AACA;AACA;AACA;AACA;AACA;AACA;AACA;AAEA;AAEA","sourceRoot":"D:\\winter-study\\Frontend-05-Template\\Week 18\\parser\\src\\","sourcesContent":["const CSS = require('css')\r\nconst EOF = Symbol('EOF') // End Of File\r\nconst SPACE_ERG = /^[\\t\\n\\f ]$/\r\nconst layout = require('./layout')\r\n\r\n// 全局变量， 在HTML中TAG不管多复杂，都是当作一个token去处理的\r\nlet currentToken = null\r\nlet currentAttribute = null\r\nlet currentTextNode = null\r\n\r\n\r\nlet stack = [{type: 'document', children: []}]\r\n\r\n// add new method: addCSSRules, css规则暂存在一个数组中\r\nlet rules = []\r\n\r\nfunction addCSSRules (cssText) {\r\n    var ast = CSS.parse(cssText)\r\n    // console.info('css ast: ', typeof ast, ast.type)\r\n    rules.push(...ast.stylesheet.rules)\r\n}\r\n\r\nfunction match (element, selector) {\r\n    // 若没有选择器或者是文本节点\r\n    if (!selector || !element.attributes) return false\r\n    var attr = null\r\n    if (selector.charAt(0) === '#') {\r\n        attr = element.attributes.filter(attr => attr.name === 'id')[0]\r\n        if (attr && attr.value === selector.replace('#', '')) return true\r\n    } else if (selector.charAt(0) === '.') {\r\n        attr = element.attributes.filter(attr => attr.name === 'class')[0]\r\n        if (attr && attr.value === selector.replace('.', '')) return true\r\n    } else {\r\n        if (element.tagName === selector) return true\r\n    }\r\n    return false\r\n}\r\n\r\nfunction specificity (selector) {\r\n    var p = Array(4).fill(0)\r\n    var selectorParts = selector.split(' ')\r\n    for (var part of selectorParts) {\r\n        if (part.charAt(0) === '#') {\r\n            p[1] += 1\r\n        } else if (part.charAt(0) === '.') {\r\n            p[2] += 1\r\n        } else {\r\n            p[3] += 1\r\n        }\r\n    }\r\n    return p\r\n}\r\n\r\nfunction compare (sp1, sp2) {\r\n    if (sp1[0] - sp2[0])\r\n        return sp1[0] - sp2[0]\r\n    if (sp1[1] - sp2[1])\r\n        return sp1[1] - sp2[1]\r\n    if (sp1[2] - sp2[2])\r\n        return sp1[2] - sp2[2]\r\n    return sp1[3] - sp2[3]\r\n}\r\n\r\nfunction computeCSS (element) {\r\n    console.info(element)\r\n    console.info('Compute CSS for Element', element)\r\n    // 获取父元素序列\r\n    var elements = stack.slice().reverse()\r\n    if (!element.computedStyle)\r\n        element.computedStyle = {}\r\n\r\n    for (let rule of rules) {\r\n        var selectorParts = rule.selectors[0].split(' ').reverse()\r\n\r\n        if (!match(element, selectorParts[0]))\r\n            continue\r\n\r\n        var j = 1\r\n        for (var i = 0; i < elements.length; i++) {\r\n            if (match(elements[i], selectorParts[j])) {\r\n                j++\r\n            }\r\n        }\r\n\r\n        if (j >= selectorParts.length) {\r\n            console.info('Element', element, 'matched rule', rule)\r\n\r\n            var sp = specificity(rule.selectors[0])\r\n            var computedStyle = element.computedStyle\r\n            for (var declaration of rule.declarations) {\r\n                if (!computedStyle[declaration.property])\r\n                    computedStyle[declaration.property] = {}\r\n                if (!computedStyle[declaration.property].specificity) {\r\n                    computedStyle[declaration.property].value = declaration.value\r\n                    computedStyle[declaration.property].specificity = sp\r\n                } else if (compare(computedStyle[declaration.property].specificity, sp) < 0) {\r\n                    computedStyle[declaration.property].value = declaration.value\r\n                    computedStyle[declaration.property].specificity = sp\r\n                }\r\n            }\r\n        }\r\n\r\n    }\r\n}\r\n\r\nfunction emit (token) {\r\n    // console.info(token)\r\n    // if (token.type === 'text') return\r\n    let top = stack[stack.length - 1]\r\n    if (token.type === 'startTag') {\r\n        // 写在html文本里面的带尖括号的叫tag，它背后表示的就是element，所以document对象里面只会有node和element不会有tag\r\n        let element = {\r\n            type: 'element',\r\n            children: [],\r\n            attributes: []\r\n        }\r\n\r\n        element.tagName = token.tagName\r\n\r\n        for (let p in token) {\r\n            if (p !== 'type' && p !== 'tagName') {\r\n                element.attributes.push({\r\n                    name: p,\r\n                    value: token[p]\r\n                })\r\n            }\r\n        }\r\n\r\n        computeCSS(element)\r\n\r\n        top.children.push(element)\r\n        element.parent = top\r\n        if (!token.isSelfClosing)\r\n            stack.push(element)\r\n        currentTextNode = null\r\n    } else if (token.type === 'endTag') {\r\n        if (top.tagName !== token.tagName) {\r\n            throw new Error('tag start end doesn`t match')\r\n        } else {\r\n            // 遇到style标签时，执行添加css规则的操作\r\n            if (top.tagName === 'style') {\r\n                addCSSRules(top.children[0].content)\r\n            }\r\n            // 排版发生在标签的结束标签之前\r\n            layout(top)\r\n            stack.pop()\r\n        }\r\n        currentTextNode = null\r\n    } else if (token.type === 'text') {\r\n        if (currentTextNode === null) {\r\n            currentTextNode = {\r\n                type: 'text',\r\n                content: ''\r\n            }\r\n            top.children.push(currentTextNode)\r\n        }\r\n        currentTextNode.content += token.content\r\n    }\r\n}\r\n\r\nfunction data (c) {\r\n    if (c === '<') {\r\n        return tagOpen\r\n    } else if (c === EOF) {\r\n        emit({\r\n            type: 'EOF'\r\n        })\r\n        return\r\n    } else {\r\n        emit({\r\n            type: 'text',\r\n            content: c\r\n        })\r\n        return data\r\n    }\r\n}\r\n\r\nfunction tagOpen(c) {\r\n    if (c === '/') {\r\n        return endTagOpen\r\n    } else if (c.match(/^[a-zA-Z]$/)) {\r\n        currentToken = {\r\n            type: 'startTag',\r\n            tagName: ''\r\n        }\r\n        return tagName(c)\r\n    } else {\r\n        // 标签以特殊字符开头\r\n        return\r\n    }\r\n}\r\n\r\nfunction endTagOpen (c) {\r\n    if (c.match(/^[a-zA-Z]$/)) {\r\n        currentToken = {\r\n            type: 'endTag',\r\n            tagName: ''\r\n        }\r\n        return tagName(c)\r\n    } else if (c === '>') {\r\n        emit(currentToken)\r\n    } else if (c === EOF) {\r\n    } else {\r\n    }\r\n}\r\n\r\nfunction tagName(c) {\r\n    if (c.match(SPACE_ERG)) {\r\n        return beforeAttributeName\r\n    } else if (c === '/') {\r\n        return selfClosingStartTag\r\n    } else if (c.match(/^[a-zA-Z]$/)) {\r\n        currentToken.tagName += c//.toLowerCase()\r\n        return tagName\r\n    } else if (c === '>') {\r\n        emit(currentToken)\r\n        return data\r\n    } else {\r\n        // 标签名称里面包含特殊字符才会触发这个else\r\n        currentToken.tagName += c\r\n        return tagName\r\n    }\r\n}\r\n\r\nfunction beforeAttributeName (c) {\r\n    if (c.match(SPACE_ERG)) {\r\n        return beforeAttributeName\r\n    } else if (c ==='/' || c === '>' || c === EOF) {\r\n        return afterAttributeName(c)\r\n    } else if (c === '=') {\r\n        // return error\r\n    } else {\r\n        currentAttribute = {\r\n            type: '',\r\n            value: '',\r\n            name: ''\r\n        }\r\n        return attributeName(c)\r\n    }\r\n}\r\n\r\nfunction attributeName (c) {\r\n    if (c.match(SPACE_ERG) || c === '>'|| c === '/'|| c === EOF) {\r\n        return afterAttributeName(c)\r\n    } else if (c === '=') {\r\n        return beforeAttributeValue\r\n    } else if (c === '\\u0000') {\r\n    } else if (c === \"\\'\" || c === \"'\" || c === '<') {\r\n    } else {\r\n        currentAttribute.name += c\r\n        return attributeName\r\n    }\r\n}\r\n\r\nfunction beforeAttributeValue (c) {\r\n    if (c.match(SPACE_ERG) || c === '>'|| c === '/'|| c === EOF) {\r\n        return beforeAttributeValue\r\n    } else if (c === \"\\\"\") {\r\n        return doubleQuotedAttributeValue\r\n    } else if (c === \"\\'\") {\r\n        return singleQuotedAttributeValue\r\n    } else if (c === '>') {\r\n        // return data\r\n    } else {\r\n        return UnquotedAttributeValue(c)\r\n    }\r\n}\r\n\r\nfunction doubleQuotedAttributeValue (c) {\r\n    if (c === \"\\\"\") {\r\n        currentToken[currentAttribute.name] = currentAttribute.value\r\n        return afterQuotedAttributeValue\r\n    } else if (c === '\\u0000') {\r\n    } else if (c === EOF) {\r\n    } else {\r\n        currentAttribute.value += c\r\n        return doubleQuotedAttributeValue\r\n    }\r\n}\r\nfunction singleQuotedAttributeValue (c) {\r\n    if (c === \"\\'\") {\r\n        currentToken[currentAttribute.name] = currentAttribute.value\r\n        return afterQuotedAttributeValue\r\n    } else if (c === '\\u0000') {\r\n    } else if (c === EOF) {\r\n    } else {\r\n        currentAttribute.value += c\r\n        return singleQuotedAttributeValue\r\n    }\r\n}\r\n\r\nfunction afterQuotedAttributeValue (c) {\r\n    if (c.match(SPACE_ERG)) {\r\n        return beforeAttributeName\r\n    } else if (c === '/') {\r\n        return selfClosingStartTag\r\n    } else if (c === '>') {\r\n        currentToken[currentAttribute.name] = currentAttribute.value\r\n        emit(currentToken)\r\n        return data\r\n    } else if (c === '\\u0000') {\r\n    } else if (c === EOF) {\r\n    } else {\r\n        currentAttribute.value += c\r\n        return UnquotedAttributeValue\r\n    }\r\n}\r\n\r\nfunction UnquotedAttributeValue (c) {\r\n    if (c.match(SPACE_ERG)) {\r\n        currentToken[currentAttribute.name] = currentAttribute.value\r\n        return beforeAttributeName\r\n    } else if (c === '/') {\r\n        currentToken[currentAttribute.name] = currentAttribute.value\r\n        return selfClosingStartTag\r\n    } else if (c === '>') {\r\n        currentToken[currentAttribute.name] = currentAttribute.value\r\n        emit(currentToken)\r\n        return data\r\n    } else if (c === '\\u0000') {\r\n    } else if (c === \"\\\"\" || c === \"'\" || c === \"<\" || c === \"=\" || c === \"`\") {\r\n    } else if (c === EOF) {\r\n    } else {\r\n        currentAttribute.value += c\r\n        return UnquotedAttributeValue\r\n    }\r\n}\r\nfunction afterAttributeName (c) {\r\n    if (c.match(SPACE_ERG)) {\r\n        return afterAttributeName\r\n    } else if (c === '/') {\r\n        return selfClosingStartTag\r\n    } else if (c === '=') {\r\n        return beforeAttributeValue\r\n    } else if (c === '>') {\r\n        currentToken[currentAttribute.name] = currentAttribute.value\r\n        emit(currentToken)\r\n        return data\r\n    } else if (c === EOF) {\r\n    } else {\r\n        currentToken[currentAttribute.name] = currentAttribute.value\r\n        currentAttribute = {\r\n            name: '',\r\n            value: ''\r\n        }\r\n        return attribute
[...]
CAG,QAAAA,SAAS,CAACI,IAAV,CAAeL,QAAf,EAJ6B,CAK7B;;AACAE,QAAAA,SAAS,GAAG/C,KAAK,CAAC2B,QAAD,CAAjB;AACAqB,QAAAA,UAAU,GAAG,CAAb;AACH,OARD,MAQO;AACHH,QAAAA,QAAQ,CAACK,IAAT,CAAcP,IAAd;AACH;;AACD,UAAIC,SAAS,CAACZ,SAAD,CAAT,KAAyB,IAAzB,IAAiCY,SAAS,CAACZ,SAAD,CAAT,KAA0B,KAAK,CAApE,EAAwE;AACpEgB,QAAAA,UAAU,GAAGG,IAAI,CAACC,GAAL,CAASJ,UAAT,EAAqBJ,SAAS,CAACI,UAAD,CAA9B,CAAb;AACH;;AACDD,MAAAA,SAAS,IAAIH,SAAS,CAACjB,QAAD,CAAtB;AACH;AACJ,GA/IqB,CAgJtB;;;AACAkB,EAAAA,QAAQ,CAACE,SAAT,GAAqBA,SAArB;AAEAO,EAAAA,OAAO,CAACC,IAAR,CAAa5C,KAAb;;AACA,MAAIX,KAAK,CAACyB,QAAN,KAAmB,QAAnB,IAA+Be,cAAnC,EAAmD;AAC/CK,IAAAA,QAAQ,CAACG,UAAT,GAAuBhD,KAAK,CAACgC,SAAD,CAAL,KAAsB,KAAK,CAA5B,GAAkChC,KAAK,CAACgC,SAAD,CAAvC,GAAqDgB,UAA3E;AACH,GAFD,MAEO;AACHH,IAAAA,QAAQ,CAACG,UAAT,GAAsBA,UAAtB;AACH;;AAED,MAAID,SAAS,GAAG,CAAhB,EAAmB;AACf;AACA,QAAIS,KAAK,GAAGxD,KAAK,CAAC2B,QAAD,CAAL,IAAmB3B,KAAK,CAAC2B,QAAD,CAAL,GAAkBoB,SAArC,CAAZ;AACA,QAAIU,WAAW,GAAG1B,QAAlB;;AACA,SAAK,IAAIU,CAAC,GAAG,CAAb,EAAgBA,CAAC,GAAG9B,KAAK,CAAC+B,MAA1B,EAAkCD,CAAC,EAAnC,EAAuC;AACnC,UAAIE,IAAI,GAAGhC,KAAK,CAAC8B,CAAD,CAAhB;AACA,UAAIG,SAAS,GAAG9C,QAAQ,CAAC6C,IAAD,CAAxB;;AAEA,UAAIC,SAAS,CAACK,IAAd,EAAoB;AAChBL,QAAAA,SAAS,CAACjB,QAAD,CAAT,GAAsB,CAAtB;AACH;;AAEDiB,MAAAA,SAAS,CAACjB,QAAD,CAAT,GAAsBA,QAAQ,GAAG6B,KAAjC;AAEAZ,MAAAA,SAAS,CAAChB,SAAD,CAAT,GAAuB6B,WAAvB;AACAb,MAAAA,SAAS,CAACf,OAAD,CAAT,GAAqBe,SAAS,CAAChB,SAAD,CAAT,GAAuBE,QAAQ,GAAGc,SAAS,CAACjB,QAAD,CAAhE;AACA8B,MAAAA,WAAW,GAAGb,SAAS,CAACf,OAAD,CAAvB;AACH;AACJ,GAlBD,MAkBO;AACHiB,IAAAA,SAAS,CAAC1B,OAAV,CAAkB,UAAUT,KAAV,EAAiB;AAC/B,UAAIoC,SAAS,GAAGA,SAAhB;AACA,UAAIW,SAAS,GAAG,CAAhB;;AACA,WAAK,IAAIjB,CAAC,GAAG,CAAb,EAAgBA,CAAC,GAAG9B,KAAK,CAAC+B,MAA1B,EAAkCD,CAAC,EAAnC,EAAuC;AACnC,YAAIE,IAAI,GAAGhC,KAAK,CAAC8B,CAAD,CAAhB;AACA,YAAIG,SAAS,GAAG9C,QAAQ,CAAC6C,IAAD,CAAxB;;AAEA,YAAIC,SAAS,CAACK,IAAV,KAAmB,IAAnB,IAA2BL,SAAS,CAACK,IAAV,KAAoB,KAAK,CAAxD,EAA4D;AACxDS,UAAAA,SAAS,IAAId,SAAS,CAACK,IAAvB;AACA;AACH;AACJ;;AAED,UAAIS,SAAS,GAAG,CAAhB,EAAmB;AACf,YAAID,WAAW,GAAG1B,QAAlB;;AACA,aAAK,IAAIU,CAAC,GAAG,CAAb,EAAgBA,CAAC,GAAG9B,KAAK,CAAC+B,MAA1B,EAAkCD,CAAC,EAAnC,EAAuC;AACnC,cAAIE,IAAI,GAAGhC,KAAK,CAAC8B,CAAD,CAAhB;AACA,cAAIG,SAAS,GAAG9C,QAAQ,CAAC6C,IAAD,CAAxB;;AACC,cAAIC,SAAS,CAACK,IAAd,EAAoB;AAChBL,YAAAA,SAAS,CAACjB,QAAD,CAAT,GAAuBoB,SAAS,GAAGW,SAAb,GAA0Bd,SAAS,CAACK,IAA1D;AACH;;AACDL,UAAAA,SAAS,CAAChB,SAAD,CAAT,GAAuB6B,WAAvB;AACAb,UAAAA,SAAS,CAACf,OAAD,CAAT,GAAqBe,SAAS,CAAChB,SAAD,CAAT,GAAuBE,QAAQ,GAAGc,SAAS,CAACjB,QAAD,CAAhE;AACA8B,UAAAA,WAAW,GAAGb,SAAS,CAACf,OAAD,CAAvB;AACJ;AACJ,OAZD,MAYO;AACH,YAAI7B,KAAK,CAACwB,cAAN,KAAyB,YAA7B,EAA2C;AACvC,cAAIiC,WAAW,GAAG1B,QAAlB;AACA,cAAI4B,IAAI,GAAG,CAAX;AACH;;AACD,YAAI3D,KAAK,CAACwB,cAAN,KAAyB,UAA7B,EAAyC;AACrC,cAAIiC,WAAW,GAAGV,SAAS,GAAGjB,QAAZ,GAAuBC,QAAzC;AACA,cAAI4B,IAAI,GAAG,CAAX;AACH;;AACD,YAAI3D,KAAK,CAACwB,cAAN,KAAyB,QAA7B,EAAuC;AACnC,cAAIiC,WAAW,GAAGV,SAAS,GAAG,CAAZ,GAAgBjB,QAAhB,GAA2BC,QAA7C;AACA,cAAI4B,IAAI,GAAG,CAAX;AACH;;AACD,YAAI3D,KAAK,CAACwB,cAAN,KAAyB,eAA7B,EAA8C;AAC1C,cAAImC,IAAI,GAAGZ,SAAS,IAAIpC,KAAK,CAAC+B,MAAN,GAAe,CAAnB,CAAT,GAAiCX,QAA5C;AACA,cAAI0B,WAAW,GAAG1B,QAAlB;AACH;;AACD,YAAI/B,KAAK,CAACwB,cAAN,KAAyB,cAA7B,EAA6C;AACzC,cAAImC,IAAI,GAAGZ,SAAS,GAAGpC,KAAK,CAAC+B,MAAlB,GAA2BX,QAAtC;AACA,cAAI0B,WAAW,GAAGE,IAAI,GAAG,CAAP,GAAW5B,QAA7B;AACH;;AACD,aAAK,IAAIU,CAAC,GAAG,CAAb,EAAgBA,CAAC,GAAG9B,KAAK,CAAC+B,MAA1B,EAAkCD,CAAC,EAAnC,EAAuC;AACnC,cAAIE,IAAI,GAAGhC,KAAK,CAAC8B,CAAD,CAAhB;AACA,cAAIG,SAAS,GAAG9C,QAAQ,CAAC6C,IAAD,CAAxB;AACAC,UAAAA,SAAS,CAAChB,SAAD,CAAT,GAAuB6B,WAAvB;AACAb,UAAAA,SAAS,CAACf,OAAD,CAAT,GAAqBe,SAAS,CAAChB,SAAD,CAAT,GAAuBE,QAAQ,GAAGc,SAAS,CAACjB,QAAD,CAAhE;AACA8B,UAAAA,WAAW,GAAGb,SAAS,CAACf,OAAD,CAAT,GAAqB8B,IAAnC;AACH;AACJ;AACJ,KAtDD;AAuDH,GApOqB,CAsOtB;;;AACA,MAAIX,UAAJ;;AACA,MAAI,CAAChD,KAAK,CAACgD,UAAD,CAAV,EAAwB;AACpBA,IAAAA,UAAU,GAAG,CAAb;AACAvC,IAAAA,YAAY,CAACuB,SAAD,CAAZ,GAA0B,CAA1B;;AACA,SAAK,IAAIS,CAAC,GAAG,CAAb,EAAgBA,CAAC,GAAGK,SAAS,CAACJ,MAA9B,EAAsCD,CAAC,EAAvC,EAA2C;AACvChC,MAAAA,YAAY,CAACuB,SAAD,CAAZ,GAA0BvB,YAAY,CAACuB,SAAD,CAAZ,GAA0Bc,SAAS,CAACL,CAAD,CAAT,CAAaT,SAAjE;AACH;AACJ,GAND,MAMO;AACHgB,IAAAA,UAAU,GAAGhD,KAAK,CAACgC,SAAD,CAAlB;;AACA,SAAK,IAAIS,CAAC,GAAG,CAAb,EAAgBA,CAAC,GAAGK,SAAS,CAACJ,MAA9B,EAAsCD,CAAC,EAAvC,EAA2C;AACvCO,MAAAA,UAAU,IAAIF,SAAS,CAACL,CAAD,CAAT,CAAaO,UAA3B;AACH;AACJ;;AAED,MAAIhD,KAAK,CAACyB,QAAN,KAAmB,cAAvB,EAAuC;AACnCW,IAAAA,SAAS,GAAGpC,KAAK,CAACgC,SAAD,CAAjB;AACH,GAFD,MAEO;AACHI,IAAAA,SAAS,GAAG,CAAZ;AACH;;AAED,MAAIwB,QAAQ,GAAG5D,KAAK,CAACgC,SAAD,CAAL,GAAmBc,SAAS,CAACJ,MAA5C;AACA,MAAIiB,IAAJ;;AACA,MAAI3D,KAAK,CAAC0B,YAAN,KAAuB,YAA3B,EAAyC;AACrCU,IAAAA,SAAS,IAAI,CAAb;AACAuB,IAAAA,IAAI,GAAG,CAAP;AACH;;AACD,MAAI3D,KAAK,CAAC0B,YAAN,KAAuB,UAA3B,EAAuC;AACnCU,IAAAA,SAAS,IAAID,SAAS,GAAGa,UAAzB;AACAW,IAAAA,IAAI,GAAG,CAAP;AACH;;AACD,MAAI3D,KAAK,CAAC0B,YAAN,KAAuB,QAA3B,EAAqC;AACjCU,IAAAA,SAAS,IAAID,SAAS,GAAGa,UAAZ,GAAyB,CAAtC;AACAW,IAAAA,IAAI,GAAG,CAAP;AACH;;AACD,MAAI3D,KAAK,CAAC0B,YAAN,KAAuB,eAA3B,EAA4C;AACxCU,IAAAA,SAAS,IAAI,CAAb;AACAuB,IAAAA,IAAI,GAAGX,UAAU,IAAIF,SAAS,CAACJ,MAAV,GAAmB,CAAvB,CAAjB;AACH;;AACD,MAAI1C,KAAK,CAAC0B,YAAN,KAAuB,cAA3B,EAA2C;AACvCiC,IAAAA,IAAI,GAAGX,UAAU,GAAGF,SAAS,CAACJ,MAA9B;AACAN,IAAAA,SAAS,IAAID,SAAS,GAAGwB,IAAZ,GAAmB,CAAhC;AACH;;AACD,MAAI3D,KAAK,CAAC0B,YAAN,KAAuB,SAA3B,EAAsC;AAClCU,IAAAA,SAAS,IAAI,CAAb;AACAuB,IAAAA,IAAI,GAAG,CAAP;AACH;;AACDb,EAAAA,SAAS,CAAC1B,OAAV,CAAkB,UAAUT,KAAV,EAAiB;AAC/B,QAAIkD,aAAa,GAAG7D,KAAK,CAAC0B,YAAN,KAAuB,SAAvB,GAChBf,KAAK,CAACqC,UAAN,GAAmBA,UAAU,GAAGF,SAAS,CAACJ,MAD1B,GAEhB/B,KAAK,CAACqC,UAFV;;AAGA,SAAK,IAAIP,CAAC,GAAG,CAAb,EAAgBA,CAAC,GAAG9B,KAAK,CAAC+B,MAA1B,EAAkCD,CAAC,EAAnC,EAAuC;AACnC,UAAIE,IAAI,GAAGhC,KAAK,CAAC8B,CAAD,CAAhB;AACA,UAAIG,SAAS,GAAG9C,QAAQ,CAAC6C,IAAD,CAAxB;AAEA,UAAImB,KAAK,GAAGlB,SAAS,CAACmB,SAAV,IAAuB/D,KAAK,CAACuB,UAAzC;;AAEA,UAAIoB,IAAI,KAAK,IAAb,EAAmB;AACfC,QAAAA,SAAS,CAACZ,SAAD,CAAT,GAAuB8B,KAAK,KAAK,SAAV,GAAsBD,aAAtB,GAAsC,CAA7D;AACH;;AAED,UAAIC,KAAK,KAAK,YAAd,EAA4B;AACxBlB,QAAAA,SAAS,CAACX,UAAD,CAAT,GAAwBG,SAAxB;AACAQ,QAAAA,SAAS,CAACV,QAAD,CAAT,GAAsBU,SAAS,CAACX,UAAD,CAAT,GAAwBE,SAAS,GAAGS,SAAS,CAACZ,SAAD,CAAnE;AACH;;AAED,UAAI8B,KAAK,KAAK,UAAd,EAA0B;AACtBlB,QAAAA,SAAS,CAACV,QAAD,CAAT,GAAsBE,SAAS,GAAGD,SAAS,GAAG0B,aAA9C;AACAjB,QAAAA,SAAS,CAACX,UAAD,CAAT,GAAwBW,SAAS,CAACV,QAAD,CAAT,GAAsBC,SAAS,GAAGS,SAAS,CAACZ,SAAD,CAAnE;AACH;;AAED,UAAI8B,KAAK,KAAK,QAAd,EAAwB;AACpBlB,QAAAA,SAAS,CAACX,UAAD,CAAT,GAAwBG,SAAS,GAAGD,SAAS,IAAI0B,aAAa,GAAGjB,SAAS,CAACZ,SAAD,CAAT,GAAuB,CAA3C,CAA7C;AACAY,QAAAA,SAAS,CAACV,QAAD,CAAT,GAAsBU,SAAS,CAACX,UAAD,CAAT,GAAwBE,SAAS,GAAGS,SAAS,CAACZ,SAAD,CAAnE;AACH;;AAED,UAAI8B,KAAK,KAAK,SAAd,EAAyB;AACrBlB,QAAAA,SAAS,CAACX,UAAD,CAAT,GAAwBG,SAAxB;AACAQ,QAAAA,SAAS,CAACV,QAAD,CAAT,GAAsBU,SAAS,CAACX,UAAD,CAAT,GAAwBE,SAAS,IAAKS,SAAS,CAACZ,SAAD,CAAT,KAAyB,IAAzB,IAAiCY,SAAS,CAACZ,SAAD,CAAT,KAA0B,KAAK,CAAjE,GAAuEY,SAAS,CAACZ,SAAD,CAAhF,GAA8F6B,aAAlG,CAAvD;AACAjB,QAAAA,SAAS,CAACZ,SAAD,CAAT,GAAuBG,SAAS,IAAIS,SAAS,CAACV,QAAD,CAAT,GAAsBU,SAAS,CAACX,UAAD,CAAnC,CAAhC;AACH;AACJ;;AACDG,IAAAA,SAAS,IAAID,SAAS,IAAI0B,aAAa,GAAGF,IAApB,CAAtB;AACH,GApCD;AAqCH;;AAEDK,MAAM,CAACC,OAAP,GAAiBzD,MAAjB;AAEA;AACA;AACA;AACA;AACA;AACA;AACA;AACA;AACA;AACA;AACA;AACA;AACA;AACA;AACA;AACA;AACA;AACA;AACA;AACA","sourceRoot":"D:\\winter-study\\Frontend-05-Template\\Week 18\\parser\\src\\","sourcesContent":["function getStyle (element) {\r\n    if (!element.style)\r\n        element.style = {}\r\n    for (let prop in element.computedStyle) {\r\n        let p = element.computedStyle.value\r\n        element.style[prop] = element.computedStyle[prop].value\r\n\r\n        if (element.style[prop].toString().match(/px$/)) {\r\n            element.style[prop] = parseInt(element.style[prop])\r\n        }\r\n    \r\n        if (element.style[prop].toString().match(/^[0-9\\.]+$/)) {\r\n            element.style[prop] = parseInt(element.style[prop])\r\n        }\r\n    }\r\n\r\n    return element.style\r\n}\r\n\r\nfunction layout (element) {\r\n    if (!element.computedStyle)\r\n        return\r\n\r\n    var elementStyle = getStyle(element)\r\n\r\n    if (elementStyle.display !== 'flex')\r\n        return\r\n\r\n    var items = element.children.filter(e => e.type === 'element')\r\n\r\n    items.sort(function (a, b) {\r\n        return (a.order || 0) - (b.order || 0)\r\n    })\r\n\r\n    var style = elementStyle\r\n\r\n    ['width', 'height'].forEach(size => {\r\n        if (style[size] === 'auto' || style[size] === '') {\r\n            style[size] = null\r\n        }       \r\n    })\r\n\r\n    if (!style.flexDirection || style.flexDirection === 'auto')\r\n        style.flexDirection = 'row'\r\n    if (!style.alignItems || style.alignItems === 'auto')\r\n        style.alignItems = 'stretch'\r\n    if (!style.justifyContent || style.justifyContent === 'auto')\r\n        style.justifyContent = 'flex-start'\r\n    if (!style.flexWrap || style.flexWrap === 'auto')\r\n        style.flexWrap = 'nowrap'\r\n    if (!style.alignContent || style.alignContent === 'auto')\r\n        style.alignContent = 'stretch'\r\n\r\n    var mainSize, mainStart, mainEnd, mainSign, mainBase,\r\n        crossSize, crossStart, crossEnd, crossSign, crossBase\r\n    if (style.flexDirection === 'row') {\r\n        mainSize = 'width'\r\n        mainStart = 'left'\r\n        mainEnd = 'right'\r\n        mainSign = +1\r\n        mainBase = 0\r\n        crossSize = 'height'\r\n        crossStart = 'top'\r\n        crossEnd = 'bottom'\r\n    }\r\n    if (style.flexDirection === 'row-reverse') {\r\n        mainSize = 'width'\r\n        mainStart = 'right'\r\n        mainEnd = 'left'\r\n        mainSign = -1\r\n        mainBase = style.width\r\n        crossSize = 'height'\r\n        crossStart = 'top'\r\n        crossEnd = 'bottom'\r\n    }\r\n    if (style.flexDirection === 'column') {\r\n        mainSize = 'height'\r\n        mainStart = 'top'\r\n        mainEnd = 'bottom'\r\n        mainSign = +1\r\n        mainBase = 0\r\n        crossSize = 'width'\r\n        crossStart = 'left'\r\n        crossEnd = 'right'\r\n    }\r\n    if (style.flexDirection === 'column-reverse') {\r\n        mainSize = 'height'\r\n        mainStart = 'bottom'\r\n        mainEnd = 'top'\r\n        mainSign = -1\r\n        mainBase = style.height\r\n        crossSize = 'width'\r\n        crossStart = 'left'\r\n        crossEnd = 'right'\r\n    }\r\n\r\n    // 交叉轴只受wrap-reverse的影响\r\n    if (style.flexWrap === 'wrap-reverse') {\r\n        var tmp = crossStart\r\n        crossStart = crossEnd\r\n        crossEnd = tmp\r\n        crossSign = -1\r\n    } else {\r\n        crossBase = 0\r\n        crossSign = +1\r\n    }\r\n\r\n    var isAutoMainSize = false\r\n    if (!style[mainSize]) {\r\n        elementStyle[mainSize] = 0\r\n        for (var i = 0; i< items.length; i++) {\r\n            var item = items[i]\r\n            var itemStyle = getStyle(item)\r\n            if (itemStyle[mainSize] !== null && itemStyle[mainSize] !== (void 0)) {\r\n                elementStyle[mainSize] += itemStyle[mainSize]\r\n            }\r\n        }\r\n        isAutoMainSize = true\r\n    }\r\n\r\n    var flexLine = []\r\n    var flexLines = [flexLine]\r\n\r\n    var mainSpace = elementStyle[mainSize]\r\n    var crossSpace = 0\r\n\r\n    for (var i = 0; i < items.length; i++) {\r\n        var item = items[i]\r\n        var itemStyle = getStyle(item)\r\n\r\n        if (itemStyle[mainSize] === null) {\r\n            itemStyle[mainSize] = 0\r\n        }\r\n\r\n        if (itemStyle.flex) {\r\n            flexLine.push(item)\r\n        } else if (style.flexWrap === 'nowrap' && isAutoMainSize) {\r\n            mainSpace -= itemStyle[mainSize]\r\n            if (itemStyle[crossSize] !== null && itemStyle[crossSize] !== (void 0)) {\r\n                crossSpace = Math.max(crossSpace, itemStyle[crossSpace])\r\n            }\r\n            flexLine.push(item)\r\n        } else {\r\n            if (itemStyle[mainSize] > style[mainSize]) {\r\n                itemStyle[mainSize] = style[mainSize]\r\n            }\r\n            if (mainSpace < itemStyle[main]) {\r\n                flexLine.mainSpace = mainSpace\r\n                flexLine.crossSpace = crossSpace\r\n                flexLine = [item]\r\n                flexLines.push(flexLine)\r\n                // reset mainSpace crossSpace\r\n                mainSpace = style[mainSize]\r\n                crossSpace = 0\r\n            } else {\r\n                flexLine.push(item)\r\n            }\r\n            if (itemStyle[crossSize] !== null && itemStyle[crossSize] !== (void 0)) {\r\n                crossSpace = Math.max(crossSpace, itemStyle[crossSpace])\r\n            }\r\n            mainSpace -= itemStyle[mainSize]\r\n        }\r\n    }\r\n    // 主轴方向的计算主要是分配mainSpace\r\n    flexLine.mainSpace = mainSpace\r\n\r\n    console.info(items)\r\n    if (style.flexWrap === 'nowrap' || isAutoMainSize) {\r\n        flexLine.crossSpace = (style[crossSize] !== (void 0)) ? style[crossSize] : crossSpace\r\n    } else {\r\n        flexLine.crossSpace = crossSpace\r\n    }\r\n\r\n    if (mainSpace < 0) {\r\n        // 等比压缩\r\n        var scale = style[mainSize] / (style[mainSize] - mainSpace)\r\n        var currentMain = mainBase\r\n        for (var i = 0; i < items.length; i++) {\r\n            var item = items[i]\r\n            var itemStyle = getStyle(item)\r\n\r\n            if (itemStyle.flex) {\r\n                itemStyle[mainSize] = 0\r\n            }\r\n\r\n            itemStyle[mainSize] = mainSize * scale\r\n\r\n            itemStyle[mainStart] = currentMain\r\n            itemStyle[mainEnd] = itemStyle[mainStart] + mainSign * itemStyle[mainSize]\r\n            currentMain = itemStyle[mainEnd]\r\n        }\r\n    } else {\r\n        flexLines.forEach(function (items) {\r\n            var mainSpace = mainSpace\r\n            var flexTotal = 0\r\n            for (var i = 0; i < items.length; i++) {\r\n                var item = items[i]\r\n                var itemStyle = getStyle(item)\r\n\r\n                if (itemStyle.flex !== null && itemStyle.flex !== (void 0)) {\r\n                    flexTotal += itemStyle.flex\r\n                    continue\r\n                }\r\n            }\r\n\r\n            if (flexTotal > 0) {\r\n                var currentMain = mainBase\r\n                for (var i = 0; i < items.length; i++) {\r\n                    var item = items[i]\r\n                    var itemStyle = getStyle(item)\r\n                     if (itemStyle.flex) {\r\n                         itemStyle[mainSize] = (mainSpace / flexTotal) * itemStyle.flex\r\n                     }\r\n                     itemStyle[mainStart] = currentMain\r\n                     itemStyle[mainEnd] = itemStyle[mainStart] + mainSign * itemStyle[mainSize]\r\n                     currentMain = itemStyle[mainEnd]\r\n                }\r\n            } else {\r\n                if (style.justifyContent === 'flex-start') {\r\n                    var currentMain = mainBase\r\n                    var step = 0\r\n                }\r\n                if (style.justifyContent === 'flex-end') {\r\n                    var currentMain = mainSpace * mainSign + mainBase\r\n                    var step = 0\r\n                }\r\n                if (style.justifyContent === 'center') {\r\n                    var currentMain = mainSpace / 2 * mainSign + mainBase\r\n                    var step = 0\r\n                }\r\n                if (style.justifyContent === 'space-between') {\r\n                    var step = mainSpace / (items.length - 1) + mainBase\r\n                    var currentMain = mainBase\r\n                }\r\n                if (style.justifyContent === 'space-around') {\r\n                    var step = mainSpace / items.length + mainBase\r\n                    var currentMain = step / 2 + mainBase\r\n                }\r\n                for (var i = 0; i < items.length; i++) {\r\n                    var item = items[i]\r\n                    var itemStyle = getStyle(item)\r\n                    itemStyle[mainStart] = currentMain\r\n                    itemStyle[mainEnd] = itemStyle[mainStart] + mainSign * itemStyle[mainSize]\r\n                    currentMain = itemStyle[mainEnd] + step\r\n                }\r\n            }\r\n        })\r\n    }\r\n\r\n    // 交叉轴方向的计算\r\n    var crossSpace\r\n    if (!style[crossSpace]) {\r\n        crossSpace = 0\r\n        elementStyle[crossSize] = 0\r\n        for (var i = 0; i < flexLines.length; i++) {\r\n            elementStyle[crossSize] = elementStyle[crossSize] + flexLines[i].crossSize\r\n        }\r\n    } else {\r\n        crossSpace = style[crossSize]\r\n        for (var i = 0; i < flexLines.length; i++) {\r\n            crossSpace -= flexLines[i].crossSpace\r\n        }\r\n    }\r\n\r\n    if (style.flexWrap === 'wrap-reverse') {\r\n        crossBase = style[crossSize]\r\n    } else {\r\n        crossBase = 0\r\n    }\r\n\r\n    var lineSize = style[crossSize] / flexLines.length\r\n    var step\r\n    if (style.alignContent === 'flex-start') {\r\n        crossBase += 0\r\n        step = 0\r\n    }\r\n    if (style.alignContent === 'flex-end') {\r\n        crossBase += crossSign * crossSpace\r\n        step = 0\r\n    }\r\n    if (style.alignContent === 'center') {\r\n        crossBase += crossSign * crossSpace / 2\r\n        step = 0\r\n    }\r\n    if (style.alignContent === 'space-between') {\r\n        crossBase += 0\r\n        step = crossSpace / (flexLines.length - 1)\r\n    }\r\n    if (style.alignContent === 'space-around') {\r\n        step = crossSpace / flexLines.length\r\n        crossBase += crossSign * step / 2\r\n    }\r\n    if (style.alignContent === 'stretch') {\r\n        crossBase += 0\r\n        step = 0\r\n    }\r\n    flexLines.forEach(function (items) {\r\n        var lineCrossSize = style.alignContent === 'stretch' ?\r\n            items.crossSpace + crossSpace / flexLines.length :\r\n            items.crossSpace\r\n        for (var i = 0; i < items.length; i++) {\r\n            var item = items[i]\r\n            var itemStyle = getStyle(item)\r\n\r\n            var align = itemStyle.alignSelf || style.alignItems\r\n\r\n            if (item === null) {\r\n                itemStyle[crossSize] = align === 'stretch' ? lineCrossSize : 0\r\n            }\r\n\r\n            if (align === 'flex-start') {\r\n                itemStyle[crossStart] = crossBase\r\n                itemStyle[crossEnd] = itemStyle[crossStart] + crossSign * itemStyle[crossSize]\r\n            }\r\n\r\n            if (align === 'flex-end') {\r\n                itemStyle[crossEnd] = crossBase + crossSign * lineCrossSize\r\n                itemStyle[crossStart] = itemStyle[crossEnd] + crossSign * itemStyle[crossSize]\r\n            }\r\n\r\n            if (align === 'center') {\r\n                itemStyle[crossStart] = crossBase + crossSign * (lineCrossSize - itemStyle[crossSize] / 2)\r\n                itemStyle[crossEnd] = itemStyle[crossStart] + crossSign * itemStyle[crossSize]\r\n            }\r\n\r\n            if (align === 'stretch') {\r\n                itemStyle[crossStart] = crossBase\r\n                itemStyle[crossEnd] = itemStyle[crossStart] + crossSign * ((itemStyle[crossSize] !== null && itemStyle[crossSize] !== (void 0)) ? itemStyle[crossSize] : lineCrossSize)\r\n                itemStyle[crossSize] = crossSign * (itemStyle[crossEnd] - itemStyle[crossStart])\r\n            }\r\n        }\r\n        crossBase += crossSign * (lineCrossSize + step)\r\n    })\r\n}\r\n\r\nmodule.exports = layout\r\n\r\n/**\r\n * 一. 准备工作\r\n * 1.处理掉flexDirection 和 wrap相关的属性\r\n * 2.把具体的height，width等属性抽象成了main，cross相关的属性\r\n * \r\n * 二. 收集元素进行\r\n * 1.根据主轴尺寸，把元素进行分行\r\n * 2.若设置了no-wrap，强行分配进第一行\r\n * \r\n * 三. 计算主轴方向\r\n * 1.找出所有Flex元素\r\n * 2.把主轴方向的剩余尺寸按比例分配给这些元素\r\n * 3.若剩余空间为负数，所有flex元素为0，等比压缩剩余元素\r\n * \r\n * 四. 计算交叉轴方向\r\n * 1.根据每一行中最大元素尺寸计算行高\r\n * 2.根据行高flex-align 和 item-align，确定元素具体位置\r\n * \r\n * \r\n */"]},"_coverageSchema":"1a1c01bbd47fc00a2c39e90264f33305004495a9","hash":"5570793407dd50e7875a722d4a83eb0c138daf2b","contentHash":"04c1ea2880c667ae52767e0d29b35985dbd686e2c955b3346945a90fe3d85273"}}